<?xml version="1.0" encoding="UTF-8" standalone="no"?>
<!DOCTYPE log SYSTEM "logger.dtd">
<log>
<record>
  <date>2020-12-21T18:26:16</date>
  <millis>1608549976893</millis>
  <sequence>0</sequence>
  <level>START</level>
  <class>com.kms.katalon.core.logging.XmlKeywordLogger</class>
  <method>startSuite</method>
  <thread>1</thread>
  <message>Start Test Suite : Test Suites/CONTRACT_DISPATCHER_TWO_WHEELERS/Try</message>
  <nestedLevel>0</nestedLevel>
  <property name="name">Try</property>
  <property name="description"></property>
  <property name="id">Test Suites/CONTRACT_DISPATCHER_TWO_WHEELERS/Try</property>
  <property name="stopImmediately">false</property>
</record>
<record>
  <date>2020-12-21T18:26:16</date>
  <millis>1608549976906</millis>
  <sequence>1</sequence>
  <level>RUN_DATA</level>
  <class>com.kms.katalon.core.logging.XmlKeywordLogger</class>
  <method>logMessage</method>
  <thread>1</thread>
  <message>hostName = chaidir.pratama01 - localhost</message>
  <nestedLevel>0</nestedLevel>
  <property name="hostName">chaidir.pratama01 - localhost</property>
</record>
<record>
  <date>2020-12-21T18:26:16</date>
  <millis>1608549976906</millis>
  <sequence>2</sequence>
  <level>RUN_DATA</level>
  <class>com.kms.katalon.core.logging.XmlKeywordLogger</class>
  <method>logMessage</method>
  <thread>1</thread>
  <message>os = Mac OS X 64bit</message>
  <nestedLevel>0</nestedLevel>
  <property name="os">Mac OS X 64bit</property>
</record>
<record>
  <date>2020-12-21T18:26:16</date>
  <millis>1608549976910</millis>
  <sequence>3</sequence>
  <level>RUN_DATA</level>
  <class>com.kms.katalon.core.logging.XmlKeywordLogger</class>
  <method>logMessage</method>
  <thread>1</thread>
  <message>hostAddress = 127.0.0.1</message>
  <nestedLevel>0</nestedLevel>
  <property name="hostAddress">127.0.0.1</property>
</record>
<record>
  <date>2020-12-21T18:26:16</date>
  <millis>1608549976911</millis>
  <sequence>4</sequence>
  <level>RUN_DATA</level>
  <class>com.kms.katalon.core.logging.XmlKeywordLogger</class>
  <method>logMessage</method>
  <thread>1</thread>
  <message>katalonVersion = 7.6.0.${buildNumber}</message>
  <nestedLevel>0</nestedLevel>
  <property name="katalonVersion">7.6.0.${buildNumber}</property>
</record>
<record>
  <date>2020-12-21T18:26:16</date>
  <millis>1608549976914</millis>
  <sequence>5</sequence>
  <level>START</level>
  <class>com.kms.katalon.core.logging.XmlKeywordLogger</class>
  <method>startKeyword</method>
  <thread>1</thread>
  <message>Start listener action : beforeExportKatalonReports</message>
  <nestedLevel>0</nestedLevel>
</record>
<record>
  <date>2020-12-21T18:26:16</date>
  <millis>1608549976921</millis>
  <sequence>7</sequence>
  <level>INFO</level>
  <class>com.kms.katalon.core.logging.XmlKeywordLogger</class>
  <method>logMessage</method>
  <thread>1</thread>
  <message>This Katalon Studio version has been deprecated. Please upgrade Katalon Studio to the latest version.</message>
  <nestedLevel>0</nestedLevel>
</record>
<record>
  <date>2020-12-21T18:26:16</date>
  <millis>1608549976921</millis>
  <sequence>9</sequence>
  <level>END</level>
  <class>com.kms.katalon.core.logging.XmlKeywordLogger</class>
  <method>endKeyword</method>
  <thread>1</thread>
  <message>End listener action : beforeExportKatalonReports</message>
  <nestedLevel>0</nestedLevel>
</record>
<record>
  <date>2020-12-21T18:26:17</date>
  <millis>1608549977060</millis>
  <sequence>10</sequence>
  <level>START</level>
  <class>com.kms.katalon.core.logging.XmlKeywordLogger</class>
  <method>startTest</method>
  <thread>1</thread>
  <message>Start Test Case : Test Cases/IST_Real/CONTRACT_DISPATCHER_TWO_WHEELERS/Update_Tbl_CDS_CDC</message>
  <nestedLevel>1</nestedLevel>
  <property name="name">Test Cases/IST_Real/CONTRACT_DISPATCHER_TWO_WHEELERS/Update_Tbl_CDS_CDC</property>
  <property name="description"></property>
  <property name="id">Test Cases/IST_Real/CONTRACT_DISPATCHER_TWO_WHEELERS/Update_Tbl_CDS_CDC</property>
  <property name="source">\\Users\\chaidir.pratama01\\Katalon Studio\\IST_Automation_Git\\Test Cases\\IST_Real\\CONTRACT_DISPATCHER_TWO_WHEELERS\\Update_Tbl_CDS_CDC.tc</property>
  <property name="tag"></property>
  <property name="isOptional">false</property>
</record>
<record>
  <date>2020-12-21T18:26:17</date>
  <millis>1608549977233</millis>
  <sequence>12</sequence>
  <level>START</level>
  <class>com.kms.katalon.core.logging.XmlKeywordLogger</class>
  <method>startKeyword</method>
  <thread>1</thread>
  <message>Start action : runFeatureFile(\&amp;quot;Include/features/IST_Real/CONTRACT_DISPATCHER_TWO_WHEELERS/Update_Tbl_CDS_CDC_TRKRegMistake.feature\&amp;quot;)</message>
  <nestedLevel>1</nestedLevel>
  <property name="startLine">18</property>
  <property name="stepIndex">1</property>
</record>
<record>
  <date>2020-12-21T18:26:17</date>
  <millis>1608549977309</millis>
  <sequence>13</sequence>
  <level>INFO</level>
  <class>com.kms.katalon.core.logging.XmlKeywordLogger</class>
  <method>logMessage</method>
  <thread>1</thread>
  <message>Starting run keyword runFeatureFile: &amp;apos;Include/features/IST_Real/CONTRACT_DISPATCHER_TWO_WHEELERS/Update_Tbl_CDS_CDC_TRKRegMistake.feature&amp;apos; and extract report to folder: &amp;apos;/Users/chaidir.pratama01/Katalon Studio/IST_Automation_Git/Reports/20201221_181020/CONTRACT_DISPATCHER_TWO_WHEELERS/Try/20201221_181021/cucumber_report/1608549977304&amp;apos;...</message>
  <nestedLevel>1</nestedLevel>
</record>
<record>
  <date>2020-12-21T18:26:17</date>
  <millis>1608549977785</millis>
  <sequence>14</sequence>
  <level>START</level>
  <class>com.kms.katalon.core.logging.XmlKeywordLogger</class>
  <method>startTest</method>
  <thread>1</thread>
  <message>Start Test Case : SCENARIO Update Table CONTRACT_DISPATCHER_SOURCE and CONTRACT_DISPTACHER_CLAIM</message>
  <nestedLevel>2</nestedLevel>
</record>
<record>
  <date>2020-12-21T18:26:17</date>
  <millis>1608549977787</millis>
  <sequence>15</sequence>
  <level>START</level>
  <class>com.kms.katalon.core.logging.XmlKeywordLogger</class>
  <method>startKeyword</method>
  <thread>1</thread>
  <message>Start action : Connect to Database</message>
  <nestedLevel>2</nestedLevel>
</record>
<record>
  <date>2020-12-21T18:26:19</date>
  <millis>1608549979202</millis>
  <sequence>16</sequence>
  <level>PASSED</level>
  <class>com.kms.katalon.core.logging.XmlKeywordLogger</class>
  <method>logMessage</method>
  <thread>1</thread>
  <message>Connect to Database</message>
  <nestedLevel>2</nestedLevel>
</record>
<record>
  <date>2020-12-21T18:26:19</date>
  <millis>1608549979202</millis>
  <sequence>17</sequence>
  <level>END</level>
  <class>com.kms.katalon.core.logging.XmlKeywordLogger</class>
  <method>endKeyword</method>
  <thread>1</thread>
  <message>End End action : Connect to Database</message>
  <nestedLevel>2</nestedLevel>
</record>
<record>
  <date>2020-12-21T18:26:19</date>
  <millis>1608549979203</millis>
  <sequence>18</sequence>
  <level>START</level>
  <class>com.kms.katalon.core.logging.XmlKeywordLogger</class>
  <method>startKeyword</method>
  <thread>1</thread>
  <message>Start action : Update Tbl CONTRACT DISPATCHER SOURCE To Change PROCESSED From Y to N For TWO WHEELERS</message>
  <nestedLevel>2</nestedLevel>
</record>
<record>
  <date>2020-12-21T18:26:19</date>
  <millis>1608549979569</millis>
  <sequence>19</sequence>
  <level>PASSED</level>
  <class>com.kms.katalon.core.logging.XmlKeywordLogger</class>
  <method>logMessage</method>
  <thread>1</thread>
  <message>Update Tbl CONTRACT DISPATCHER SOURCE To Change PROCESSED From Y to N For TWO WHEELERS</message>
  <nestedLevel>2</nestedLevel>
</record>
<record>
  <date>2020-12-21T18:26:19</date>
  <millis>1608549979570</millis>
  <sequence>20</sequence>
  <level>END</level>
  <class>com.kms.katalon.core.logging.XmlKeywordLogger</class>
  <method>endKeyword</method>
  <thread>1</thread>
  <message>End End action : Update Tbl CONTRACT DISPATCHER SOURCE To Change PROCESSED From Y to N For TWO WHEELERS</message>
  <nestedLevel>2</nestedLevel>
</record>
<record>
  <date>2020-12-21T18:26:19</date>
  <millis>1608549979570</millis>
  <sequence>21</sequence>
  <level>START</level>
  <class>com.kms.katalon.core.logging.XmlKeywordLogger</class>
  <method>startKeyword</method>
  <thread>1</thread>
  <message>Start action : Update Tbl CONTRACT DISPATCHER CLAIM To Delete PROCESS From Column STATUS</message>
  <nestedLevel>2</nestedLevel>
</record>
<record>
  <date>2020-12-21T18:26:19</date>
  <millis>1608549979839</millis>
  <sequence>22</sequence>
  <level>PASSED</level>
  <class>com.kms.katalon.core.logging.XmlKeywordLogger</class>
  <method>logMessage</method>
  <thread>1</thread>
  <message>Update Tbl CONTRACT DISPATCHER CLAIM To Delete PROCESS From Column STATUS</message>
  <nestedLevel>2</nestedLevel>
</record>
<record>
  <date>2020-12-21T18:26:19</date>
  <millis>1608549979840</millis>
  <sequence>23</sequence>
  <level>END</level>
  <class>com.kms.katalon.core.logging.XmlKeywordLogger</class>
  <method>endKeyword</method>
  <thread>1</thread>
  <message>End End action : Update Tbl CONTRACT DISPATCHER CLAIM To Delete PROCESS From Column STATUS</message>
  <nestedLevel>2</nestedLevel>
</record>
<record>
  <date>2020-12-21T18:26:19</date>
  <millis>1608549979841</millis>
  <sequence>24</sequence>
  <level>START</level>
  <class>com.kms.katalon.core.logging.XmlKeywordLogger</class>
  <method>startKeyword</method>
  <thread>1</thread>
  <message>Start action : Delete Contract From TRK_REGISTRATION_MISTAKE</message>
  <nestedLevel>2</nestedLevel>
</record>
<record>
  <date>2020-12-21T18:26:19</date>
  <millis>1608549979990</millis>
  <sequence>25</sequence>
  <level>PASSED</level>
  <class>com.kms.katalon.core.logging.XmlKeywordLogger</class>
  <method>logMessage</method>
  <thread>1</thread>
  <message>Delete Contract From TRK_REGISTRATION_MISTAKE</message>
  <nestedLevel>2</nestedLevel>
</record>
<record>
  <date>2020-12-21T18:26:19</date>
  <millis>1608549979990</millis>
  <sequence>26</sequence>
  <level>END</level>
  <class>com.kms.katalon.core.logging.XmlKeywordLogger</class>
  <method>endKeyword</method>
  <thread>1</thread>
  <message>End End action : Delete Contract From TRK_REGISTRATION_MISTAKE</message>
  <nestedLevel>2</nestedLevel>
</record>
<record>
  <date>2020-12-21T18:26:19</date>
  <millis>1608549979994</millis>
  <sequence>27</sequence>
  <level>PASSED</level>
  <class>com.kms.katalon.core.logging.XmlKeywordLogger</class>
  <method>logMessage</method>
  <thread>1</thread>
  <message>SCENARIO Update Table CONTRACT_DISPATCHER_SOURCE and CONTRACT_DISPTACHER_CLAIM</message>
  <nestedLevel>2</nestedLevel>
</record>
<record>
  <date>2020-12-21T18:26:19</date>
  <millis>1608549979995</millis>
  <sequence>28</sequence>
  <level>END</level>
  <class>com.kms.katalon.core.logging.XmlKeywordLogger</class>
  <method>endTest</method>
  <thread>1</thread>
  <message>End Test Case : SCENARIO Update Table CONTRACT_DISPATCHER_SOURCE and CONTRACT_DISPTACHER_CLAIM</message>
  <nestedLevel>1</nestedLevel>
</record>
<record>
  <date>2020-12-21T18:26:20</date>
  <millis>1608549980039</millis>
  <sequence>29</sequence>
  <level>PASSED</level>
  <class>com.kms.katalon.core.logging.XmlKeywordLogger</class>
  <method>logMessage</method>
  <thread>1</thread>
  <message>Feature file: &amp;apos;Include/features/IST_Real/CONTRACT_DISPATCHER_TWO_WHEELERS/Update_Tbl_CDS_CDC_TRKRegMistake.feature&amp;apos; was passed</message>
  <nestedLevel>1</nestedLevel>
</record>
<record>
  <date>2020-12-21T18:26:20</date>
  <millis>1608549980039</millis>
  <sequence>30</sequence>
  <level>END</level>
  <class>com.kms.katalon.core.logging.XmlKeywordLogger</class>
  <method>endKeyword</method>
  <thread>1</thread>
  <message>End action : runFeatureFile(\&amp;quot;Include/features/IST_Real/CONTRACT_DISPATCHER_TWO_WHEELERS/Update_Tbl_CDS_CDC_TRKRegMistake.feature\&amp;quot;)</message>
  <nestedLevel>1</nestedLevel>
</record>
<record>
  <date>2020-12-21T18:26:20</date>
  <millis>1608549980040</millis>
  <sequence>31</sequence>
  <level>PASSED</level>
  <class>com.kms.katalon.core.logging.XmlKeywordLogger</class>
  <method>logMessage</method>
  <thread>1</thread>
  <message>Test Cases/IST_Real/CONTRACT_DISPATCHER_TWO_WHEELERS/Update_Tbl_CDS_CDC</message>
  <nestedLevel>1</nestedLevel>
</record>
<record>
  <date>2020-12-21T18:26:20</date>
  <millis>1608549980040</millis>
  <sequence>32</sequence>
  <level>END</level>
  <class>com.kms.katalon.core.logging.XmlKeywordLogger</class>
  <method>endTest</method>
  <thread>1</thread>
  <message>End Test Case : Test Cases/IST_Real/CONTRACT_DISPATCHER_TWO_WHEELERS/Update_Tbl_CDS_CDC</message>
  <nestedLevel>0</nestedLevel>
</record>
<record>
  <date>2020-12-21T18:26:20</date>
  <millis>1608549980042</millis>
  <sequence>33</sequence>
  <level>START</level>
  <class>com.kms.katalon.core.logging.XmlKeywordLogger</class>
  <method>startKeyword</method>
  <thread>1</thread>
  <message>Start listener action : exportKatalonReports</message>
  <nestedLevel>0</nestedLevel>
</record>
<record>
  <date>2020-12-21T18:26:20</date>
  <millis>1608549980042</millis>
  <sequence>35</sequence>
  <level>INFO</level>
  <class>com.kms.katalon.core.logging.XmlKeywordLogger</class>
  <method>logMessage</method>
  <thread>1</thread>
  <message>This Katalon Studio version has been deprecated. Please upgrade Katalon Studio to the latest version.</message>
  <nestedLevel>0</nestedLevel>
</record>
<record>
  <date>2020-12-21T18:26:20</date>
  <millis>1608549980220</millis>
  <sequence>100</sequence>
  <level>INFO</level>
  <class>com.kms.katalon.core.logging.XmlKeywordLogger</class>
  <method>logMessage</method>
  <thread>1</thread>
  <message>Start generating HTML report folder at: /Users/chaidir.pratama01/Katalon Studio/IST_Automation_Git/Reports/20201221_181020/CONTRACT_DISPATCHER_TWO_WHEELERS/Try/20201221_181021...</message>
  <nestedLevel>0</nestedLevel>
</record>
<record>
  <date>2020-12-21T18:26:20</date>
  <millis>1608549980228</millis>
  <sequence>101</sequence>
  <level>INFO</level>
  <class>com.kms.katalon.core.logging.XmlKeywordLogger</class>
  <method>logMessage</method>
  <thread>1</thread>
  <message>HTML report generated</message>
  <nestedLevel>0</nestedLevel>
</record>
<record>
  <date>2020-12-21T18:26:20</date>
  <millis>1608549980228</millis>
  <sequence>102</sequence>
  <level>INFO</level>
  <class>com.kms.katalon.core.logging.XmlKeywordLogger</class>
  <method>logMessage</method>
  <thread>1</thread>
  <message>Start generating CSV report folder at: /Users/chaidir.pratama01/Katalon Studio/IST_Automation_Git/Reports/20201221_181020/CONTRACT_DISPATCHER_TWO_WHEELERS/Try/20201221_181021...</message>
  <nestedLevel>0</nestedLevel>
</record>
<record>
  <date>2020-12-21T18:26:20</date>
  <millis>1608549980237</millis>
  <sequence>103</sequence>
  <level>INFO</level>
  <class>com.kms.katalon.core.logging.XmlKeywordLogger</class>
  <method>logMessage</method>
  <thread>1</thread>
  <message>CSV report generated</message>
  <nestedLevel>0</nestedLevel>
</record>
<record>
  <date>2020-12-21T18:26:20</date>
  <millis>1608549980237</millis>
  <sequence>104</sequence>
  <level>INFO</level>
  <class>com.kms.katalon.core.logging.XmlKeywordLogger</class>
  <method>logMessage</method>
  <thread>1</thread>
  <message>Start generating JUnit report folder at: /Users/chaidir.pratama01/Katalon Studio/IST_Automation_Git/Reports/20201221_181020/CONTRACT_DISPATCHER_TWO_WHEELERS/Try/20201221_181021...</message>
  <nestedLevel>0</nestedLevel>
</record>
<record>
  <date>2020-12-21T18:26:20</date>
  <millis>1608549980318</millis>
  <sequence>105</sequence>
  <level>INFO</level>
  <class>com.kms.katalon.core.logging.XmlKeywordLogger</class>
  <method>logMessage</method>
  <thread>1</thread>
  <message>JUnit report generated</message>
  <nestedLevel>0</nestedLevel>
</record>
<record>
  <date>2020-12-21T18:26:20</date>
  <millis>1608549980319</millis>
  <sequence>106</sequence>
  <level>INFO</level>
  <class>com.kms.katalon.core.logging.XmlKeywordLogger</class>
  <method>logMessage</method>
  <thread>1</thread>
  <message>Start generating PDF report folder at: /Users/chaidir.pratama01/Katalon Studio/IST_Automation_Git/Reports/20201221_181020/CONTRACT_DISPATCHER_TWO_WHEELERS/Try/20201221_181021...</message>
  <nestedLevel>0</nestedLevel>
</record>
<record>
  <date>2020-12-21T18:26:22</date>
  <millis>1608549982983</millis>
  <sequence>111</sequence>
  <level>WARNING</level>
  <class>com.kms.katalon.core.logging.XmlKeywordLogger</class>
  <method>logMessage</method>
  <thread>1</thread>
  <message>com.kms.katalon.core.pdf.exception.JasperReportException: Unable to export pdf to location: /Users/chaidir.pratama01/Katalon Studio/IST_Automation_Git/Reports/20201221_181020/CONTRACT_DISPATCHER_TWO_WHEELERS/Try/20201221_181021/20201221_181021.pdf\n\tat com.kms.katalon.core.pdf.AbstractPdfReportGenerator.exportToPDF(AbstractPdfReportGenerator.java:95)\n\tat com.kms.katalon.core.reporting.ReportWriterUtil.writePdfReport(ReportWriterUtil.java:153)\n\tat com.kms.katalon.core.reporting.ReportWriterUtil$writePdfReport$3.call(Unknown Source)\n\tat KatalonReportListener.exportKatalonReports(KatalonReportListener.groovy:54)\n\tat KatalonReportListener.invokeMethod(KatalonReportListener.groovy)\n\tat com.kms.katalon.core.context.internal.TestHooker.invokeMethod(TestHooker.java:111)\n\tat com.kms.katalon.core.context.internal.TestHooker.lambda$3(TestHooker.java:95)\n\tat com.kms.katalon.core.context.internal.TestHooker.invokeContextMethods(TestHooker.java:94)\n\tat com.kms.katalon.core.context.internal.TestListenerCollector.lambda$3(TestListenerCollector.java:88)\n\tat com.kms.katalon.core.context.internal.TestListenerCollector.handleListenerEvent(TestListenerCollector.java:85)\n\tat com.kms.katalon.core.context.internal.ExecutionEventManager.publicEvent(ExecutionEventManager.java:36)\n\tat com.kms.katalon.core.main.TestSuiteExecutor.execute(TestSuiteExecutor.java:98)\n\tat com.kms.katalon.core.main.TestCaseMain.startTestSuite(TestCaseMain.java:157)\n\tat com.kms.katalon.core.main.TestCaseMain$startTestSuite$0.call(Unknown Source)\n\tat TempTestSuite1608549021818.run(TempTestSuite1608549021818.groovy:39)\nCaused by: net.sf.jasperreports.engine.fill.JRExpressionEvalException: Error evaluating expression for source text: net.sf.jasperreports.engine.JasperCompileManager.compileReport(com.kms.katalon.core.pdf.ResourceUtil.getResourceAsInputStream(com.kms.katalon.core.pdf.AbstractPdfReportGenerator.class, $P{TEST_CASE_TPL}))\n\tat net.sf.jasperreports.engine.fill.JREvaluator.evaluate(JREvaluator.java:291)\n\tat net.sf.jasperreports.engine.fill.JRCalculator.evaluate(JRCalculator.java:618)\n\tat net.sf.jasperreports.engine.fill.JRCalculator.evaluate(JRCalculator.java:586)\n\tat net.sf.jasperreports.engine.fill.JRFillElement.evaluateExpression(JRFillElement.java:1020)\n\tat net.sf.jasperreports.engine.fill.JRFillSubreport.evaluateReport(JRFillSubreport.java:360)\n\tat net.sf.jasperreports.engine.fill.JRFillSubreport.evaluateSubreport(JRFillSubreport.java:437)\n\tat net.sf.jasperreports.engine.fill.JRFillSubreport.evaluate(JRFillSubreport.java:351)\n\tat net.sf.jasperreports.engine.fill.JRFillElementContainer.evaluate(JRFillElementContainer.java:281)\n\tat net.sf.jasperreports.engine.fill.JRFillBand.evaluate(JRFillBand.java:504)\n\tat net.sf.jasperreports.engine.fill.JRVerticalFiller.fillSummaryNoLastFooterNewPage(JRVerticalFiller.java:1183)\n\tat net.sf.jasperreports.engine.fill.JRVerticalFiller.fillSummary(JRVerticalFiller.java:1033)\n\tat net.sf.jasperreports.engine.fill.JRVerticalFiller.fillReportEnd(JRVerticalFiller.java:290)\n\tat net.sf.jasperreports.engine.fill.JRVerticalFiller.fillReport(JRVerticalFiller.java:126)\n\tat net.sf.jasperreports.engine.fill.JRBaseFiller.fill(JRBaseFiller.java:558)\n\tat net.sf.jasperreports.engine.fill.BaseReportFiller.fill(BaseReportFiller.java:414)\n\tat net.sf.jasperreports.engine.fill.JRFiller.fill(JRFiller.java:122)\n\tat net.sf.jasperreports.engine.JasperFillManager.fill(JasperFillManager.java:667)\n\tat net.sf.jasperreports.engine.JasperFillManager.fillReport(JasperFillManager.java:983)\n\tat com.kms.katalon.core.pdf.AbstractPdfReportGenerator.exportToPDF(AbstractPdfReportGenerator.java:89)\n\t... 14 more\nCaused by: java.lang.NoClassDefFoundError: org/eclipse/core/runtime/Plugin\n\tat org.codehaus.jdt.groovy.integration.LanguageSupportFactory.tryInstantiate(LanguageSupportFactory.java:143)\n\tat org.codehaus.jdt.groovy.integration.LanguageSupportFactory.getLanguageSupport(LanguageSupportFactory.java:128)\n\tat org.codehaus.jdt.groovy.integration.LanguageSupportFactory.getParser(LanguageSupportFactory.java:57)\n\tat org.eclipse.jdt.internal.compiler.Compiler.initializeParser(Compiler.java:836)\n\tat org.eclipse.jdt.internal.compiler.Compiler.&amp;lt;init&amp;gt;(Compiler.java:300)\n\tat org.eclipse.jdt.internal.compiler.Compiler.&amp;lt;init&amp;gt;(Compiler.java:114)\n\tat net.sf.jasperreports.engine.design.JRJdtCompiler.compileUnits(JRJdtCompiler.java:167)\n\tat net.sf.jasperreports.engine.design.JRAbstractCompiler.compileReport(JRAbstractCompiler.java:212)\n\tat net.sf.jasperreports.engine.JasperCompileManager.compile(JasperCompileManager.java:357)\n\tat net.sf.jasperreports.engine.JasperCompileManager.compile(JasperCompileManager.java:343)\n\tat net.sf.jasperreports.engine.JasperCompileManager.compileReport(JasperCompileManager.java:608)\n\tat net.sf.jasperreports.engine.JasperCompileManager$compileReport.call(Unknown Source)\n\tat User32Overview_1608549981116_367037.evaluate(calculator_User32Overview_1608549981116_367037:280)\n\tat net.sf.jasperreports.engine.fill.JREvaluator.evaluate(JREvaluator.java:277)\n\t... 32 more\nCaused by: java.lang.ClassNotFoundException: org.eclipse.core.runtime.Plugin\n\t... 46 more\n</message>
  <nestedLevel>0</nestedLevel>
</record>
<record>
  <date>2020-12-21T18:26:22</date>
  <millis>1608549982987</millis>
  <sequence>113</sequence>
  <level>END</level>
  <class>com.kms.katalon.core.logging.XmlKeywordLogger</class>
  <method>endKeyword</method>
  <thread>1</thread>
  <message>End listener action : exportKatalonReports</message>
  <nestedLevel>0</nestedLevel>
</record>
<record>
  <date>2020-12-21T18:26:23</date>
  <millis>1608549983023</millis>
  <sequence>114</sequence>
  <level>END</level>
  <class>com.kms.katalon.core.logging.XmlKeywordLogger</class>
  <method>endSuite</method>
  <thread>1</thread>
  <message>End Test Suite : Test Suites/CONTRACT_DISPATCHER_TWO_WHEELERS/Try</message>
  <nestedLevel>0</nestedLevel>
</record>
</log>