<?xml version="1.0" encoding="UTF-8" standalone="no"?>
<!DOCTYPE log SYSTEM "logger.dtd">
<log>
<record>
  <date>2020-08-19T09:51:46</date>
  <millis>1597805506125</millis>
  <sequence>0</sequence>
  <level>START</level>
  <class>com.kms.katalon.core.logging.XmlKeywordLogger</class>
  <method>startSuite</method>
  <thread>1</thread>
  <message>Start Test Suite : Test Suites/SLIK_GATEWAY_CUSTOMER/TS_SLIK_Gateway_Customer</message>
  <nestedLevel>0</nestedLevel>
  <property name="name">TS_SLIK_Gateway_Customer</property>
  <property name="description"></property>
  <property name="id">Test Suites/SLIK_GATEWAY_CUSTOMER/TS_SLIK_Gateway_Customer</property>
  <property name="stopImmediately">false</property>
</record>
<record>
  <date>2020-08-19T09:51:46</date>
  <millis>1597805506141</millis>
  <sequence>1</sequence>
  <level>RUN_DATA</level>
  <class>com.kms.katalon.core.logging.XmlKeywordLogger</class>
  <method>logMessage</method>
  <thread>1</thread>
  <message>hostName = chaidir.pratama01 - localhost</message>
  <nestedLevel>0</nestedLevel>
  <property name="hostName">chaidir.pratama01 - localhost</property>
</record>
<record>
  <date>2020-08-19T09:51:46</date>
  <millis>1597805506142</millis>
  <sequence>2</sequence>
  <level>RUN_DATA</level>
  <class>com.kms.katalon.core.logging.XmlKeywordLogger</class>
  <method>logMessage</method>
  <thread>1</thread>
  <message>os = Mac OS X 64bit</message>
  <nestedLevel>0</nestedLevel>
  <property name="os">Mac OS X 64bit</property>
</record>
<record>
  <date>2020-08-19T09:51:46</date>
  <millis>1597805506144</millis>
  <sequence>3</sequence>
  <level>RUN_DATA</level>
  <class>com.kms.katalon.core.logging.XmlKeywordLogger</class>
  <method>logMessage</method>
  <thread>1</thread>
  <message>hostAddress = 127.0.0.1</message>
  <nestedLevel>0</nestedLevel>
  <property name="hostAddress">127.0.0.1</property>
</record>
<record>
  <date>2020-08-19T09:51:46</date>
  <millis>1597805506146</millis>
  <sequence>4</sequence>
  <level>RUN_DATA</level>
  <class>com.kms.katalon.core.logging.XmlKeywordLogger</class>
  <method>logMessage</method>
  <thread>1</thread>
  <message>katalonVersion = 7.6.0.${buildNumber}</message>
  <nestedLevel>0</nestedLevel>
  <property name="katalonVersion">7.6.0.${buildNumber}</property>
</record>
<record>
  <date>2020-08-19T09:51:46</date>
  <millis>1597805506335</millis>
  <sequence>5</sequence>
  <level>START</level>
  <class>com.kms.katalon.core.logging.XmlKeywordLogger</class>
  <method>startTest</method>
  <thread>1</thread>
  <message>Start Test Case : Test Cases/IST_Real/SLIK/SLIK_Gateway_Customer/Delete_KTPNumber_From_DB</message>
  <nestedLevel>1</nestedLevel>
  <property name="name">Test Cases/IST_Real/SLIK/SLIK_Gateway_Customer/Delete_KTPNumber_From_DB</property>
  <property name="description"></property>
  <property name="id">Test Cases/IST_Real/SLIK/SLIK_Gateway_Customer/Delete_KTPNumber_From_DB</property>
  <property name="source">\\Users\\chaidir.pratama01\\Katalon Studio\\IST_Automation_Git\\Test Cases\\IST_Real\\SLIK\\SLIK_Gateway_Customer\\Delete_KTPNumber_From_DB.tc</property>
  <property name="tag"></property>
  <property name="isOptional">false</property>
</record>
<record>
  <date>2020-08-19T09:51:46</date>
  <millis>1597805506581</millis>
  <sequence>7</sequence>
  <level>START</level>
  <class>com.kms.katalon.core.logging.XmlKeywordLogger</class>
  <method>startKeyword</method>
  <thread>1</thread>
  <message>Start action : runFeatureFile(\&amp;quot;Include/features/IST_Real/SLIK/SLIK Gateway Customer/Delete_KTPNumber_From_DB.feature\&amp;quot;)</message>
  <nestedLevel>1</nestedLevel>
  <property name="startLine">18</property>
  <property name="stepIndex">1</property>
</record>
<record>
  <date>2020-08-19T09:51:46</date>
  <millis>1597805506609</millis>
  <sequence>8</sequence>
  <level>INFO</level>
  <class>com.kms.katalon.core.logging.XmlKeywordLogger</class>
  <method>logMessage</method>
  <thread>1</thread>
  <message>Starting run keyword runFeatureFile: &amp;apos;Include/features/IST_Real/SLIK/SLIK Gateway Customer/Delete_KTPNumber_From_DB.feature&amp;apos; and extract report to folder: &amp;apos;/Users/chaidir.pratama01/Katalon Studio/IST_Automation_Git/Reports/20200819_095139/SLIK_GATEWAY_CUSTOMER/TS_SLIK_Gateway_Customer/20200819_095139/cucumber_report/1597805506604&amp;apos;...</message>
  <nestedLevel>1</nestedLevel>
</record>
<record>
  <date>2020-08-19T09:51:47</date>
  <millis>1597805507120</millis>
  <sequence>9</sequence>
  <level>START</level>
  <class>com.kms.katalon.core.logging.XmlKeywordLogger</class>
  <method>startTest</method>
  <thread>1</thread>
  <message>Start Test Case : SCENARIO Delete_KTPNumber_From_DB</message>
  <nestedLevel>2</nestedLevel>
</record>
<record>
  <date>2020-08-19T09:51:47</date>
  <millis>1597805507122</millis>
  <sequence>10</sequence>
  <level>START</level>
  <class>com.kms.katalon.core.logging.XmlKeywordLogger</class>
  <method>startKeyword</method>
  <thread>1</thread>
  <message>Start action : Connect to Database</message>
  <nestedLevel>2</nestedLevel>
</record>
<record>
  <date>2020-08-19T09:51:49</date>
  <millis>1597805509530</millis>
  <sequence>11</sequence>
  <level>PASSED</level>
  <class>com.kms.katalon.core.logging.XmlKeywordLogger</class>
  <method>logMessage</method>
  <thread>1</thread>
  <message>Connect to Database</message>
  <nestedLevel>2</nestedLevel>
</record>
<record>
  <date>2020-08-19T09:51:49</date>
  <millis>1597805509530</millis>
  <sequence>12</sequence>
  <level>END</level>
  <class>com.kms.katalon.core.logging.XmlKeywordLogger</class>
  <method>endKeyword</method>
  <thread>1</thread>
  <message>End End action : Connect to Database</message>
  <nestedLevel>2</nestedLevel>
</record>
<record>
  <date>2020-08-19T09:51:49</date>
  <millis>1597805509531</millis>
  <sequence>13</sequence>
  <level>START</level>
  <class>com.kms.katalon.core.logging.XmlKeywordLogger</class>
  <method>startKeyword</method>
  <thread>1</thread>
  <message>Start action : Delete Contract From SLIK_DATA_CUSTOMER</message>
  <nestedLevel>2</nestedLevel>
</record>
<record>
  <date>2020-08-19T09:51:51</date>
  <millis>1597805511001</millis>
  <sequence>14</sequence>
  <level>PASSED</level>
  <class>com.kms.katalon.core.logging.XmlKeywordLogger</class>
  <method>logMessage</method>
  <thread>1</thread>
  <message>Delete Contract From SLIK_DATA_CUSTOMER</message>
  <nestedLevel>2</nestedLevel>
</record>
<record>
  <date>2020-08-19T09:51:51</date>
  <millis>1597805511001</millis>
  <sequence>15</sequence>
  <level>END</level>
  <class>com.kms.katalon.core.logging.XmlKeywordLogger</class>
  <method>endKeyword</method>
  <thread>1</thread>
  <message>End End action : Delete Contract From SLIK_DATA_CUSTOMER</message>
  <nestedLevel>2</nestedLevel>
</record>
<record>
  <date>2020-08-19T09:51:51</date>
  <millis>1597805511004</millis>
  <sequence>16</sequence>
  <level>PASSED</level>
  <class>com.kms.katalon.core.logging.XmlKeywordLogger</class>
  <method>logMessage</method>
  <thread>1</thread>
  <message>SCENARIO Delete_KTPNumber_From_DB</message>
  <nestedLevel>2</nestedLevel>
</record>
<record>
  <date>2020-08-19T09:51:51</date>
  <millis>1597805511004</millis>
  <sequence>17</sequence>
  <level>END</level>
  <class>com.kms.katalon.core.logging.XmlKeywordLogger</class>
  <method>endTest</method>
  <thread>1</thread>
  <message>End Test Case : SCENARIO Delete_KTPNumber_From_DB</message>
  <nestedLevel>1</nestedLevel>
</record>
<record>
  <date>2020-08-19T09:51:51</date>
  <millis>1597805511072</millis>
  <sequence>18</sequence>
  <level>PASSED</level>
  <class>com.kms.katalon.core.logging.XmlKeywordLogger</class>
  <method>logMessage</method>
  <thread>1</thread>
  <message>Feature file: &amp;apos;Include/features/IST_Real/SLIK/SLIK Gateway Customer/Delete_KTPNumber_From_DB.feature&amp;apos; was passed</message>
  <nestedLevel>1</nestedLevel>
</record>
<record>
  <date>2020-08-19T09:51:51</date>
  <millis>1597805511073</millis>
  <sequence>19</sequence>
  <level>END</level>
  <class>com.kms.katalon.core.logging.XmlKeywordLogger</class>
  <method>endKeyword</method>
  <thread>1</thread>
  <message>End action : runFeatureFile(\&amp;quot;Include/features/IST_Real/SLIK/SLIK Gateway Customer/Delete_KTPNumber_From_DB.feature\&amp;quot;)</message>
  <nestedLevel>1</nestedLevel>
</record>
<record>
  <date>2020-08-19T09:51:51</date>
  <millis>1597805511073</millis>
  <sequence>20</sequence>
  <level>PASSED</level>
  <class>com.kms.katalon.core.logging.XmlKeywordLogger</class>
  <method>logMessage</method>
  <thread>1</thread>
  <message>Test Cases/IST_Real/SLIK/SLIK_Gateway_Customer/Delete_KTPNumber_From_DB</message>
  <nestedLevel>1</nestedLevel>
</record>
<record>
  <date>2020-08-19T09:51:51</date>
  <millis>1597805511073</millis>
  <sequence>21</sequence>
  <level>END</level>
  <class>com.kms.katalon.core.logging.XmlKeywordLogger</class>
  <method>endTest</method>
  <thread>1</thread>
  <message>End Test Case : Test Cases/IST_Real/SLIK/SLIK_Gateway_Customer/Delete_KTPNumber_From_DB</message>
  <nestedLevel>0</nestedLevel>
</record>
<record>
  <date>2020-08-19T09:51:51</date>
  <millis>1597805511078</millis>
  <sequence>22</sequence>
  <level>START</level>
  <class>com.kms.katalon.core.logging.XmlKeywordLogger</class>
  <method>startTest</method>
  <thread>1</thread>
  <message>Start Test Case : Test Cases/IST_Real/SLIK/SLIK_Gateway_Customer/SLIK Gateway Customer Checking</message>
  <nestedLevel>1</nestedLevel>
  <property name="name">Test Cases/IST_Real/SLIK/SLIK_Gateway_Customer/SLIK Gateway Customer Checking</property>
  <property name="description"></property>
  <property name="id">Test Cases/IST_Real/SLIK/SLIK_Gateway_Customer/SLIK Gateway Customer Checking</property>
  <property name="source">\\Users\\chaidir.pratama01\\Katalon Studio\\IST_Automation_Git\\Test Cases\\IST_Real\\SLIK\\SLIK_Gateway_Customer\\SLIK Gateway Customer Checking.tc</property>
  <property name="tag"></property>
  <property name="isOptional">false</property>
</record>
<record>
  <date>2020-08-19T09:51:51</date>
  <millis>1597805511178</millis>
  <sequence>24</sequence>
  <level>START</level>
  <class>com.kms.katalon.core.logging.XmlKeywordLogger</class>
  <method>startKeyword</method>
  <thread>1</thread>
  <message>Start action : runFeatureFile(\&amp;quot;Include/features/IST_Real/SLIK/SLIK Gateway Customer/SLIK Gateway Customer Checking.feature\&amp;quot;)</message>
  <nestedLevel>1</nestedLevel>
  <property name="startLine">18</property>
  <property name="stepIndex">1</property>
</record>
<record>
  <date>2020-08-19T09:51:51</date>
  <millis>1597805511179</millis>
  <sequence>25</sequence>
  <level>INFO</level>
  <class>com.kms.katalon.core.logging.XmlKeywordLogger</class>
  <method>logMessage</method>
  <thread>1</thread>
  <message>Starting run keyword runFeatureFile: &amp;apos;Include/features/IST_Real/SLIK/SLIK Gateway Customer/SLIK Gateway Customer Checking.feature&amp;apos; and extract report to folder: &amp;apos;/Users/chaidir.pratama01/Katalon Studio/IST_Automation_Git/Reports/20200819_095139/SLIK_GATEWAY_CUSTOMER/TS_SLIK_Gateway_Customer/20200819_095139/cucumber_report/1597805511179&amp;apos;...</message>
  <nestedLevel>1</nestedLevel>
</record>
<record>
  <date>2020-08-19T09:51:51</date>
  <millis>1597805511287</millis>
  <sequence>26</sequence>
  <level>START</level>
  <class>com.kms.katalon.core.logging.XmlKeywordLogger</class>
  <method>startTest</method>
  <thread>1</thread>
  <message>Start Test Case : SCENARIO SLIK Gateway Customer Checking</message>
  <nestedLevel>2</nestedLevel>
</record>
<record>
  <date>2020-08-19T09:51:51</date>
  <millis>1597805511288</millis>
  <sequence>27</sequence>
  <level>START</level>
  <class>com.kms.katalon.core.logging.XmlKeywordLogger</class>
  <method>startKeyword</method>
  <thread>1</thread>
  <message>Start action : Go to ISTools</message>
  <nestedLevel>2</nestedLevel>
</record>
<record>
  <date>2020-08-19T09:51:51</date>
  <millis>1597805511587</millis>
  <sequence>29</sequence>
  <level>INFO</level>
  <class>com.kms.katalon.core.logging.XmlKeywordLogger</class>
  <method>logMessage</method>
  <thread>1</thread>
  <message>Starting &amp;apos;Chrome&amp;apos; driver</message>
  <nestedLevel>2</nestedLevel>
</record>
<record>
  <date>2020-08-19T09:51:51</date>
  <millis>1597805511615</millis>
  <sequence>31</sequence>
  <level>INFO</level>
  <class>com.kms.katalon.core.logging.XmlKeywordLogger</class>
  <method>logMessage</method>
  <thread>1</thread>
  <message>Action delay is set to 0 milliseconds</message>
  <nestedLevel>2</nestedLevel>
</record>
<record>
  <date>2020-08-19T09:51:54</date>
  <millis>1597805514071</millis>
  <sequence>33</sequence>
  <level>RUN_DATA</level>
  <class>com.kms.katalon.core.logging.XmlKeywordLogger</class>
  <method>logMessage</method>
  <thread>1</thread>
  <message>sessionId = b982d2ae66f511a93a387a687d8b828a</message>
  <nestedLevel>2</nestedLevel>
  <property name="sessionId">b982d2ae66f511a93a387a687d8b828a</property>
</record>
<record>
  <date>2020-08-19T09:51:54</date>
  <millis>1597805514114</millis>
  <sequence>34</sequence>
  <level>RUN_DATA</level>
  <class>com.kms.katalon.core.logging.XmlKeywordLogger</class>
  <method>logMessage</method>
  <thread>1</thread>
  <message>browser = Chrome 84.0.4147.125</message>
  <nestedLevel>2</nestedLevel>
  <property name="browser">Chrome 84.0.4147.125</property>
</record>
<record>
  <date>2020-08-19T09:51:54</date>
  <millis>1597805514115</millis>
  <sequence>35</sequence>
  <level>RUN_DATA</level>
  <class>com.kms.katalon.core.logging.XmlKeywordLogger</class>
  <method>logMessage</method>
  <thread>1</thread>
  <message>platform = Mac OS X</message>
  <nestedLevel>2</nestedLevel>
  <property name="platform">Mac OS X</property>
</record>
<record>
  <date>2020-08-19T09:51:54</date>
  <millis>1597805514115</millis>
  <sequence>36</sequence>
  <level>RUN_DATA</level>
  <class>com.kms.katalon.core.logging.XmlKeywordLogger</class>
  <method>logMessage</method>
  <thread>1</thread>
  <message>seleniumVersion = 3.141.59</message>
  <nestedLevel>2</nestedLevel>
  <property name="seleniumVersion">3.141.59</property>
</record>
<record>
  <date>2020-08-19T09:51:54</date>
  <millis>1597805514116</millis>
  <sequence>37</sequence>
  <level>RUN_DATA</level>
  <class>com.kms.katalon.core.logging.XmlKeywordLogger</class>
  <method>logMessage</method>
  <thread>1</thread>
  <message>proxyInformation = ProxyInformation { proxyOption=NO_PROXY, proxyServerType=HTTP, username=, password=********, proxyServerAddress=, proxyServerPort=0, executionList=\&amp;quot;\&amp;quot;, isApplyToDesiredCapabilities=true }</message>
  <nestedLevel>2</nestedLevel>
  <property name="proxyInformation">ProxyInformation { proxyOption=NO_PROXY, proxyServerType=HTTP, username=, password=********, proxyServerAddress=, proxyServerPort=0, executionList=\&quot;\&quot;, isApplyToDesiredCapabilities=true }</property>
</record>
<record>
  <date>2020-08-19T09:51:54</date>
  <millis>1597805514124</millis>
  <sequence>38</sequence>
  <level>PASSED</level>
  <class>com.kms.katalon.core.logging.XmlKeywordLogger</class>
  <method>logMessage</method>
  <thread>1</thread>
  <message>Browser is opened with url: &amp;apos;&amp;apos;</message>
  <nestedLevel>2</nestedLevel>
</record>
<record>
  <date>2020-08-19T09:51:56</date>
  <millis>1597805516748</millis>
  <sequence>41</sequence>
  <level>PASSED</level>
  <class>com.kms.katalon.core.logging.XmlKeywordLogger</class>
  <method>logMessage</method>
  <thread>1</thread>
  <message>Navigate to &amp;apos;https://dev-istools.homecredit.id/foundation/&amp;apos; successfully</message>
  <nestedLevel>2</nestedLevel>
</record>
<record>
  <date>2020-08-19T09:51:56</date>
  <millis>1597805516749</millis>
  <sequence>42</sequence>
  <level>PASSED</level>
  <class>com.kms.katalon.core.logging.XmlKeywordLogger</class>
  <method>logMessage</method>
  <thread>1</thread>
  <message>Go to ISTools</message>
  <nestedLevel>2</nestedLevel>
</record>
<record>
  <date>2020-08-19T09:51:56</date>
  <millis>1597805516749</millis>
  <sequence>43</sequence>
  <level>END</level>
  <class>com.kms.katalon.core.logging.XmlKeywordLogger</class>
  <method>endKeyword</method>
  <thread>1</thread>
  <message>End End action : Go to ISTools</message>
  <nestedLevel>2</nestedLevel>
</record>
<record>
  <date>2020-08-19T09:51:56</date>
  <millis>1597805516749</millis>
  <sequence>44</sequence>
  <level>START</level>
  <class>com.kms.katalon.core.logging.XmlKeywordLogger</class>
  <method>startKeyword</method>
  <thread>1</thread>
  <message>Start action : Login IST with valid credentials</message>
  <nestedLevel>2</nestedLevel>
</record>
<record>
  <date>2020-08-19T09:51:57</date>
  <millis>1597805517690</millis>
  <sequence>60</sequence>
  <level>PASSED</level>
  <class>com.kms.katalon.core.logging.XmlKeywordLogger</class>
  <method>logMessage</method>
  <thread>1</thread>
  <message>Text &amp;apos;mobile.test&amp;apos; is set on object &amp;apos;Object Repository/Page_/input_Username_j_username&amp;apos;</message>
  <nestedLevel>2</nestedLevel>
</record>
<record>
  <date>2020-08-19T09:51:58</date>
  <millis>1597805518157</millis>
  <sequence>71</sequence>
  <level>PASSED</level>
  <class>com.kms.katalon.core.logging.XmlKeywordLogger</class>
  <method>logMessage</method>
  <thread>1</thread>
  <message>Text ****** has been set on object &amp;apos;Object Repository/Page_/input_Password_j_password&amp;apos;</message>
  <nestedLevel>2</nestedLevel>
</record>
<record>
  <date>2020-08-19T09:51:59</date>
  <millis>1597805519403</millis>
  <sequence>80</sequence>
  <level>PASSED</level>
  <class>com.kms.katalon.core.logging.XmlKeywordLogger</class>
  <method>logMessage</method>
  <thread>1</thread>
  <message>Object: &amp;apos;Object Repository/Page_/button_Login&amp;apos; is clicked on</message>
  <nestedLevel>2</nestedLevel>
</record>
<record>
  <date>2020-08-19T09:51:59</date>
  <millis>1597805519403</millis>
  <sequence>81</sequence>
  <level>PASSED</level>
  <class>com.kms.katalon.core.logging.XmlKeywordLogger</class>
  <method>logMessage</method>
  <thread>1</thread>
  <message>Login IST with valid credentials</message>
  <nestedLevel>2</nestedLevel>
</record>
<record>
  <date>2020-08-19T09:51:59</date>
  <millis>1597805519404</millis>
  <sequence>82</sequence>
  <level>END</level>
  <class>com.kms.katalon.core.logging.XmlKeywordLogger</class>
  <method>endKeyword</method>
  <thread>1</thread>
  <message>End End action : Login IST with valid credentials</message>
  <nestedLevel>2</nestedLevel>
</record>
<record>
  <date>2020-08-19T09:51:59</date>
  <millis>1597805519405</millis>
  <sequence>83</sequence>
  <level>START</level>
  <class>com.kms.katalon.core.logging.XmlKeywordLogger</class>
  <method>startKeyword</method>
  <thread>1</thread>
  <message>Start action : Login Success for contract dispatcher</message>
  <nestedLevel>2</nestedLevel>
</record>
<record>
  <date>2020-08-19T09:51:59</date>
  <millis>1597805519417</millis>
  <sequence>84</sequence>
  <level>INFO</level>
  <class>com.kms.katalon.core.logging.XmlKeywordLogger</class>
  <method>logMessage</method>
  <thread>1</thread>
  <message>Login Success</message>
  <nestedLevel>2</nestedLevel>
</record>
<record>
  <date>2020-08-19T09:51:59</date>
  <millis>1597805519602</millis>
  <sequence>86</sequence>
  <level>PASSED</level>
  <class>com.kms.katalon.core.logging.XmlKeywordLogger</class>
  <method>logMessage</method>
  <thread>1</thread>
  <message>Current window maximized</message>
  <nestedLevel>2</nestedLevel>
</record>
<record>
  <date>2020-08-19T09:51:59</date>
  <millis>1597805519971</millis>
  <sequence>94</sequence>
  <level>PASSED</level>
  <class>com.kms.katalon.core.logging.XmlKeywordLogger</class>
  <method>logMessage</method>
  <thread>1</thread>
  <message>Object &amp;apos;Object Repository/Page_/h1_Welcome to IT Supporting Tools&amp;apos; is present</message>
  <nestedLevel>2</nestedLevel>
</record>
<record>
  <date>2020-08-19T09:51:59</date>
  <millis>1597805519972</millis>
  <sequence>95</sequence>
  <level>PASSED</level>
  <class>com.kms.katalon.core.logging.XmlKeywordLogger</class>
  <method>logMessage</method>
  <thread>1</thread>
  <message>Login Success for contract dispatcher</message>
  <nestedLevel>2</nestedLevel>
</record>
<record>
  <date>2020-08-19T09:51:59</date>
  <millis>1597805519972</millis>
  <sequence>96</sequence>
  <level>END</level>
  <class>com.kms.katalon.core.logging.XmlKeywordLogger</class>
  <method>endKeyword</method>
  <thread>1</thread>
  <message>End End action : Login Success for contract dispatcher</message>
  <nestedLevel>2</nestedLevel>
</record>
<record>
  <date>2020-08-19T09:51:59</date>
  <millis>1597805519972</millis>
  <sequence>97</sequence>
  <level>START</level>
  <class>com.kms.katalon.core.logging.XmlKeywordLogger</class>
  <method>startKeyword</method>
  <thread>1</thread>
  <message>Start action : Select Menu SLIK Gateway Customer</message>
  <nestedLevel>2</nestedLevel>
</record>
<record>
  <date>2020-08-19T09:52:00</date>
  <millis>1597805520422</millis>
  <sequence>104</sequence>
  <level>PASSED</level>
  <class>com.kms.katalon.core.logging.XmlKeywordLogger</class>
  <method>logMessage</method>
  <thread>1</thread>
  <message>Object &amp;apos;&amp;apos; is present</message>
  <nestedLevel>2</nestedLevel>
</record>
<record>
  <date>2020-08-19T09:52:00</date>
  <millis>1597805520689</millis>
  <sequence>112</sequence>
  <level>PASSED</level>
  <class>com.kms.katalon.core.logging.XmlKeywordLogger</class>
  <method>logMessage</method>
  <thread>1</thread>
  <message>Object: &amp;apos;&amp;apos; is clicked on</message>
  <nestedLevel>2</nestedLevel>
</record>
<record>
  <date>2020-08-19T09:52:00</date>
  <millis>1597805520755</millis>
  <sequence>114</sequence>
  <level>PASSED</level>
  <class>com.kms.katalon.core.logging.XmlKeywordLogger</class>
  <method>logMessage</method>
  <thread>1</thread>
  <message>Wait for page load successfully</message>
  <nestedLevel>2</nestedLevel>
</record>
<record>
  <date>2020-08-19T09:52:00</date>
  <millis>1597805520755</millis>
  <sequence>115</sequence>
  <level>PASSED</level>
  <class>com.kms.katalon.core.logging.XmlKeywordLogger</class>
  <method>logMessage</method>
  <thread>1</thread>
  <message>Select Menu SLIK Gateway Customer</message>
  <nestedLevel>2</nestedLevel>
</record>
<record>
  <date>2020-08-19T09:52:00</date>
  <millis>1597805520755</millis>
  <sequence>116</sequence>
  <level>END</level>
  <class>com.kms.katalon.core.logging.XmlKeywordLogger</class>
  <method>endKeyword</method>
  <thread>1</thread>
  <message>End End action : Select Menu SLIK Gateway Customer</message>
  <nestedLevel>2</nestedLevel>
</record>
<record>
  <date>2020-08-19T09:52:00</date>
  <millis>1597805520756</millis>
  <sequence>117</sequence>
  <level>START</level>
  <class>com.kms.katalon.core.logging.XmlKeywordLogger</class>
  <method>startKeyword</method>
  <thread>1</thread>
  <message>Start action : Input Data KTP Number</message>
  <nestedLevel>2</nestedLevel>
</record>
<record>
  <date>2020-08-19T09:52:02</date>
  <millis>1597805522084</millis>
  <sequence>132</sequence>
  <level>PASSED</level>
  <class>com.kms.katalon.core.logging.XmlKeywordLogger</class>
  <method>logMessage</method>
  <thread>1</thread>
  <message>Text &amp;apos;9999999999999999&amp;apos; is set on object &amp;apos;&amp;apos;</message>
  <nestedLevel>2</nestedLevel>
</record>
<record>
  <date>2020-08-19T09:52:02</date>
  <millis>1597805522084</millis>
  <sequence>133</sequence>
  <level>PASSED</level>
  <class>com.kms.katalon.core.logging.XmlKeywordLogger</class>
  <method>logMessage</method>
  <thread>1</thread>
  <message>Input Data KTP Number</message>
  <nestedLevel>2</nestedLevel>
</record>
<record>
  <date>2020-08-19T09:52:02</date>
  <millis>1597805522085</millis>
  <sequence>134</sequence>
  <level>END</level>
  <class>com.kms.katalon.core.logging.XmlKeywordLogger</class>
  <method>endKeyword</method>
  <thread>1</thread>
  <message>End End action : Input Data KTP Number</message>
  <nestedLevel>2</nestedLevel>
</record>
<record>
  <date>2020-08-19T09:52:02</date>
  <millis>1597805522085</millis>
  <sequence>135</sequence>
  <level>START</level>
  <class>com.kms.katalon.core.logging.XmlKeywordLogger</class>
  <method>startKeyword</method>
  <thread>1</thread>
  <message>Start action : Input Data \&amp;quot;Name *\&amp;quot; with value \&amp;quot;OPEX TestingAuto\&amp;quot; for Check SLIK</message>
  <nestedLevel>2</nestedLevel>
</record>
<record>
  <date>2020-08-19T09:52:02</date>
  <millis>1597805522737</millis>
  <sequence>150</sequence>
  <level>PASSED</level>
  <class>com.kms.katalon.core.logging.XmlKeywordLogger</class>
  <method>logMessage</method>
  <thread>1</thread>
  <message>Text &amp;apos;OPEX TestingAuto&amp;apos; is set on object &amp;apos;&amp;apos;</message>
  <nestedLevel>2</nestedLevel>
</record>
<record>
  <date>2020-08-19T09:52:02</date>
  <millis>1597805522737</millis>
  <sequence>151</sequence>
  <level>PASSED</level>
  <class>com.kms.katalon.core.logging.XmlKeywordLogger</class>
  <method>logMessage</method>
  <thread>1</thread>
  <message>Input Data \&amp;quot;Name *\&amp;quot; with value \&amp;quot;OPEX TestingAuto\&amp;quot; for Check SLIK</message>
  <nestedLevel>2</nestedLevel>
</record>
<record>
  <date>2020-08-19T09:52:02</date>
  <millis>1597805522738</millis>
  <sequence>152</sequence>
  <level>END</level>
  <class>com.kms.katalon.core.logging.XmlKeywordLogger</class>
  <method>endKeyword</method>
  <thread>1</thread>
  <message>End End action : Input Data \&amp;quot;Name *\&amp;quot; with value \&amp;quot;OPEX TestingAuto\&amp;quot; for Check SLIK</message>
  <nestedLevel>2</nestedLevel>
</record>
<record>
  <date>2020-08-19T09:52:02</date>
  <millis>1597805522738</millis>
  <sequence>153</sequence>
  <level>START</level>
  <class>com.kms.katalon.core.logging.XmlKeywordLogger</class>
  <method>startKeyword</method>
  <thread>1</thread>
  <message>Start action : Input Date of Birth \&amp;quot;20-02-1990\&amp;quot;</message>
  <nestedLevel>2</nestedLevel>
</record>
<record>
  <date>2020-08-19T09:52:03</date>
  <millis>1597805523377</millis>
  <sequence>168</sequence>
  <level>PASSED</level>
  <class>com.kms.katalon.core.logging.XmlKeywordLogger</class>
  <method>logMessage</method>
  <thread>1</thread>
  <message>Text &amp;apos;20-02-1990&amp;apos; is set on object &amp;apos;&amp;apos;</message>
  <nestedLevel>2</nestedLevel>
</record>
<record>
  <date>2020-08-19T09:52:03</date>
  <millis>1597805523377</millis>
  <sequence>169</sequence>
  <level>PASSED</level>
  <class>com.kms.katalon.core.logging.XmlKeywordLogger</class>
  <method>logMessage</method>
  <thread>1</thread>
  <message>Input Date of Birth \&amp;quot;20-02-1990\&amp;quot;</message>
  <nestedLevel>2</nestedLevel>
</record>
<record>
  <date>2020-08-19T09:52:03</date>
  <millis>1597805523377</millis>
  <sequence>170</sequence>
  <level>END</level>
  <class>com.kms.katalon.core.logging.XmlKeywordLogger</class>
  <method>endKeyword</method>
  <thread>1</thread>
  <message>End End action : Input Date of Birth \&amp;quot;20-02-1990\&amp;quot;</message>
  <nestedLevel>2</nestedLevel>
</record>
<record>
  <date>2020-08-19T09:52:03</date>
  <millis>1597805523378</millis>
  <sequence>171</sequence>
  <level>START</level>
  <class>com.kms.katalon.core.logging.XmlKeywordLogger</class>
  <method>startKeyword</method>
  <thread>1</thread>
  <message>Start action : Select Gender \&amp;quot;Laki-laki\&amp;quot;</message>
  <nestedLevel>2</nestedLevel>
</record>
<record>
  <date>2020-08-19T09:52:03</date>
  <millis>1597805523775</millis>
  <sequence>179</sequence>
  <level>PASSED</level>
  <class>com.kms.katalon.core.logging.XmlKeywordLogger</class>
  <method>logMessage</method>
  <thread>1</thread>
  <message>Object: &amp;apos;&amp;apos; is clicked on</message>
  <nestedLevel>2</nestedLevel>
</record>
<record>
  <date>2020-08-19T09:52:03</date>
  <millis>1597805523775</millis>
  <sequence>180</sequence>
  <level>PASSED</level>
  <class>com.kms.katalon.core.logging.XmlKeywordLogger</class>
  <method>logMessage</method>
  <thread>1</thread>
  <message>Select Gender \&amp;quot;Laki-laki\&amp;quot;</message>
  <nestedLevel>2</nestedLevel>
</record>
<record>
  <date>2020-08-19T09:52:03</date>
  <millis>1597805523776</millis>
  <sequence>181</sequence>
  <level>END</level>
  <class>com.kms.katalon.core.logging.XmlKeywordLogger</class>
  <method>endKeyword</method>
  <thread>1</thread>
  <message>End End action : Select Gender \&amp;quot;Laki-laki\&amp;quot;</message>
  <nestedLevel>2</nestedLevel>
</record>
<record>
  <date>2020-08-19T09:52:03</date>
  <millis>1597805523776</millis>
  <sequence>182</sequence>
  <level>START</level>
  <class>com.kms.katalon.core.logging.XmlKeywordLogger</class>
  <method>startKeyword</method>
  <thread>1</thread>
  <message>Start action : Select Purpose is \&amp;quot;Penilaian Calon Kemitraan\&amp;quot;</message>
  <nestedLevel>2</nestedLevel>
</record>
<record>
  <date>2020-08-19T09:52:05</date>
  <millis>1597805525021</millis>
  <sequence>194</sequence>
  <level>PASSED</level>
  <class>com.kms.katalon.core.logging.XmlKeywordLogger</class>
  <method>logMessage</method>
  <thread>1</thread>
  <message>All options with value &amp;apos;Penilaian Calon Kemitraan&amp;apos; are selected in object &amp;apos;&amp;apos;  using regular expression</message>
  <nestedLevel>2</nestedLevel>
</record>
<record>
  <date>2020-08-19T09:52:05</date>
  <millis>1597805525021</millis>
  <sequence>195</sequence>
  <level>PASSED</level>
  <class>com.kms.katalon.core.logging.XmlKeywordLogger</class>
  <method>logMessage</method>
  <thread>1</thread>
  <message>Select Purpose is \&amp;quot;Penilaian Calon Kemitraan\&amp;quot;</message>
  <nestedLevel>2</nestedLevel>
</record>
<record>
  <date>2020-08-19T09:52:05</date>
  <millis>1597805525021</millis>
  <sequence>196</sequence>
  <level>END</level>
  <class>com.kms.katalon.core.logging.XmlKeywordLogger</class>
  <method>endKeyword</method>
  <thread>1</thread>
  <message>End End action : Select Purpose is \&amp;quot;Penilaian Calon Kemitraan\&amp;quot;</message>
  <nestedLevel>2</nestedLevel>
</record>
<record>
  <date>2020-08-19T09:52:05</date>
  <millis>1597805525022</millis>
  <sequence>197</sequence>
  <level>START</level>
  <class>com.kms.katalon.core.logging.XmlKeywordLogger</class>
  <method>startKeyword</method>
  <thread>1</thread>
  <message>Start action : Input Data \&amp;quot;Place of Birth\&amp;quot; with value \&amp;quot;Jakarta\&amp;quot; for Check SLIK</message>
  <nestedLevel>2</nestedLevel>
</record>
<record>
  <date>2020-08-19T09:52:05</date>
  <millis>1597805525680</millis>
  <sequence>212</sequence>
  <level>PASSED</level>
  <class>com.kms.katalon.core.logging.XmlKeywordLogger</class>
  <method>logMessage</method>
  <thread>1</thread>
  <message>Text &amp;apos;Jakarta&amp;apos; is set on object &amp;apos;&amp;apos;</message>
  <nestedLevel>2</nestedLevel>
</record>
<record>
  <date>2020-08-19T09:52:05</date>
  <millis>1597805525681</millis>
  <sequence>213</sequence>
  <level>PASSED</level>
  <class>com.kms.katalon.core.logging.XmlKeywordLogger</class>
  <method>logMessage</method>
  <thread>1</thread>
  <message>Input Data \&amp;quot;Place of Birth\&amp;quot; with value \&amp;quot;Jakarta\&amp;quot; for Check SLIK</message>
  <nestedLevel>2</nestedLevel>
</record>
<record>
  <date>2020-08-19T09:52:05</date>
  <millis>1597805525681</millis>
  <sequence>214</sequence>
  <level>END</level>
  <class>com.kms.katalon.core.logging.XmlKeywordLogger</class>
  <method>endKeyword</method>
  <thread>1</thread>
  <message>End End action : Input Data \&amp;quot;Place of Birth\&amp;quot; with value \&amp;quot;Jakarta\&amp;quot; for Check SLIK</message>
  <nestedLevel>2</nestedLevel>
</record>
<record>
  <date>2020-08-19T09:52:05</date>
  <millis>1597805525682</millis>
  <sequence>215</sequence>
  <level>START</level>
  <class>com.kms.katalon.core.logging.XmlKeywordLogger</class>
  <method>startKeyword</method>
  <thread>1</thread>
  <message>Start action : Input Data \&amp;quot;Mother Maternity Name\&amp;quot; with value \&amp;quot;Tester Auto\&amp;quot; for Check SLIK</message>
  <nestedLevel>2</nestedLevel>
</record>
<record>
  <date>2020-08-19T09:52:06</date>
  <millis>1597805526323</millis>
  <sequence>230</sequence>
  <level>PASSED</level>
  <class>com.kms.katalon.core.logging.XmlKeywordLogger</class>
  <method>logMessage</method>
  <thread>1</thread>
  <message>Text &amp;apos;Tester Auto&amp;apos; is set on object &amp;apos;&amp;apos;</message>
  <nestedLevel>2</nestedLevel>
</record>
<record>
  <date>2020-08-19T09:52:06</date>
  <millis>1597805526324</millis>
  <sequence>231</sequence>
  <level>PASSED</level>
  <class>com.kms.katalon.core.logging.XmlKeywordLogger</class>
  <method>logMessage</method>
  <thread>1</thread>
  <message>Input Data \&amp;quot;Mother Maternity Name\&amp;quot; with value \&amp;quot;Tester Auto\&amp;quot; for Check SLIK</message>
  <nestedLevel>2</nestedLevel>
</record>
<record>
  <date>2020-08-19T09:52:06</date>
  <millis>1597805526324</millis>
  <sequence>232</sequence>
  <level>END</level>
  <class>com.kms.katalon.core.logging.XmlKeywordLogger</class>
  <method>endKeyword</method>
  <thread>1</thread>
  <message>End End action : Input Data \&amp;quot;Mother Maternity Name\&amp;quot; with value \&amp;quot;Tester Auto\&amp;quot; for Check SLIK</message>
  <nestedLevel>2</nestedLevel>
</record>
<record>
  <date>2020-08-19T09:52:06</date>
  <millis>1597805526325</millis>
  <sequence>233</sequence>
  <level>START</level>
  <class>com.kms.katalon.core.logging.XmlKeywordLogger</class>
  <method>startKeyword</method>
  <thread>1</thread>
  <message>Start action : Input KTP Address \&amp;quot;TESTING AUTO JAKARTA\&amp;quot;</message>
  <nestedLevel>2</nestedLevel>
</record>
<record>
  <date>2020-08-19T09:52:06</date>
  <millis>1597805526993</millis>
  <sequence>248</sequence>
  <level>PASSED</level>
  <class>com.kms.katalon.core.logging.XmlKeywordLogger</class>
  <method>logMessage</method>
  <thread>1</thread>
  <message>Text &amp;apos;TESTING AUTO JAKARTA&amp;apos; is set on object &amp;apos;&amp;apos;</message>
  <nestedLevel>2</nestedLevel>
</record>
<record>
  <date>2020-08-19T09:52:06</date>
  <millis>1597805526993</millis>
  <sequence>249</sequence>
  <level>PASSED</level>
  <class>com.kms.katalon.core.logging.XmlKeywordLogger</class>
  <method>logMessage</method>
  <thread>1</thread>
  <message>Input KTP Address \&amp;quot;TESTING AUTO JAKARTA\&amp;quot;</message>
  <nestedLevel>2</nestedLevel>
</record>
<record>
  <date>2020-08-19T09:52:06</date>
  <millis>1597805526994</millis>
  <sequence>250</sequence>
  <level>END</level>
  <class>com.kms.katalon.core.logging.XmlKeywordLogger</class>
  <method>endKeyword</method>
  <thread>1</thread>
  <message>End End action : Input KTP Address \&amp;quot;TESTING AUTO JAKARTA\&amp;quot;</message>
  <nestedLevel>2</nestedLevel>
</record>
<record>
  <date>2020-08-19T09:52:06</date>
  <millis>1597805526994</millis>
  <sequence>251</sequence>
  <level>START</level>
  <class>com.kms.katalon.core.logging.XmlKeywordLogger</class>
  <method>startKeyword</method>
  <thread>1</thread>
  <message>Start action : Click button \&amp;quot;Check SLIK\&amp;quot;</message>
  <nestedLevel>2</nestedLevel>
</record>
<record>
  <date>2020-08-19T09:52:07</date>
  <millis>1597805527007</millis>
  <sequence>252</sequence>
  <level>INFO</level>
  <class>com.kms.katalon.core.logging.XmlKeywordLogger</class>
  <method>logMessage</method>
  <thread>1</thread>
  <message>&amp;gt;&amp;gt;&amp;gt;&amp;gt;&amp;gt;//Button[contains(text(),&amp;apos;Check SLIK&amp;apos;)]</message>
  <nestedLevel>2</nestedLevel>
</record>
<record>
  <date>2020-08-19T09:52:10</date>
  <millis>1597805530299</millis>
  <sequence>260</sequence>
  <level>PASSED</level>
  <class>com.kms.katalon.core.logging.XmlKeywordLogger</class>
  <method>logMessage</method>
  <thread>1</thread>
  <message>Object: &amp;apos;&amp;apos; is clicked on</message>
  <nestedLevel>2</nestedLevel>
</record>
<record>
  <date>2020-08-19T09:52:10</date>
  <millis>1597805530300</millis>
  <sequence>261</sequence>
  <level>PASSED</level>
  <class>com.kms.katalon.core.logging.XmlKeywordLogger</class>
  <method>logMessage</method>
  <thread>1</thread>
  <message>Click button \&amp;quot;Check SLIK\&amp;quot;</message>
  <nestedLevel>2</nestedLevel>
</record>
<record>
  <date>2020-08-19T09:52:10</date>
  <millis>1597805530300</millis>
  <sequence>262</sequence>
  <level>END</level>
  <class>com.kms.katalon.core.logging.XmlKeywordLogger</class>
  <method>endKeyword</method>
  <thread>1</thread>
  <message>End End action : Click button \&amp;quot;Check SLIK\&amp;quot;</message>
  <nestedLevel>2</nestedLevel>
</record>
<record>
  <date>2020-08-19T09:52:10</date>
  <millis>1597805530301</millis>
  <sequence>263</sequence>
  <level>START</level>
  <class>com.kms.katalon.core.logging.XmlKeywordLogger</class>
  <method>startKeyword</method>
  <thread>1</thread>
  <message>Start action : Get text from pop up \&amp;quot;Confirmation Submit Request\&amp;quot; with text \&amp;quot;Are you sure to submit this data ?\&amp;quot;</message>
  <nestedLevel>2</nestedLevel>
</record>
<record>
  <date>2020-08-19T09:52:10</date>
  <millis>1597805530945</millis>
  <sequence>270</sequence>
  <level>PASSED</level>
  <class>com.kms.katalon.core.logging.XmlKeywordLogger</class>
  <method>logMessage</method>
  <thread>1</thread>
  <message>Object &amp;apos;&amp;apos; is present</message>
  <nestedLevel>2</nestedLevel>
</record>
<record>
  <date>2020-08-19T09:52:10</date>
  <millis>1597805530955</millis>
  <sequence>272</sequence>
  <level>PASSED</level>
  <class>com.kms.katalon.core.logging.XmlKeywordLogger</class>
  <method>logMessage</method>
  <thread>1</thread>
  <message>Wait for page load successfully</message>
  <nestedLevel>2</nestedLevel>
</record>
<record>
  <date>2020-08-19T09:52:10</date>
  <millis>1597805530965</millis>
  <sequence>274</sequence>
  <level>PASSED</level>
  <class>com.kms.katalon.core.logging.XmlKeywordLogger</class>
  <method>logMessage</method>
  <thread>1</thread>
  <message>Wait for page load successfully</message>
  <nestedLevel>2</nestedLevel>
</record>
<record>
  <date>2020-08-19T09:52:10</date>
  <millis>1597805530965</millis>
  <sequence>275</sequence>
  <level>PASSED</level>
  <class>com.kms.katalon.core.logging.XmlKeywordLogger</class>
  <method>logMessage</method>
  <thread>1</thread>
  <message>Get text from pop up \&amp;quot;Confirmation Submit Request\&amp;quot; with text \&amp;quot;Are you sure to submit this data ?\&amp;quot;</message>
  <nestedLevel>2</nestedLevel>
</record>
<record>
  <date>2020-08-19T09:52:10</date>
  <millis>1597805530966</millis>
  <sequence>276</sequence>
  <level>END</level>
  <class>com.kms.katalon.core.logging.XmlKeywordLogger</class>
  <method>endKeyword</method>
  <thread>1</thread>
  <message>End End action : Get text from pop up \&amp;quot;Confirmation Submit Request\&amp;quot; with text \&amp;quot;Are you sure to submit this data ?\&amp;quot;</message>
  <nestedLevel>2</nestedLevel>
</record>
<record>
  <date>2020-08-19T09:52:10</date>
  <millis>1597805530966</millis>
  <sequence>277</sequence>
  <level>START</level>
  <class>com.kms.katalon.core.logging.XmlKeywordLogger</class>
  <method>startKeyword</method>
  <thread>1</thread>
  <message>Start action : Click button \&amp;quot;Yes\&amp;quot;</message>
  <nestedLevel>2</nestedLevel>
</record>
<record>
  <date>2020-08-19T09:52:10</date>
  <millis>1597805530967</millis>
  <sequence>278</sequence>
  <level>INFO</level>
  <class>com.kms.katalon.core.logging.XmlKeywordLogger</class>
  <method>logMessage</method>
  <thread>1</thread>
  <message>&amp;gt;&amp;gt;&amp;gt;&amp;gt;&amp;gt;//Button[contains(text(),&amp;apos;Yes&amp;apos;)]</message>
  <nestedLevel>2</nestedLevel>
</record>
<record>
  <date>2020-08-19T09:52:14</date>
  <millis>1597805534340</millis>
  <sequence>286</sequence>
  <level>PASSED</level>
  <class>com.kms.katalon.core.logging.XmlKeywordLogger</class>
  <method>logMessage</method>
  <thread>1</thread>
  <message>Object: &amp;apos;&amp;apos; is clicked on</message>
  <nestedLevel>2</nestedLevel>
</record>
<record>
  <date>2020-08-19T09:52:14</date>
  <millis>1597805534340</millis>
  <sequence>287</sequence>
  <level>PASSED</level>
  <class>com.kms.katalon.core.logging.XmlKeywordLogger</class>
  <method>logMessage</method>
  <thread>1</thread>
  <message>Click button \&amp;quot;Yes\&amp;quot;</message>
  <nestedLevel>2</nestedLevel>
</record>
<record>
  <date>2020-08-19T09:52:14</date>
  <millis>1597805534341</millis>
  <sequence>288</sequence>
  <level>END</level>
  <class>com.kms.katalon.core.logging.XmlKeywordLogger</class>
  <method>endKeyword</method>
  <thread>1</thread>
  <message>End End action : Click button \&amp;quot;Yes\&amp;quot;</message>
  <nestedLevel>2</nestedLevel>
</record>
<record>
  <date>2020-08-19T09:52:14</date>
  <millis>1597805534341</millis>
  <sequence>289</sequence>
  <level>START</level>
  <class>com.kms.katalon.core.logging.XmlKeywordLogger</class>
  <method>startKeyword</method>
  <thread>1</thread>
  <message>Start action : Verify KTP Number Request Success</message>
  <nestedLevel>2</nestedLevel>
</record>
<record>
  <date>2020-08-19T09:52:24</date>
  <millis>1597805544781</millis>
  <sequence>296</sequence>
  <level>PASSED</level>
  <class>com.kms.katalon.core.logging.XmlKeywordLogger</class>
  <method>logMessage</method>
  <thread>1</thread>
  <message>Object &amp;apos;&amp;apos; is present</message>
  <nestedLevel>2</nestedLevel>
</record>
<record>
  <date>2020-08-19T09:52:24</date>
  <millis>1597805544781</millis>
  <sequence>297</sequence>
  <level>PASSED</level>
  <class>com.kms.katalon.core.logging.XmlKeywordLogger</class>
  <method>logMessage</method>
  <thread>1</thread>
  <message>Verify KTP Number Request Success</message>
  <nestedLevel>2</nestedLevel>
</record>
<record>
  <date>2020-08-19T09:52:24</date>
  <millis>1597805544781</millis>
  <sequence>298</sequence>
  <level>END</level>
  <class>com.kms.katalon.core.logging.XmlKeywordLogger</class>
  <method>endKeyword</method>
  <thread>1</thread>
  <message>End End action : Verify KTP Number Request Success</message>
  <nestedLevel>2</nestedLevel>
</record>
<record>
  <date>2020-08-19T09:52:24</date>
  <millis>1597805544781</millis>
  <sequence>299</sequence>
  <level>START</level>
  <class>com.kms.katalon.core.logging.XmlKeywordLogger</class>
  <method>startKeyword</method>
  <thread>1</thread>
  <message>Start action : Click button \&amp;quot;OK\&amp;quot;</message>
  <nestedLevel>2</nestedLevel>
</record>
<record>
  <date>2020-08-19T09:52:24</date>
  <millis>1597805544782</millis>
  <sequence>300</sequence>
  <level>INFO</level>
  <class>com.kms.katalon.core.logging.XmlKeywordLogger</class>
  <method>logMessage</method>
  <thread>1</thread>
  <message>&amp;gt;&amp;gt;&amp;gt;&amp;gt;&amp;gt;//Button[contains(text(),&amp;apos;OK&amp;apos;)]</message>
  <nestedLevel>2</nestedLevel>
</record>
<record>
  <date>2020-08-19T09:52:28</date>
  <millis>1597805548048</millis>
  <sequence>308</sequence>
  <level>PASSED</level>
  <class>com.kms.katalon.core.logging.XmlKeywordLogger</class>
  <method>logMessage</method>
  <thread>1</thread>
  <message>Object: &amp;apos;&amp;apos; is clicked on</message>
  <nestedLevel>2</nestedLevel>
</record>
<record>
  <date>2020-08-19T09:52:28</date>
  <millis>1597805548049</millis>
  <sequence>309</sequence>
  <level>PASSED</level>
  <class>com.kms.katalon.core.logging.XmlKeywordLogger</class>
  <method>logMessage</method>
  <thread>1</thread>
  <message>Click button \&amp;quot;OK\&amp;quot;</message>
  <nestedLevel>2</nestedLevel>
</record>
<record>
  <date>2020-08-19T09:52:28</date>
  <millis>1597805548049</millis>
  <sequence>310</sequence>
  <level>END</level>
  <class>com.kms.katalon.core.logging.XmlKeywordLogger</class>
  <method>endKeyword</method>
  <thread>1</thread>
  <message>End End action : Click button \&amp;quot;OK\&amp;quot;</message>
  <nestedLevel>2</nestedLevel>
</record>
<record>
  <date>2020-08-19T09:52:28</date>
  <millis>1597805548049</millis>
  <sequence>311</sequence>
  <level>START</level>
  <class>com.kms.katalon.core.logging.XmlKeywordLogger</class>
  <method>startKeyword</method>
  <thread>1</thread>
  <message>Start action : Click button \&amp;quot;Logout\&amp;quot;</message>
  <nestedLevel>2</nestedLevel>
</record>
<record>
  <date>2020-08-19T09:52:28</date>
  <millis>1597805548050</millis>
  <sequence>312</sequence>
  <level>INFO</level>
  <class>com.kms.katalon.core.logging.XmlKeywordLogger</class>
  <method>logMessage</method>
  <thread>1</thread>
  <message>&amp;gt;&amp;gt;&amp;gt;&amp;gt;&amp;gt;//Button[contains(text(),&amp;apos;Logout&amp;apos;)]</message>
  <nestedLevel>2</nestedLevel>
</record>
<record>
  <date>2020-08-19T09:52:31</date>
  <millis>1597805551992</millis>
  <sequence>320</sequence>
  <level>PASSED</level>
  <class>com.kms.katalon.core.logging.XmlKeywordLogger</class>
  <method>logMessage</method>
  <thread>1</thread>
  <message>Object: &amp;apos;&amp;apos; is clicked on</message>
  <nestedLevel>2</nestedLevel>
</record>
<record>
  <date>2020-08-19T09:52:31</date>
  <millis>1597805551993</millis>
  <sequence>321</sequence>
  <level>PASSED</level>
  <class>com.kms.katalon.core.logging.XmlKeywordLogger</class>
  <method>logMessage</method>
  <thread>1</thread>
  <message>Click button \&amp;quot;Logout\&amp;quot;</message>
  <nestedLevel>2</nestedLevel>
</record>
<record>
  <date>2020-08-19T09:52:31</date>
  <millis>1597805551993</millis>
  <sequence>322</sequence>
  <level>END</level>
  <class>com.kms.katalon.core.logging.XmlKeywordLogger</class>
  <method>endKeyword</method>
  <thread>1</thread>
  <message>End End action : Click button \&amp;quot;Logout\&amp;quot;</message>
  <nestedLevel>2</nestedLevel>
</record>
<record>
  <date>2020-08-19T09:52:31</date>
  <millis>1597805551994</millis>
  <sequence>323</sequence>
  <level>START</level>
  <class>com.kms.katalon.core.logging.XmlKeywordLogger</class>
  <method>startKeyword</method>
  <thread>1</thread>
  <message>Start action : Close browser</message>
  <nestedLevel>2</nestedLevel>
</record>
<record>
  <date>2020-08-19T09:52:32</date>
  <millis>1597805552092</millis>
  <sequence>325</sequence>
  <level>PASSED</level>
  <class>com.kms.katalon.core.logging.XmlKeywordLogger</class>
  <method>logMessage</method>
  <thread>1</thread>
  <message>Browser is closed</message>
  <nestedLevel>2</nestedLevel>
</record>
<record>
  <date>2020-08-19T09:52:32</date>
  <millis>1597805552093</millis>
  <sequence>326</sequence>
  <level>PASSED</level>
  <class>com.kms.katalon.core.logging.XmlKeywordLogger</class>
  <method>logMessage</method>
  <thread>1</thread>
  <message>Close browser</message>
  <nestedLevel>2</nestedLevel>
</record>
<record>
  <date>2020-08-19T09:52:32</date>
  <millis>1597805552093</millis>
  <sequence>327</sequence>
  <level>END</level>
  <class>com.kms.katalon.core.logging.XmlKeywordLogger</class>
  <method>endKeyword</method>
  <thread>1</thread>
  <message>End End action : Close browser</message>
  <nestedLevel>2</nestedLevel>
</record>
<record>
  <date>2020-08-19T09:52:32</date>
  <millis>1597805552095</millis>
  <sequence>328</sequence>
  <level>PASSED</level>
  <class>com.kms.katalon.core.logging.XmlKeywordLogger</class>
  <method>logMessage</method>
  <thread>1</thread>
  <message>SCENARIO SLIK Gateway Customer Checking</message>
  <nestedLevel>2</nestedLevel>
</record>
<record>
  <date>2020-08-19T09:52:32</date>
  <millis>1597805552095</millis>
  <sequence>329</sequence>
  <level>END</level>
  <class>com.kms.katalon.core.logging.XmlKeywordLogger</class>
  <method>endTest</method>
  <thread>1</thread>
  <message>End Test Case : SCENARIO SLIK Gateway Customer Checking</message>
  <nestedLevel>1</nestedLevel>
</record>
<record>
  <date>2020-08-19T09:52:32</date>
  <millis>1597805552105</millis>
  <sequence>330</sequence>
  <level>PASSED</level>
  <class>com.kms.katalon.core.logging.XmlKeywordLogger</class>
  <method>logMessage</method>
  <thread>1</thread>
  <message>Feature file: &amp;apos;Include/features/IST_Real/SLIK/SLIK Gateway Customer/SLIK Gateway Customer Checking.feature&amp;apos; was passed</message>
  <nestedLevel>1</nestedLevel>
</record>
<record>
  <date>2020-08-19T09:52:32</date>
  <millis>1597805552105</millis>
  <sequence>331</sequence>
  <level>END</level>
  <class>com.kms.katalon.core.logging.XmlKeywordLogger</class>
  <method>endKeyword</method>
  <thread>1</thread>
  <message>End action : runFeatureFile(\&amp;quot;Include/features/IST_Real/SLIK/SLIK Gateway Customer/SLIK Gateway Customer Checking.feature\&amp;quot;)</message>
  <nestedLevel>1</nestedLevel>
</record>
<record>
  <date>2020-08-19T09:52:32</date>
  <millis>1597805552105</millis>
  <sequence>332</sequence>
  <level>PASSED</level>
  <class>com.kms.katalon.core.logging.XmlKeywordLogger</class>
  <method>logMessage</method>
  <thread>1</thread>
  <message>Test Cases/IST_Real/SLIK/SLIK_Gateway_Customer/SLIK Gateway Customer Checking</message>
  <nestedLevel>1</nestedLevel>
</record>
<record>
  <date>2020-08-19T09:52:32</date>
  <millis>1597805552106</millis>
  <sequence>333</sequence>
  <level>END</level>
  <class>com.kms.katalon.core.logging.XmlKeywordLogger</class>
  <method>endTest</method>
  <thread>1</thread>
  <message>End Test Case : Test Cases/IST_Real/SLIK/SLIK_Gateway_Customer/SLIK Gateway Customer Checking</message>
  <nestedLevel>0</nestedLevel>
</record>
<record>
  <date>2020-08-19T09:52:32</date>
  <millis>1597805552109</millis>
  <sequence>334</sequence>
  <level>START</level>
  <class>com.kms.katalon.core.logging.XmlKeywordLogger</class>
  <method>startTest</method>
  <thread>1</thread>
  <message>Start Test Case : Test Cases/IST_Real/SLIK/SLIK_Gateway_Customer/SELECT_KTP_NUMBER_CUSTOMER_from_DB</message>
  <nestedLevel>1</nestedLevel>
  <property name="name">Test Cases/IST_Real/SLIK/SLIK_Gateway_Customer/SELECT_KTP_NUMBER_CUSTOMER_from_DB</property>
  <property name="description"></property>
  <property name="id">Test Cases/IST_Real/SLIK/SLIK_Gateway_Customer/SELECT_KTP_NUMBER_CUSTOMER_from_DB</property>
  <property name="source">\\Users\\chaidir.pratama01\\Katalon Studio\\IST_Automation_Git\\Test Cases\\IST_Real\\SLIK\\SLIK_Gateway_Customer\\SELECT_KTP_NUMBER_CUSTOMER_from_DB.tc</property>
  <property name="tag"></property>
  <property name="isOptional">false</property>
</record>
<record>
  <date>2020-08-19T09:52:32</date>
  <millis>1597805552223</millis>
  <sequence>336</sequence>
  <level>START</level>
  <class>com.kms.katalon.core.logging.XmlKeywordLogger</class>
  <method>startKeyword</method>
  <thread>1</thread>
  <message>Start action : runFeatureFile(\&amp;quot;Include/features/IST_Real/SLIK/SLIK Gateway Customer/SELECT_KTP_NUMBER_CUSTOMER_from_DB.feature\&amp;quot;)</message>
  <nestedLevel>1</nestedLevel>
  <property name="startLine">18</property>
  <property name="stepIndex">1</property>
</record>
<record>
  <date>2020-08-19T09:52:32</date>
  <millis>1597805552224</millis>
  <sequence>337</sequence>
  <level>INFO</level>
  <class>com.kms.katalon.core.logging.XmlKeywordLogger</class>
  <method>logMessage</method>
  <thread>1</thread>
  <message>Starting run keyword runFeatureFile: &amp;apos;Include/features/IST_Real/SLIK/SLIK Gateway Customer/SELECT_KTP_NUMBER_CUSTOMER_from_DB.feature&amp;apos; and extract report to folder: &amp;apos;/Users/chaidir.pratama01/Katalon Studio/IST_Automation_Git/Reports/20200819_095139/SLIK_GATEWAY_CUSTOMER/TS_SLIK_Gateway_Customer/20200819_095139/cucumber_report/1597805552224&amp;apos;...</message>
  <nestedLevel>1</nestedLevel>
</record>
<record>
  <date>2020-08-19T09:52:32</date>
  <millis>1597805552322</millis>
  <sequence>338</sequence>
  <level>START</level>
  <class>com.kms.katalon.core.logging.XmlKeywordLogger</class>
  <method>startTest</method>
  <thread>1</thread>
  <message>Start Test Case : SCENARIO SELECT KTP Number Customer From Table SLIK_DATA_CUSTOMER</message>
  <nestedLevel>2</nestedLevel>
</record>
<record>
  <date>2020-08-19T09:52:32</date>
  <millis>1597805552323</millis>
  <sequence>339</sequence>
  <level>START</level>
  <class>com.kms.katalon.core.logging.XmlKeywordLogger</class>
  <method>startKeyword</method>
  <thread>1</thread>
  <message>Start action : Connect to Database</message>
  <nestedLevel>2</nestedLevel>
</record>
<record>
  <date>2020-08-19T09:52:33</date>
  <millis>1597805553975</millis>
  <sequence>340</sequence>
  <level>PASSED</level>
  <class>com.kms.katalon.core.logging.XmlKeywordLogger</class>
  <method>logMessage</method>
  <thread>1</thread>
  <message>Connect to Database</message>
  <nestedLevel>2</nestedLevel>
</record>
<record>
  <date>2020-08-19T09:52:33</date>
  <millis>1597805553975</millis>
  <sequence>341</sequence>
  <level>END</level>
  <class>com.kms.katalon.core.logging.XmlKeywordLogger</class>
  <method>endKeyword</method>
  <thread>1</thread>
  <message>End End action : Connect to Database</message>
  <nestedLevel>2</nestedLevel>
</record>
<record>
  <date>2020-08-19T09:52:33</date>
  <millis>1597805553975</millis>
  <sequence>342</sequence>
  <level>START</level>
  <class>com.kms.katalon.core.logging.XmlKeywordLogger</class>
  <method>startKeyword</method>
  <thread>1</thread>
  <message>Start action : Check KTP Number Customer in DB</message>
  <nestedLevel>2</nestedLevel>
</record>
<record>
  <date>2020-08-19T09:52:35</date>
  <millis>1597805555291</millis>
  <sequence>343</sequence>
  <level>PASSED</level>
  <class>com.kms.katalon.core.logging.XmlKeywordLogger</class>
  <method>logMessage</method>
  <thread>1</thread>
  <message>Check KTP Number Customer in DB</message>
  <nestedLevel>2</nestedLevel>
</record>
<record>
  <date>2020-08-19T09:52:35</date>
  <millis>1597805555291</millis>
  <sequence>344</sequence>
  <level>END</level>
  <class>com.kms.katalon.core.logging.XmlKeywordLogger</class>
  <method>endKeyword</method>
  <thread>1</thread>
  <message>End End action : Check KTP Number Customer in DB</message>
  <nestedLevel>2</nestedLevel>
</record>
<record>
  <date>2020-08-19T09:52:35</date>
  <millis>1597805555291</millis>
  <sequence>345</sequence>
  <level>PASSED</level>
  <class>com.kms.katalon.core.logging.XmlKeywordLogger</class>
  <method>logMessage</method>
  <thread>1</thread>
  <message>SCENARIO SELECT KTP Number Customer From Table SLIK_DATA_CUSTOMER</message>
  <nestedLevel>2</nestedLevel>
</record>
<record>
  <date>2020-08-19T09:52:35</date>
  <millis>1597805555291</millis>
  <sequence>346</sequence>
  <level>END</level>
  <class>com.kms.katalon.core.logging.XmlKeywordLogger</class>
  <method>endTest</method>
  <thread>1</thread>
  <message>End Test Case : SCENARIO SELECT KTP Number Customer From Table SLIK_DATA_CUSTOMER</message>
  <nestedLevel>1</nestedLevel>
</record>
<record>
  <date>2020-08-19T09:52:35</date>
  <millis>1597805555297</millis>
  <sequence>347</sequence>
  <level>PASSED</level>
  <class>com.kms.katalon.core.logging.XmlKeywordLogger</class>
  <method>logMessage</method>
  <thread>1</thread>
  <message>Feature file: &amp;apos;Include/features/IST_Real/SLIK/SLIK Gateway Customer/SELECT_KTP_NUMBER_CUSTOMER_from_DB.feature&amp;apos; was passed</message>
  <nestedLevel>1</nestedLevel>
</record>
<record>
  <date>2020-08-19T09:52:35</date>
  <millis>1597805555297</millis>
  <sequence>348</sequence>
  <level>END</level>
  <class>com.kms.katalon.core.logging.XmlKeywordLogger</class>
  <method>endKeyword</method>
  <thread>1</thread>
  <message>End action : runFeatureFile(\&amp;quot;Include/features/IST_Real/SLIK/SLIK Gateway Customer/SELECT_KTP_NUMBER_CUSTOMER_from_DB.feature\&amp;quot;)</message>
  <nestedLevel>1</nestedLevel>
</record>
<record>
  <date>2020-08-19T09:52:35</date>
  <millis>1597805555297</millis>
  <sequence>349</sequence>
  <level>PASSED</level>
  <class>com.kms.katalon.core.logging.XmlKeywordLogger</class>
  <method>logMessage</method>
  <thread>1</thread>
  <message>Test Cases/IST_Real/SLIK/SLIK_Gateway_Customer/SELECT_KTP_NUMBER_CUSTOMER_from_DB</message>
  <nestedLevel>1</nestedLevel>
</record>
<record>
  <date>2020-08-19T09:52:35</date>
  <millis>1597805555297</millis>
  <sequence>350</sequence>
  <level>END</level>
  <class>com.kms.katalon.core.logging.XmlKeywordLogger</class>
  <method>endTest</method>
  <thread>1</thread>
  <message>End Test Case : Test Cases/IST_Real/SLIK/SLIK_Gateway_Customer/SELECT_KTP_NUMBER_CUSTOMER_from_DB</message>
  <nestedLevel>0</nestedLevel>
</record>
<record>
  <date>2020-08-19T09:52:35</date>
  <millis>1597805555300</millis>
  <sequence>351</sequence>
  <level>START</level>
  <class>com.kms.katalon.core.logging.XmlKeywordLogger</class>
  <method>startTest</method>
  <thread>1</thread>
  <message>Start Test Case : Test Cases/IST_Real/SLIK/SLIK_Gateway_Customer/SLIK Gateaway Customer Search</message>
  <nestedLevel>1</nestedLevel>
  <property name="name">Test Cases/IST_Real/SLIK/SLIK_Gateway_Customer/SLIK Gateaway Customer Search</property>
  <property name="description"></property>
  <property name="id">Test Cases/IST_Real/SLIK/SLIK_Gateway_Customer/SLIK Gateaway Customer Search</property>
  <property name="source">\\Users\\chaidir.pratama01\\Katalon Studio\\IST_Automation_Git\\Test Cases\\IST_Real\\SLIK\\SLIK_Gateway_Customer\\SLIK Gateaway Customer Search.tc</property>
  <property name="tag"></property>
  <property name="isOptional">false</property>
</record>
<record>
  <date>2020-08-19T09:52:35</date>
  <millis>1597805555414</millis>
  <sequence>353</sequence>
  <level>START</level>
  <class>com.kms.katalon.core.logging.XmlKeywordLogger</class>
  <method>startKeyword</method>
  <thread>1</thread>
  <message>Start action : runFeatureFile(\&amp;quot;Include/features/IST_Real/SLIK/SLIK Gateway Customer/SLIK Gateaway Customer Search.feature\&amp;quot;)</message>
  <nestedLevel>1</nestedLevel>
  <property name="startLine">18</property>
  <property name="stepIndex">1</property>
</record>
<record>
  <date>2020-08-19T09:52:35</date>
  <millis>1597805555414</millis>
  <sequence>354</sequence>
  <level>INFO</level>
  <class>com.kms.katalon.core.logging.XmlKeywordLogger</class>
  <method>logMessage</method>
  <thread>1</thread>
  <message>Starting run keyword runFeatureFile: &amp;apos;Include/features/IST_Real/SLIK/SLIK Gateway Customer/SLIK Gateaway Customer Search.feature&amp;apos; and extract report to folder: &amp;apos;/Users/chaidir.pratama01/Katalon Studio/IST_Automation_Git/Reports/20200819_095139/SLIK_GATEWAY_CUSTOMER/TS_SLIK_Gateway_Customer/20200819_095139/cucumber_report/1597805555414&amp;apos;...</message>
  <nestedLevel>1</nestedLevel>
</record>
<record>
  <date>2020-08-19T09:52:35</date>
  <millis>1597805555493</millis>
  <sequence>355</sequence>
  <level>START</level>
  <class>com.kms.katalon.core.logging.XmlKeywordLogger</class>
  <method>startTest</method>
  <thread>1</thread>
  <message>Start Test Case : SCENARIO SLIK Gateway Customer Search Result</message>
  <nestedLevel>2</nestedLevel>
</record>
<record>
  <date>2020-08-19T09:52:35</date>
  <millis>1597805555493</millis>
  <sequence>356</sequence>
  <level>START</level>
  <class>com.kms.katalon.core.logging.XmlKeywordLogger</class>
  <method>startKeyword</method>
  <thread>1</thread>
  <message>Start action : Go to ISTools</message>
  <nestedLevel>2</nestedLevel>
</record>
<record>
  <date>2020-08-19T09:52:35</date>
  <millis>1597805555497</millis>
  <sequence>358</sequence>
  <level>INFO</level>
  <class>com.kms.katalon.core.logging.XmlKeywordLogger</class>
  <method>logMessage</method>
  <thread>1</thread>
  <message>Starting &amp;apos;Chrome&amp;apos; driver</message>
  <nestedLevel>2</nestedLevel>
</record>
<record>
  <date>2020-08-19T09:52:35</date>
  <millis>1597805555498</millis>
  <sequence>360</sequence>
  <level>INFO</level>
  <class>com.kms.katalon.core.logging.XmlKeywordLogger</class>
  <method>logMessage</method>
  <thread>1</thread>
  <message>Action delay is set to 0 milliseconds</message>
  <nestedLevel>2</nestedLevel>
</record>
<record>
  <date>2020-08-19T09:52:36</date>
  <millis>1597805556400</millis>
  <sequence>362</sequence>
  <level>RUN_DATA</level>
  <class>com.kms.katalon.core.logging.XmlKeywordLogger</class>
  <method>logMessage</method>
  <thread>1</thread>
  <message>sessionId = 1ee852848c77891dc7709d17ad2abcce</message>
  <nestedLevel>2</nestedLevel>
  <property name="sessionId">1ee852848c77891dc7709d17ad2abcce</property>
</record>
<record>
  <date>2020-08-19T09:52:36</date>
  <millis>1597805556407</millis>
  <sequence>363</sequence>
  <level>RUN_DATA</level>
  <class>com.kms.katalon.core.logging.XmlKeywordLogger</class>
  <method>logMessage</method>
  <thread>1</thread>
  <message>browser = Chrome 84.0.4147.125</message>
  <nestedLevel>2</nestedLevel>
  <property name="browser">Chrome 84.0.4147.125</property>
</record>
<record>
  <date>2020-08-19T09:52:36</date>
  <millis>1597805556408</millis>
  <sequence>364</sequence>
  <level>RUN_DATA</level>
  <class>com.kms.katalon.core.logging.XmlKeywordLogger</class>
  <method>logMessage</method>
  <thread>1</thread>
  <message>platform = Mac OS X</message>
  <nestedLevel>2</nestedLevel>
  <property name="platform">Mac OS X</property>
</record>
<record>
  <date>2020-08-19T09:52:36</date>
  <millis>1597805556408</millis>
  <sequence>365</sequence>
  <level>RUN_DATA</level>
  <class>com.kms.katalon.core.logging.XmlKeywordLogger</class>
  <method>logMessage</method>
  <thread>1</thread>
  <message>seleniumVersion = 3.141.59</message>
  <nestedLevel>2</nestedLevel>
  <property name="seleniumVersion">3.141.59</property>
</record>
<record>
  <date>2020-08-19T09:52:36</date>
  <millis>1597805556409</millis>
  <sequence>366</sequence>
  <level>RUN_DATA</level>
  <class>com.kms.katalon.core.logging.XmlKeywordLogger</class>
  <method>logMessage</method>
  <thread>1</thread>
  <message>proxyInformation = ProxyInformation { proxyOption=NO_PROXY, proxyServerType=HTTP, username=, password=********, proxyServerAddress=, proxyServerPort=0, executionList=\&amp;quot;\&amp;quot;, isApplyToDesiredCapabilities=true }</message>
  <nestedLevel>2</nestedLevel>
  <property name="proxyInformation">ProxyInformation { proxyOption=NO_PROXY, proxyServerType=HTTP, username=, password=********, proxyServerAddress=, proxyServerPort=0, executionList=\&quot;\&quot;, isApplyToDesiredCapabilities=true }</property>
</record>
<record>
  <date>2020-08-19T09:52:36</date>
  <millis>1597805556415</millis>
  <sequence>367</sequence>
  <level>PASSED</level>
  <class>com.kms.katalon.core.logging.XmlKeywordLogger</class>
  <method>logMessage</method>
  <thread>1</thread>
  <message>Browser is opened with url: &amp;apos;&amp;apos;</message>
  <nestedLevel>2</nestedLevel>
</record>
<record>
  <date>2020-08-19T09:52:38</date>
  <millis>1597805558664</millis>
  <sequence>370</sequence>
  <level>PASSED</level>
  <class>com.kms.katalon.core.logging.XmlKeywordLogger</class>
  <method>logMessage</method>
  <thread>1</thread>
  <message>Navigate to &amp;apos;https://dev-istools.homecredit.id/foundation/&amp;apos; successfully</message>
  <nestedLevel>2</nestedLevel>
</record>
<record>
  <date>2020-08-19T09:52:38</date>
  <millis>1597805558664</millis>
  <sequence>371</sequence>
  <level>PASSED</level>
  <class>com.kms.katalon.core.logging.XmlKeywordLogger</class>
  <method>logMessage</method>
  <thread>1</thread>
  <message>Go to ISTools</message>
  <nestedLevel>2</nestedLevel>
</record>
<record>
  <date>2020-08-19T09:52:38</date>
  <millis>1597805558664</millis>
  <sequence>372</sequence>
  <level>END</level>
  <class>com.kms.katalon.core.logging.XmlKeywordLogger</class>
  <method>endKeyword</method>
  <thread>1</thread>
  <message>End End action : Go to ISTools</message>
  <nestedLevel>2</nestedLevel>
</record>
<record>
  <date>2020-08-19T09:52:38</date>
  <millis>1597805558665</millis>
  <sequence>373</sequence>
  <level>START</level>
  <class>com.kms.katalon.core.logging.XmlKeywordLogger</class>
  <method>startKeyword</method>
  <thread>1</thread>
  <message>Start action : Login IST with valid credentials</message>
  <nestedLevel>2</nestedLevel>
</record>
<record>
  <date>2020-08-19T09:52:39</date>
  <millis>1597805559416</millis>
  <sequence>389</sequence>
  <level>PASSED</level>
  <class>com.kms.katalon.core.logging.XmlKeywordLogger</class>
  <method>logMessage</method>
  <thread>1</thread>
  <message>Text &amp;apos;mobile.test&amp;apos; is set on object &amp;apos;Object Repository/Page_/input_Username_j_username&amp;apos;</message>
  <nestedLevel>2</nestedLevel>
</record>
<record>
  <date>2020-08-19T09:52:39</date>
  <millis>1597805559753</millis>
  <sequence>400</sequence>
  <level>PASSED</level>
  <class>com.kms.katalon.core.logging.XmlKeywordLogger</class>
  <method>logMessage</method>
  <thread>1</thread>
  <message>Text ****** has been set on object &amp;apos;Object Repository/Page_/input_Password_j_password&amp;apos;</message>
  <nestedLevel>2</nestedLevel>
</record>
<record>
  <date>2020-08-19T09:52:41</date>
  <millis>1597805561042</millis>
  <sequence>409</sequence>
  <level>PASSED</level>
  <class>com.kms.katalon.core.logging.XmlKeywordLogger</class>
  <method>logMessage</method>
  <thread>1</thread>
  <message>Object: &amp;apos;Object Repository/Page_/button_Login&amp;apos; is clicked on</message>
  <nestedLevel>2</nestedLevel>
</record>
<record>
  <date>2020-08-19T09:52:41</date>
  <millis>1597805561043</millis>
  <sequence>410</sequence>
  <level>PASSED</level>
  <class>com.kms.katalon.core.logging.XmlKeywordLogger</class>
  <method>logMessage</method>
  <thread>1</thread>
  <message>Login IST with valid credentials</message>
  <nestedLevel>2</nestedLevel>
</record>
<record>
  <date>2020-08-19T09:52:41</date>
  <millis>1597805561043</millis>
  <sequence>411</sequence>
  <level>END</level>
  <class>com.kms.katalon.core.logging.XmlKeywordLogger</class>
  <method>endKeyword</method>
  <thread>1</thread>
  <message>End End action : Login IST with valid credentials</message>
  <nestedLevel>2</nestedLevel>
</record>
<record>
  <date>2020-08-19T09:52:41</date>
  <millis>1597805561044</millis>
  <sequence>412</sequence>
  <level>START</level>
  <class>com.kms.katalon.core.logging.XmlKeywordLogger</class>
  <method>startKeyword</method>
  <thread>1</thread>
  <message>Start action : Login Success for contract dispatcher</message>
  <nestedLevel>2</nestedLevel>
</record>
<record>
  <date>2020-08-19T09:52:41</date>
  <millis>1597805561045</millis>
  <sequence>413</sequence>
  <level>INFO</level>
  <class>com.kms.katalon.core.logging.XmlKeywordLogger</class>
  <method>logMessage</method>
  <thread>1</thread>
  <message>Login Success</message>
  <nestedLevel>2</nestedLevel>
</record>
<record>
  <date>2020-08-19T09:52:41</date>
  <millis>1597805561224</millis>
  <sequence>415</sequence>
  <level>PASSED</level>
  <class>com.kms.katalon.core.logging.XmlKeywordLogger</class>
  <method>logMessage</method>
  <thread>1</thread>
  <message>Current window maximized</message>
  <nestedLevel>2</nestedLevel>
</record>
<record>
  <date>2020-08-19T09:52:41</date>
  <millis>1597805561682</millis>
  <sequence>423</sequence>
  <level>PASSED</level>
  <class>com.kms.katalon.core.logging.XmlKeywordLogger</class>
  <method>logMessage</method>
  <thread>1</thread>
  <message>Object &amp;apos;Object Repository/Page_/h1_Welcome to IT Supporting Tools&amp;apos; is present</message>
  <nestedLevel>2</nestedLevel>
</record>
<record>
  <date>2020-08-19T09:52:41</date>
  <millis>1597805561683</millis>
  <sequence>424</sequence>
  <level>PASSED</level>
  <class>com.kms.katalon.core.logging.XmlKeywordLogger</class>
  <method>logMessage</method>
  <thread>1</thread>
  <message>Login Success for contract dispatcher</message>
  <nestedLevel>2</nestedLevel>
</record>
<record>
  <date>2020-08-19T09:52:41</date>
  <millis>1597805561683</millis>
  <sequence>425</sequence>
  <level>END</level>
  <class>com.kms.katalon.core.logging.XmlKeywordLogger</class>
  <method>endKeyword</method>
  <thread>1</thread>
  <message>End End action : Login Success for contract dispatcher</message>
  <nestedLevel>2</nestedLevel>
</record>
<record>
  <date>2020-08-19T09:52:41</date>
  <millis>1597805561683</millis>
  <sequence>426</sequence>
  <level>START</level>
  <class>com.kms.katalon.core.logging.XmlKeywordLogger</class>
  <method>startKeyword</method>
  <thread>1</thread>
  <message>Start action : Select Menu SLIK Gateway Customer</message>
  <nestedLevel>2</nestedLevel>
</record>
<record>
  <date>2020-08-19T09:52:42</date>
  <millis>1597805562015</millis>
  <sequence>433</sequence>
  <level>PASSED</level>
  <class>com.kms.katalon.core.logging.XmlKeywordLogger</class>
  <method>logMessage</method>
  <thread>1</thread>
  <message>Object &amp;apos;&amp;apos; is present</message>
  <nestedLevel>2</nestedLevel>
</record>
<record>
  <date>2020-08-19T09:52:42</date>
  <millis>1597805562485</millis>
  <sequence>441</sequence>
  <level>PASSED</level>
  <class>com.kms.katalon.core.logging.XmlKeywordLogger</class>
  <method>logMessage</method>
  <thread>1</thread>
  <message>Object: &amp;apos;&amp;apos; is clicked on</message>
  <nestedLevel>2</nestedLevel>
</record>
<record>
  <date>2020-08-19T09:52:42</date>
  <millis>1597805562496</millis>
  <sequence>443</sequence>
  <level>PASSED</level>
  <class>com.kms.katalon.core.logging.XmlKeywordLogger</class>
  <method>logMessage</method>
  <thread>1</thread>
  <message>Wait for page load successfully</message>
  <nestedLevel>2</nestedLevel>
</record>
<record>
  <date>2020-08-19T09:52:42</date>
  <millis>1597805562496</millis>
  <sequence>444</sequence>
  <level>PASSED</level>
  <class>com.kms.katalon.core.logging.XmlKeywordLogger</class>
  <method>logMessage</method>
  <thread>1</thread>
  <message>Select Menu SLIK Gateway Customer</message>
  <nestedLevel>2</nestedLevel>
</record>
<record>
  <date>2020-08-19T09:52:42</date>
  <millis>1597805562496</millis>
  <sequence>445</sequence>
  <level>END</level>
  <class>com.kms.katalon.core.logging.XmlKeywordLogger</class>
  <method>endKeyword</method>
  <thread>1</thread>
  <message>End End action : Select Menu SLIK Gateway Customer</message>
  <nestedLevel>2</nestedLevel>
</record>
<record>
  <date>2020-08-19T09:52:42</date>
  <millis>1597805562497</millis>
  <sequence>446</sequence>
  <level>START</level>
  <class>com.kms.katalon.core.logging.XmlKeywordLogger</class>
  <method>startKeyword</method>
  <thread>1</thread>
  <message>Start action : Input Data KTP Number for Search Result</message>
  <nestedLevel>2</nestedLevel>
</record>
<record>
  <date>2020-08-19T09:52:43</date>
  <millis>1597805563350</millis>
  <sequence>455</sequence>
  <level>PASSED</level>
  <class>com.kms.katalon.core.logging.XmlKeywordLogger</class>
  <method>logMessage</method>
  <thread>1</thread>
  <message>Scroll to object &amp;apos;&amp;apos; successfully</message>
  <nestedLevel>2</nestedLevel>
</record>
<record>
  <date>2020-08-19T09:52:44</date>
  <millis>1597805564120</millis>
  <sequence>470</sequence>
  <level>PASSED</level>
  <class>com.kms.katalon.core.logging.XmlKeywordLogger</class>
  <method>logMessage</method>
  <thread>1</thread>
  <message>Text &amp;apos;9999999999999999&amp;apos; is set on object &amp;apos;&amp;apos;</message>
  <nestedLevel>2</nestedLevel>
</record>
<record>
  <date>2020-08-19T09:52:44</date>
  <millis>1597805564121</millis>
  <sequence>471</sequence>
  <level>PASSED</level>
  <class>com.kms.katalon.core.logging.XmlKeywordLogger</class>
  <method>logMessage</method>
  <thread>1</thread>
  <message>Input Data KTP Number for Search Result</message>
  <nestedLevel>2</nestedLevel>
</record>
<record>
  <date>2020-08-19T09:52:44</date>
  <millis>1597805564121</millis>
  <sequence>472</sequence>
  <level>END</level>
  <class>com.kms.katalon.core.logging.XmlKeywordLogger</class>
  <method>endKeyword</method>
  <thread>1</thread>
  <message>End End action : Input Data KTP Number for Search Result</message>
  <nestedLevel>2</nestedLevel>
</record>
<record>
  <date>2020-08-19T09:52:44</date>
  <millis>1597805564121</millis>
  <sequence>473</sequence>
  <level>START</level>
  <class>com.kms.katalon.core.logging.XmlKeywordLogger</class>
  <method>startKeyword</method>
  <thread>1</thread>
  <message>Start action : Click button \&amp;quot;Search\&amp;quot;</message>
  <nestedLevel>2</nestedLevel>
</record>
<record>
  <date>2020-08-19T09:52:44</date>
  <millis>1597805564122</millis>
  <sequence>474</sequence>
  <level>INFO</level>
  <class>com.kms.katalon.core.logging.XmlKeywordLogger</class>
  <method>logMessage</method>
  <thread>1</thread>
  <message>&amp;gt;&amp;gt;&amp;gt;&amp;gt;&amp;gt;//Button[contains(text(),&amp;apos;Search&amp;apos;)]</message>
  <nestedLevel>2</nestedLevel>
</record>
<record>
  <date>2020-08-19T09:52:47</date>
  <millis>1597805567614</millis>
  <sequence>482</sequence>
  <level>PASSED</level>
  <class>com.kms.katalon.core.logging.XmlKeywordLogger</class>
  <method>logMessage</method>
  <thread>1</thread>
  <message>Object: &amp;apos;&amp;apos; is clicked on</message>
  <nestedLevel>2</nestedLevel>
</record>
<record>
  <date>2020-08-19T09:52:47</date>
  <millis>1597805567614</millis>
  <sequence>483</sequence>
  <level>PASSED</level>
  <class>com.kms.katalon.core.logging.XmlKeywordLogger</class>
  <method>logMessage</method>
  <thread>1</thread>
  <message>Click button \&amp;quot;Search\&amp;quot;</message>
  <nestedLevel>2</nestedLevel>
</record>
<record>
  <date>2020-08-19T09:52:47</date>
  <millis>1597805567614</millis>
  <sequence>484</sequence>
  <level>END</level>
  <class>com.kms.katalon.core.logging.XmlKeywordLogger</class>
  <method>endKeyword</method>
  <thread>1</thread>
  <message>End End action : Click button \&amp;quot;Search\&amp;quot;</message>
  <nestedLevel>2</nestedLevel>
</record>
<record>
  <date>2020-08-19T09:52:47</date>
  <millis>1597805567615</millis>
  <sequence>485</sequence>
  <level>START</level>
  <class>com.kms.katalon.core.logging.XmlKeywordLogger</class>
  <method>startKeyword</method>
  <thread>1</thread>
  <message>Start action : Verify Search Result with KTP Number</message>
  <nestedLevel>2</nestedLevel>
</record>
<record>
  <date>2020-08-19T09:52:48</date>
  <millis>1597805568256</millis>
  <sequence>492</sequence>
  <level>PASSED</level>
  <class>com.kms.katalon.core.logging.XmlKeywordLogger</class>
  <method>logMessage</method>
  <thread>1</thread>
  <message>Object &amp;apos;&amp;apos; is present</message>
  <nestedLevel>2</nestedLevel>
</record>
<record>
  <date>2020-08-19T09:52:48</date>
  <millis>1597805568257</millis>
  <sequence>493</sequence>
  <level>PASSED</level>
  <class>com.kms.katalon.core.logging.XmlKeywordLogger</class>
  <method>logMessage</method>
  <thread>1</thread>
  <message>Verify Search Result with KTP Number</message>
  <nestedLevel>2</nestedLevel>
</record>
<record>
  <date>2020-08-19T09:52:48</date>
  <millis>1597805568257</millis>
  <sequence>494</sequence>
  <level>END</level>
  <class>com.kms.katalon.core.logging.XmlKeywordLogger</class>
  <method>endKeyword</method>
  <thread>1</thread>
  <message>End End action : Verify Search Result with KTP Number</message>
  <nestedLevel>2</nestedLevel>
</record>
<record>
  <date>2020-08-19T09:52:48</date>
  <millis>1597805568257</millis>
  <sequence>495</sequence>
  <level>START</level>
  <class>com.kms.katalon.core.logging.XmlKeywordLogger</class>
  <method>startKeyword</method>
  <thread>1</thread>
  <message>Start action : Verify Search Result data</message>
  <nestedLevel>2</nestedLevel>
</record>
<record>
  <date>2020-08-19T09:52:48</date>
  <millis>1597805568698</millis>
  <sequence>504</sequence>
  <level>PASSED</level>
  <class>com.kms.katalon.core.logging.XmlKeywordLogger</class>
  <method>logMessage</method>
  <thread>1</thread>
  <message>Scroll to object &amp;apos;&amp;apos; successfully</message>
  <nestedLevel>2</nestedLevel>
</record>
<record>
  <date>2020-08-19T09:52:49</date>
  <millis>1597805569033</millis>
  <sequence>511</sequence>
  <level>PASSED</level>
  <class>com.kms.katalon.core.logging.XmlKeywordLogger</class>
  <method>logMessage</method>
  <thread>1</thread>
  <message>Object &amp;apos;&amp;apos; is present</message>
  <nestedLevel>2</nestedLevel>
</record>
<record>
  <date>2020-08-19T09:52:49</date>
  <millis>1597805569034</millis>
  <sequence>512</sequence>
  <level>PASSED</level>
  <class>com.kms.katalon.core.logging.XmlKeywordLogger</class>
  <method>logMessage</method>
  <thread>1</thread>
  <message>Verify Search Result data</message>
  <nestedLevel>2</nestedLevel>
</record>
<record>
  <date>2020-08-19T09:52:49</date>
  <millis>1597805569034</millis>
  <sequence>513</sequence>
  <level>END</level>
  <class>com.kms.katalon.core.logging.XmlKeywordLogger</class>
  <method>endKeyword</method>
  <thread>1</thread>
  <message>End End action : Verify Search Result data</message>
  <nestedLevel>2</nestedLevel>
</record>
<record>
  <date>2020-08-19T09:52:49</date>
  <millis>1597805569034</millis>
  <sequence>514</sequence>
  <level>PASSED</level>
  <class>com.kms.katalon.core.logging.XmlKeywordLogger</class>
  <method>logMessage</method>
  <thread>1</thread>
  <message>SCENARIO SLIK Gateway Customer Search Result</message>
  <nestedLevel>2</nestedLevel>
</record>
<record>
  <date>2020-08-19T09:52:49</date>
  <millis>1597805569034</millis>
  <sequence>515</sequence>
  <level>END</level>
  <class>com.kms.katalon.core.logging.XmlKeywordLogger</class>
  <method>endTest</method>
  <thread>1</thread>
  <message>End Test Case : SCENARIO SLIK Gateway Customer Search Result</message>
  <nestedLevel>1</nestedLevel>
</record>
<record>
  <date>2020-08-19T09:52:49</date>
  <millis>1597805569039</millis>
  <sequence>516</sequence>
  <level>PASSED</level>
  <class>com.kms.katalon.core.logging.XmlKeywordLogger</class>
  <method>logMessage</method>
  <thread>1</thread>
  <message>Feature file: &amp;apos;Include/features/IST_Real/SLIK/SLIK Gateway Customer/SLIK Gateaway Customer Search.feature&amp;apos; was passed</message>
  <nestedLevel>1</nestedLevel>
</record>
<record>
  <date>2020-08-19T09:52:49</date>
  <millis>1597805569039</millis>
  <sequence>517</sequence>
  <level>END</level>
  <class>com.kms.katalon.core.logging.XmlKeywordLogger</class>
  <method>endKeyword</method>
  <thread>1</thread>
  <message>End action : runFeatureFile(\&amp;quot;Include/features/IST_Real/SLIK/SLIK Gateway Customer/SLIK Gateaway Customer Search.feature\&amp;quot;)</message>
  <nestedLevel>1</nestedLevel>
</record>
<record>
  <date>2020-08-19T09:52:49</date>
  <millis>1597805569039</millis>
  <sequence>518</sequence>
  <level>PASSED</level>
  <class>com.kms.katalon.core.logging.XmlKeywordLogger</class>
  <method>logMessage</method>
  <thread>1</thread>
  <message>Test Cases/IST_Real/SLIK/SLIK_Gateway_Customer/SLIK Gateaway Customer Search</message>
  <nestedLevel>1</nestedLevel>
</record>
<record>
  <date>2020-08-19T09:52:49</date>
  <millis>1597805569039</millis>
  <sequence>519</sequence>
  <level>END</level>
  <class>com.kms.katalon.core.logging.XmlKeywordLogger</class>
  <method>endTest</method>
  <thread>1</thread>
  <message>End Test Case : Test Cases/IST_Real/SLIK/SLIK_Gateway_Customer/SLIK Gateaway Customer Search</message>
  <nestedLevel>0</nestedLevel>
</record>
<record>
  <date>2020-08-19T09:52:49</date>
  <millis>1597805569161</millis>
  <sequence>520</sequence>
  <level>END</level>
  <class>com.kms.katalon.core.logging.XmlKeywordLogger</class>
  <method>endSuite</method>
  <thread>1</thread>
  <message>End Test Suite : Test Suites/SLIK_GATEWAY_CUSTOMER/TS_SLIK_Gateway_Customer</message>
  <nestedLevel>0</nestedLevel>
</record>
</log>
