<?xml version="1.0" encoding="UTF-8" standalone="no"?>
<!DOCTYPE log SYSTEM "logger.dtd">
<log>
<record>
  <date>2020-08-23T23:06:30</date>
  <millis>1598198790467</millis>
  <sequence>0</sequence>
  <level>START</level>
  <class>com.kms.katalon.core.logging.XmlKeywordLogger</class>
  <method>startSuite</method>
  <thread>1</thread>
  <message>Start Test Suite : Test Suites/SLIK/TS_SLIK_Gateway_Customer</message>
  <nestedLevel>0</nestedLevel>
  <property name="name">TS_SLIK_Gateway_Customer</property>
  <property name="description"></property>
  <property name="id">Test Suites/SLIK/TS_SLIK_Gateway_Customer</property>
  <property name="stopImmediately">false</property>
</record>
<record>
  <date>2020-08-23T23:06:30</date>
  <millis>1598198790487</millis>
  <sequence>1</sequence>
  <level>RUN_DATA</level>
  <class>com.kms.katalon.core.logging.XmlKeywordLogger</class>
  <method>logMessage</method>
  <thread>1</thread>
  <message>hostName = chaidir.pratama01 - localhost</message>
  <nestedLevel>0</nestedLevel>
  <property name="hostName">chaidir.pratama01 - localhost</property>
</record>
<record>
  <date>2020-08-23T23:06:30</date>
  <millis>1598198790487</millis>
  <sequence>2</sequence>
  <level>RUN_DATA</level>
  <class>com.kms.katalon.core.logging.XmlKeywordLogger</class>
  <method>logMessage</method>
  <thread>1</thread>
  <message>os = Mac OS X 64bit</message>
  <nestedLevel>0</nestedLevel>
  <property name="os">Mac OS X 64bit</property>
</record>
<record>
  <date>2020-08-23T23:06:30</date>
  <millis>1598198790491</millis>
  <sequence>3</sequence>
  <level>RUN_DATA</level>
  <class>com.kms.katalon.core.logging.XmlKeywordLogger</class>
  <method>logMessage</method>
  <thread>1</thread>
  <message>hostAddress = 127.0.0.1</message>
  <nestedLevel>0</nestedLevel>
  <property name="hostAddress">127.0.0.1</property>
</record>
<record>
  <date>2020-08-23T23:06:30</date>
  <millis>1598198790492</millis>
  <sequence>4</sequence>
  <level>RUN_DATA</level>
  <class>com.kms.katalon.core.logging.XmlKeywordLogger</class>
  <method>logMessage</method>
  <thread>1</thread>
  <message>katalonVersion = 7.6.0.${buildNumber}</message>
  <nestedLevel>0</nestedLevel>
  <property name="katalonVersion">7.6.0.${buildNumber}</property>
</record>
<record>
  <date>2020-08-23T23:06:30</date>
  <millis>1598198790651</millis>
  <sequence>5</sequence>
  <level>START</level>
  <class>com.kms.katalon.core.logging.XmlKeywordLogger</class>
  <method>startTest</method>
  <thread>1</thread>
  <message>Start Test Case : Test Cases/IST_Real/SLIK/SLIK_Gateway_Customer/Delete_KTPNumber_From_DB</message>
  <nestedLevel>1</nestedLevel>
  <property name="name">Test Cases/IST_Real/SLIK/SLIK_Gateway_Customer/Delete_KTPNumber_From_DB</property>
  <property name="description"></property>
  <property name="id">Test Cases/IST_Real/SLIK/SLIK_Gateway_Customer/Delete_KTPNumber_From_DB</property>
  <property name="source">\\Users\\chaidir.pratama01\\Katalon Studio\\IST_Automation_Git\\Test Cases\\IST_Real\\SLIK\\SLIK_Gateway_Customer\\Delete_KTPNumber_From_DB.tc</property>
  <property name="tag"></property>
  <property name="isOptional">false</property>
</record>
<record>
  <date>2020-08-23T23:06:30</date>
  <millis>1598198790905</millis>
  <sequence>7</sequence>
  <level>START</level>
  <class>com.kms.katalon.core.logging.XmlKeywordLogger</class>
  <method>startKeyword</method>
  <thread>1</thread>
  <message>Start action : runFeatureFile(\&amp;quot;Include/features/IST_Real/SLIK/SLIK Gateway Customer/Delete_KTPNumber_From_DB.feature\&amp;quot;)</message>
  <nestedLevel>1</nestedLevel>
  <property name="startLine">18</property>
  <property name="stepIndex">1</property>
</record>
<record>
  <date>2020-08-23T23:06:30</date>
  <millis>1598198790930</millis>
  <sequence>8</sequence>
  <level>INFO</level>
  <class>com.kms.katalon.core.logging.XmlKeywordLogger</class>
  <method>logMessage</method>
  <thread>1</thread>
  <message>Starting run keyword runFeatureFile: &amp;apos;Include/features/IST_Real/SLIK/SLIK Gateway Customer/Delete_KTPNumber_From_DB.feature&amp;apos; and extract report to folder: &amp;apos;/Users/chaidir.pratama01/Katalon Studio/IST_Automation_Git/Reports/20200823_230622/SLIK/TS_SLIK_Gateway_Customer/20200823_230622/cucumber_report/1598198790925&amp;apos;...</message>
  <nestedLevel>1</nestedLevel>
</record>
<record>
  <date>2020-08-23T23:06:31</date>
  <millis>1598198791405</millis>
  <sequence>9</sequence>
  <level>START</level>
  <class>com.kms.katalon.core.logging.XmlKeywordLogger</class>
  <method>startTest</method>
  <thread>1</thread>
  <message>Start Test Case : SCENARIO Delete_KTPNumber_From_DB</message>
  <nestedLevel>2</nestedLevel>
</record>
<record>
  <date>2020-08-23T23:06:31</date>
  <millis>1598198791407</millis>
  <sequence>10</sequence>
  <level>START</level>
  <class>com.kms.katalon.core.logging.XmlKeywordLogger</class>
  <method>startKeyword</method>
  <thread>1</thread>
  <message>Start action : Connect to Database</message>
  <nestedLevel>2</nestedLevel>
</record>
<record>
  <date>2020-08-23T23:06:33</date>
  <millis>1598198793027</millis>
  <sequence>11</sequence>
  <level>PASSED</level>
  <class>com.kms.katalon.core.logging.XmlKeywordLogger</class>
  <method>logMessage</method>
  <thread>1</thread>
  <message>Connect to Database</message>
  <nestedLevel>2</nestedLevel>
</record>
<record>
  <date>2020-08-23T23:06:33</date>
  <millis>1598198793027</millis>
  <sequence>12</sequence>
  <level>END</level>
  <class>com.kms.katalon.core.logging.XmlKeywordLogger</class>
  <method>endKeyword</method>
  <thread>1</thread>
  <message>End End action : Connect to Database</message>
  <nestedLevel>2</nestedLevel>
</record>
<record>
  <date>2020-08-23T23:06:33</date>
  <millis>1598198793028</millis>
  <sequence>13</sequence>
  <level>START</level>
  <class>com.kms.katalon.core.logging.XmlKeywordLogger</class>
  <method>startKeyword</method>
  <thread>1</thread>
  <message>Start action : Delete Contract From SLIK_DATA_CUSTOMER</message>
  <nestedLevel>2</nestedLevel>
</record>
<record>
  <date>2020-08-23T23:06:34</date>
  <millis>1598198794805</millis>
  <sequence>14</sequence>
  <level>PASSED</level>
  <class>com.kms.katalon.core.logging.XmlKeywordLogger</class>
  <method>logMessage</method>
  <thread>1</thread>
  <message>Delete Contract From SLIK_DATA_CUSTOMER</message>
  <nestedLevel>2</nestedLevel>
</record>
<record>
  <date>2020-08-23T23:06:34</date>
  <millis>1598198794805</millis>
  <sequence>15</sequence>
  <level>END</level>
  <class>com.kms.katalon.core.logging.XmlKeywordLogger</class>
  <method>endKeyword</method>
  <thread>1</thread>
  <message>End End action : Delete Contract From SLIK_DATA_CUSTOMER</message>
  <nestedLevel>2</nestedLevel>
</record>
<record>
  <date>2020-08-23T23:06:34</date>
  <millis>1598198794807</millis>
  <sequence>16</sequence>
  <level>PASSED</level>
  <class>com.kms.katalon.core.logging.XmlKeywordLogger</class>
  <method>logMessage</method>
  <thread>1</thread>
  <message>SCENARIO Delete_KTPNumber_From_DB</message>
  <nestedLevel>2</nestedLevel>
</record>
<record>
  <date>2020-08-23T23:06:34</date>
  <millis>1598198794808</millis>
  <sequence>17</sequence>
  <level>END</level>
  <class>com.kms.katalon.core.logging.XmlKeywordLogger</class>
  <method>endTest</method>
  <thread>1</thread>
  <message>End Test Case : SCENARIO Delete_KTPNumber_From_DB</message>
  <nestedLevel>1</nestedLevel>
</record>
<record>
  <date>2020-08-23T23:06:34</date>
  <millis>1598198794845</millis>
  <sequence>18</sequence>
  <level>PASSED</level>
  <class>com.kms.katalon.core.logging.XmlKeywordLogger</class>
  <method>logMessage</method>
  <thread>1</thread>
  <message>Feature file: &amp;apos;Include/features/IST_Real/SLIK/SLIK Gateway Customer/Delete_KTPNumber_From_DB.feature&amp;apos; was passed</message>
  <nestedLevel>1</nestedLevel>
</record>
<record>
  <date>2020-08-23T23:06:34</date>
  <millis>1598198794846</millis>
  <sequence>19</sequence>
  <level>END</level>
  <class>com.kms.katalon.core.logging.XmlKeywordLogger</class>
  <method>endKeyword</method>
  <thread>1</thread>
  <message>End action : runFeatureFile(\&amp;quot;Include/features/IST_Real/SLIK/SLIK Gateway Customer/Delete_KTPNumber_From_DB.feature\&amp;quot;)</message>
  <nestedLevel>1</nestedLevel>
</record>
<record>
  <date>2020-08-23T23:06:34</date>
  <millis>1598198794846</millis>
  <sequence>20</sequence>
  <level>PASSED</level>
  <class>com.kms.katalon.core.logging.XmlKeywordLogger</class>
  <method>logMessage</method>
  <thread>1</thread>
  <message>Test Cases/IST_Real/SLIK/SLIK_Gateway_Customer/Delete_KTPNumber_From_DB</message>
  <nestedLevel>1</nestedLevel>
</record>
<record>
  <date>2020-08-23T23:06:34</date>
  <millis>1598198794846</millis>
  <sequence>21</sequence>
  <level>END</level>
  <class>com.kms.katalon.core.logging.XmlKeywordLogger</class>
  <method>endTest</method>
  <thread>1</thread>
  <message>End Test Case : Test Cases/IST_Real/SLIK/SLIK_Gateway_Customer/Delete_KTPNumber_From_DB</message>
  <nestedLevel>0</nestedLevel>
</record>
<record>
  <date>2020-08-23T23:06:34</date>
  <millis>1598198794850</millis>
  <sequence>22</sequence>
  <level>START</level>
  <class>com.kms.katalon.core.logging.XmlKeywordLogger</class>
  <method>startTest</method>
  <thread>1</thread>
  <message>Start Test Case : Test Cases/IST_Real/SLIK/SLIK_Gateway_Customer/SLIK Gateway Customer Checking</message>
  <nestedLevel>1</nestedLevel>
  <property name="name">Test Cases/IST_Real/SLIK/SLIK_Gateway_Customer/SLIK Gateway Customer Checking</property>
  <property name="description"></property>
  <property name="id">Test Cases/IST_Real/SLIK/SLIK_Gateway_Customer/SLIK Gateway Customer Checking</property>
  <property name="source">\\Users\\chaidir.pratama01\\Katalon Studio\\IST_Automation_Git\\Test Cases\\IST_Real\\SLIK\\SLIK_Gateway_Customer\\SLIK Gateway Customer Checking.tc</property>
  <property name="tag"></property>
  <property name="isOptional">false</property>
</record>
<record>
  <date>2020-08-23T23:06:34</date>
  <millis>1598198794936</millis>
  <sequence>24</sequence>
  <level>START</level>
  <class>com.kms.katalon.core.logging.XmlKeywordLogger</class>
  <method>startKeyword</method>
  <thread>1</thread>
  <message>Start action : runFeatureFile(\&amp;quot;Include/features/IST_Real/SLIK/SLIK Gateway Customer/SLIK Gateway Customer Checking.feature\&amp;quot;)</message>
  <nestedLevel>1</nestedLevel>
  <property name="startLine">18</property>
  <property name="stepIndex">1</property>
</record>
<record>
  <date>2020-08-23T23:06:34</date>
  <millis>1598198794937</millis>
  <sequence>25</sequence>
  <level>INFO</level>
  <class>com.kms.katalon.core.logging.XmlKeywordLogger</class>
  <method>logMessage</method>
  <thread>1</thread>
  <message>Starting run keyword runFeatureFile: &amp;apos;Include/features/IST_Real/SLIK/SLIK Gateway Customer/SLIK Gateway Customer Checking.feature&amp;apos; and extract report to folder: &amp;apos;/Users/chaidir.pratama01/Katalon Studio/IST_Automation_Git/Reports/20200823_230622/SLIK/TS_SLIK_Gateway_Customer/20200823_230622/cucumber_report/1598198794937&amp;apos;...</message>
  <nestedLevel>1</nestedLevel>
</record>
<record>
  <date>2020-08-23T23:06:35</date>
  <millis>1598198795030</millis>
  <sequence>26</sequence>
  <level>START</level>
  <class>com.kms.katalon.core.logging.XmlKeywordLogger</class>
  <method>startTest</method>
  <thread>1</thread>
  <message>Start Test Case : SCENARIO SLIK Gateway Customer Checking</message>
  <nestedLevel>2</nestedLevel>
</record>
<record>
  <date>2020-08-23T23:06:35</date>
  <millis>1598198795031</millis>
  <sequence>27</sequence>
  <level>START</level>
  <class>com.kms.katalon.core.logging.XmlKeywordLogger</class>
  <method>startKeyword</method>
  <thread>1</thread>
  <message>Start action : Go to ISTools</message>
  <nestedLevel>2</nestedLevel>
</record>
<record>
  <date>2020-08-23T23:06:35</date>
  <millis>1598198795220</millis>
  <sequence>29</sequence>
  <level>INFO</level>
  <class>com.kms.katalon.core.logging.XmlKeywordLogger</class>
  <method>logMessage</method>
  <thread>1</thread>
  <message>Starting &amp;apos;Chrome&amp;apos; driver</message>
  <nestedLevel>2</nestedLevel>
</record>
<record>
  <date>2020-08-23T23:06:35</date>
  <millis>1598198795239</millis>
  <sequence>31</sequence>
  <level>INFO</level>
  <class>com.kms.katalon.core.logging.XmlKeywordLogger</class>
  <method>logMessage</method>
  <thread>1</thread>
  <message>Action delay is set to 0 milliseconds</message>
  <nestedLevel>2</nestedLevel>
</record>
<record>
  <date>2020-08-23T23:06:40</date>
  <millis>1598198800513</millis>
  <sequence>33</sequence>
  <level>RUN_DATA</level>
  <class>com.kms.katalon.core.logging.XmlKeywordLogger</class>
  <method>logMessage</method>
  <thread>1</thread>
  <message>sessionId = 0aae4e4784eeded6ffcf60de7bb1aa1f</message>
  <nestedLevel>2</nestedLevel>
  <property name="sessionId">0aae4e4784eeded6ffcf60de7bb1aa1f</property>
</record>
<record>
  <date>2020-08-23T23:06:40</date>
  <millis>1598198800530</millis>
  <sequence>34</sequence>
  <level>RUN_DATA</level>
  <class>com.kms.katalon.core.logging.XmlKeywordLogger</class>
  <method>logMessage</method>
  <thread>1</thread>
  <message>browser = Chrome 84.0.4147.135</message>
  <nestedLevel>2</nestedLevel>
  <property name="browser">Chrome 84.0.4147.135</property>
</record>
<record>
  <date>2020-08-23T23:06:40</date>
  <millis>1598198800531</millis>
  <sequence>35</sequence>
  <level>RUN_DATA</level>
  <class>com.kms.katalon.core.logging.XmlKeywordLogger</class>
  <method>logMessage</method>
  <thread>1</thread>
  <message>platform = Mac OS X</message>
  <nestedLevel>2</nestedLevel>
  <property name="platform">Mac OS X</property>
</record>
<record>
  <date>2020-08-23T23:06:40</date>
  <millis>1598198800531</millis>
  <sequence>36</sequence>
  <level>RUN_DATA</level>
  <class>com.kms.katalon.core.logging.XmlKeywordLogger</class>
  <method>logMessage</method>
  <thread>1</thread>
  <message>seleniumVersion = 3.141.59</message>
  <nestedLevel>2</nestedLevel>
  <property name="seleniumVersion">3.141.59</property>
</record>
<record>
  <date>2020-08-23T23:06:40</date>
  <millis>1598198800532</millis>
  <sequence>37</sequence>
  <level>RUN_DATA</level>
  <class>com.kms.katalon.core.logging.XmlKeywordLogger</class>
  <method>logMessage</method>
  <thread>1</thread>
  <message>proxyInformation = ProxyInformation { proxyOption=NO_PROXY, proxyServerType=HTTP, username=, password=********, proxyServerAddress=, proxyServerPort=0, executionList=\&amp;quot;\&amp;quot;, isApplyToDesiredCapabilities=true }</message>
  <nestedLevel>2</nestedLevel>
  <property name="proxyInformation">ProxyInformation { proxyOption=NO_PROXY, proxyServerType=HTTP, username=, password=********, proxyServerAddress=, proxyServerPort=0, executionList=\&quot;\&quot;, isApplyToDesiredCapabilities=true }</property>
</record>
<record>
  <date>2020-08-23T23:06:40</date>
  <millis>1598198800539</millis>
  <sequence>38</sequence>
  <level>PASSED</level>
  <class>com.kms.katalon.core.logging.XmlKeywordLogger</class>
  <method>logMessage</method>
  <thread>1</thread>
  <message>Browser is opened with url: &amp;apos;&amp;apos;</message>
  <nestedLevel>2</nestedLevel>
</record>
<record>
  <date>2020-08-23T23:06:42</date>
  <millis>1598198802208</millis>
  <sequence>41</sequence>
  <level>PASSED</level>
  <class>com.kms.katalon.core.logging.XmlKeywordLogger</class>
  <method>logMessage</method>
  <thread>1</thread>
  <message>Navigate to &amp;apos;https://dev-istools.homecredit.id/foundation/&amp;apos; successfully</message>
  <nestedLevel>2</nestedLevel>
</record>
<record>
  <date>2020-08-23T23:06:42</date>
  <millis>1598198802209</millis>
  <sequence>42</sequence>
  <level>PASSED</level>
  <class>com.kms.katalon.core.logging.XmlKeywordLogger</class>
  <method>logMessage</method>
  <thread>1</thread>
  <message>Go to ISTools</message>
  <nestedLevel>2</nestedLevel>
</record>
<record>
  <date>2020-08-23T23:06:42</date>
  <millis>1598198802209</millis>
  <sequence>43</sequence>
  <level>END</level>
  <class>com.kms.katalon.core.logging.XmlKeywordLogger</class>
  <method>endKeyword</method>
  <thread>1</thread>
  <message>End End action : Go to ISTools</message>
  <nestedLevel>2</nestedLevel>
</record>
<record>
  <date>2020-08-23T23:06:42</date>
  <millis>1598198802210</millis>
  <sequence>44</sequence>
  <level>START</level>
  <class>com.kms.katalon.core.logging.XmlKeywordLogger</class>
  <method>startKeyword</method>
  <thread>1</thread>
  <message>Start action : Login IST with valid credentials</message>
  <nestedLevel>2</nestedLevel>
</record>
<record>
  <date>2020-08-23T23:06:43</date>
  <millis>1598198803113</millis>
  <sequence>60</sequence>
  <level>PASSED</level>
  <class>com.kms.katalon.core.logging.XmlKeywordLogger</class>
  <method>logMessage</method>
  <thread>1</thread>
  <message>Text &amp;apos;mobile.test&amp;apos; is set on object &amp;apos;Object Repository/Page_/input_Username_j_username&amp;apos;</message>
  <nestedLevel>2</nestedLevel>
</record>
<record>
  <date>2020-08-23T23:06:43</date>
  <millis>1598198803665</millis>
  <sequence>71</sequence>
  <level>PASSED</level>
  <class>com.kms.katalon.core.logging.XmlKeywordLogger</class>
  <method>logMessage</method>
  <thread>1</thread>
  <message>Text ****** has been set on object &amp;apos;Object Repository/Page_/input_Password_j_password&amp;apos;</message>
  <nestedLevel>2</nestedLevel>
</record>
<record>
  <date>2020-08-23T23:06:44</date>
  <millis>1598198804696</millis>
  <sequence>80</sequence>
  <level>PASSED</level>
  <class>com.kms.katalon.core.logging.XmlKeywordLogger</class>
  <method>logMessage</method>
  <thread>1</thread>
  <message>Object: &amp;apos;Object Repository/Page_/button_Login&amp;apos; is clicked on</message>
  <nestedLevel>2</nestedLevel>
</record>
<record>
  <date>2020-08-23T23:06:44</date>
  <millis>1598198804696</millis>
  <sequence>81</sequence>
  <level>PASSED</level>
  <class>com.kms.katalon.core.logging.XmlKeywordLogger</class>
  <method>logMessage</method>
  <thread>1</thread>
  <message>Login IST with valid credentials</message>
  <nestedLevel>2</nestedLevel>
</record>
<record>
  <date>2020-08-23T23:06:44</date>
  <millis>1598198804697</millis>
  <sequence>82</sequence>
  <level>END</level>
  <class>com.kms.katalon.core.logging.XmlKeywordLogger</class>
  <method>endKeyword</method>
  <thread>1</thread>
  <message>End End action : Login IST with valid credentials</message>
  <nestedLevel>2</nestedLevel>
</record>
<record>
  <date>2020-08-23T23:06:44</date>
  <millis>1598198804697</millis>
  <sequence>83</sequence>
  <level>START</level>
  <class>com.kms.katalon.core.logging.XmlKeywordLogger</class>
  <method>startKeyword</method>
  <thread>1</thread>
  <message>Start action : Login Success for contract dispatcher</message>
  <nestedLevel>2</nestedLevel>
</record>
<record>
  <date>2020-08-23T23:06:44</date>
  <millis>1598198804707</millis>
  <sequence>84</sequence>
  <level>INFO</level>
  <class>com.kms.katalon.core.logging.XmlKeywordLogger</class>
  <method>logMessage</method>
  <thread>1</thread>
  <message>Login Success</message>
  <nestedLevel>2</nestedLevel>
</record>
<record>
  <date>2020-08-23T23:06:44</date>
  <millis>1598198804890</millis>
  <sequence>86</sequence>
  <level>PASSED</level>
  <class>com.kms.katalon.core.logging.XmlKeywordLogger</class>
  <method>logMessage</method>
  <thread>1</thread>
  <message>Current window maximized</message>
  <nestedLevel>2</nestedLevel>
</record>
<record>
  <date>2020-08-23T23:06:45</date>
  <millis>1598198805262</millis>
  <sequence>94</sequence>
  <level>PASSED</level>
  <class>com.kms.katalon.core.logging.XmlKeywordLogger</class>
  <method>logMessage</method>
  <thread>1</thread>
  <message>Object &amp;apos;Object Repository/Page_/h1_Welcome to IT Supporting Tools&amp;apos; is present</message>
  <nestedLevel>2</nestedLevel>
</record>
<record>
  <date>2020-08-23T23:06:45</date>
  <millis>1598198805262</millis>
  <sequence>95</sequence>
  <level>PASSED</level>
  <class>com.kms.katalon.core.logging.XmlKeywordLogger</class>
  <method>logMessage</method>
  <thread>1</thread>
  <message>Login Success for contract dispatcher</message>
  <nestedLevel>2</nestedLevel>
</record>
<record>
  <date>2020-08-23T23:06:45</date>
  <millis>1598198805263</millis>
  <sequence>96</sequence>
  <level>END</level>
  <class>com.kms.katalon.core.logging.XmlKeywordLogger</class>
  <method>endKeyword</method>
  <thread>1</thread>
  <message>End End action : Login Success for contract dispatcher</message>
  <nestedLevel>2</nestedLevel>
</record>
<record>
  <date>2020-08-23T23:06:45</date>
  <millis>1598198805263</millis>
  <sequence>97</sequence>
  <level>START</level>
  <class>com.kms.katalon.core.logging.XmlKeywordLogger</class>
  <method>startKeyword</method>
  <thread>1</thread>
  <message>Start action : Select Menu SLIK Gateway Customer</message>
  <nestedLevel>2</nestedLevel>
</record>
<record>
  <date>2020-08-23T23:06:45</date>
  <millis>1598198805614</millis>
  <sequence>104</sequence>
  <level>PASSED</level>
  <class>com.kms.katalon.core.logging.XmlKeywordLogger</class>
  <method>logMessage</method>
  <thread>1</thread>
  <message>Object &amp;apos;&amp;apos; is present</message>
  <nestedLevel>2</nestedLevel>
</record>
<record>
  <date>2020-08-23T23:06:45</date>
  <millis>1598198805886</millis>
  <sequence>112</sequence>
  <level>PASSED</level>
  <class>com.kms.katalon.core.logging.XmlKeywordLogger</class>
  <method>logMessage</method>
  <thread>1</thread>
  <message>Object: &amp;apos;&amp;apos; is clicked on</message>
  <nestedLevel>2</nestedLevel>
</record>
<record>
  <date>2020-08-23T23:06:45</date>
  <millis>1598198805943</millis>
  <sequence>114</sequence>
  <level>PASSED</level>
  <class>com.kms.katalon.core.logging.XmlKeywordLogger</class>
  <method>logMessage</method>
  <thread>1</thread>
  <message>Wait for page load successfully</message>
  <nestedLevel>2</nestedLevel>
</record>
<record>
  <date>2020-08-23T23:06:45</date>
  <millis>1598198805944</millis>
  <sequence>115</sequence>
  <level>PASSED</level>
  <class>com.kms.katalon.core.logging.XmlKeywordLogger</class>
  <method>logMessage</method>
  <thread>1</thread>
  <message>Select Menu SLIK Gateway Customer</message>
  <nestedLevel>2</nestedLevel>
</record>
<record>
  <date>2020-08-23T23:06:45</date>
  <millis>1598198805944</millis>
  <sequence>116</sequence>
  <level>END</level>
  <class>com.kms.katalon.core.logging.XmlKeywordLogger</class>
  <method>endKeyword</method>
  <thread>1</thread>
  <message>End End action : Select Menu SLIK Gateway Customer</message>
  <nestedLevel>2</nestedLevel>
</record>
<record>
  <date>2020-08-23T23:06:45</date>
  <millis>1598198805945</millis>
  <sequence>117</sequence>
  <level>START</level>
  <class>com.kms.katalon.core.logging.XmlKeywordLogger</class>
  <method>startKeyword</method>
  <thread>1</thread>
  <message>Start action : Input Data KTP Number</message>
  <nestedLevel>2</nestedLevel>
</record>
<record>
  <date>2020-08-23T23:06:47</date>
  <millis>1598198807211</millis>
  <sequence>132</sequence>
  <level>PASSED</level>
  <class>com.kms.katalon.core.logging.XmlKeywordLogger</class>
  <method>logMessage</method>
  <thread>1</thread>
  <message>Text &amp;apos;9999999999999999&amp;apos; is set on object &amp;apos;&amp;apos;</message>
  <nestedLevel>2</nestedLevel>
</record>
<record>
  <date>2020-08-23T23:06:47</date>
  <millis>1598198807212</millis>
  <sequence>133</sequence>
  <level>PASSED</level>
  <class>com.kms.katalon.core.logging.XmlKeywordLogger</class>
  <method>logMessage</method>
  <thread>1</thread>
  <message>Input Data KTP Number</message>
  <nestedLevel>2</nestedLevel>
</record>
<record>
  <date>2020-08-23T23:06:47</date>
  <millis>1598198807212</millis>
  <sequence>134</sequence>
  <level>END</level>
  <class>com.kms.katalon.core.logging.XmlKeywordLogger</class>
  <method>endKeyword</method>
  <thread>1</thread>
  <message>End End action : Input Data KTP Number</message>
  <nestedLevel>2</nestedLevel>
</record>
<record>
  <date>2020-08-23T23:06:47</date>
  <millis>1598198807213</millis>
  <sequence>135</sequence>
  <level>START</level>
  <class>com.kms.katalon.core.logging.XmlKeywordLogger</class>
  <method>startKeyword</method>
  <thread>1</thread>
  <message>Start action : Input Data \&amp;quot;Name *\&amp;quot; with value \&amp;quot;OPEX TestingAuto\&amp;quot; for Check SLIK</message>
  <nestedLevel>2</nestedLevel>
</record>
<record>
  <date>2020-08-23T23:06:47</date>
  <millis>1598198807967</millis>
  <sequence>150</sequence>
  <level>PASSED</level>
  <class>com.kms.katalon.core.logging.XmlKeywordLogger</class>
  <method>logMessage</method>
  <thread>1</thread>
  <message>Text &amp;apos;OPEX TestingAuto&amp;apos; is set on object &amp;apos;&amp;apos;</message>
  <nestedLevel>2</nestedLevel>
</record>
<record>
  <date>2020-08-23T23:06:47</date>
  <millis>1598198807967</millis>
  <sequence>151</sequence>
  <level>PASSED</level>
  <class>com.kms.katalon.core.logging.XmlKeywordLogger</class>
  <method>logMessage</method>
  <thread>1</thread>
  <message>Input Data \&amp;quot;Name *\&amp;quot; with value \&amp;quot;OPEX TestingAuto\&amp;quot; for Check SLIK</message>
  <nestedLevel>2</nestedLevel>
</record>
<record>
  <date>2020-08-23T23:06:47</date>
  <millis>1598198807968</millis>
  <sequence>152</sequence>
  <level>END</level>
  <class>com.kms.katalon.core.logging.XmlKeywordLogger</class>
  <method>endKeyword</method>
  <thread>1</thread>
  <message>End End action : Input Data \&amp;quot;Name *\&amp;quot; with value \&amp;quot;OPEX TestingAuto\&amp;quot; for Check SLIK</message>
  <nestedLevel>2</nestedLevel>
</record>
<record>
  <date>2020-08-23T23:06:47</date>
  <millis>1598198807969</millis>
  <sequence>153</sequence>
  <level>START</level>
  <class>com.kms.katalon.core.logging.XmlKeywordLogger</class>
  <method>startKeyword</method>
  <thread>1</thread>
  <message>Start action : Input Date of Birth \&amp;quot;20-02-1990\&amp;quot;</message>
  <nestedLevel>2</nestedLevel>
</record>
<record>
  <date>2020-08-23T23:06:48</date>
  <millis>1598198808612</millis>
  <sequence>168</sequence>
  <level>PASSED</level>
  <class>com.kms.katalon.core.logging.XmlKeywordLogger</class>
  <method>logMessage</method>
  <thread>1</thread>
  <message>Text &amp;apos;20-02-1990&amp;apos; is set on object &amp;apos;&amp;apos;</message>
  <nestedLevel>2</nestedLevel>
</record>
<record>
  <date>2020-08-23T23:06:48</date>
  <millis>1598198808612</millis>
  <sequence>169</sequence>
  <level>PASSED</level>
  <class>com.kms.katalon.core.logging.XmlKeywordLogger</class>
  <method>logMessage</method>
  <thread>1</thread>
  <message>Input Date of Birth \&amp;quot;20-02-1990\&amp;quot;</message>
  <nestedLevel>2</nestedLevel>
</record>
<record>
  <date>2020-08-23T23:06:48</date>
  <millis>1598198808612</millis>
  <sequence>170</sequence>
  <level>END</level>
  <class>com.kms.katalon.core.logging.XmlKeywordLogger</class>
  <method>endKeyword</method>
  <thread>1</thread>
  <message>End End action : Input Date of Birth \&amp;quot;20-02-1990\&amp;quot;</message>
  <nestedLevel>2</nestedLevel>
</record>
<record>
  <date>2020-08-23T23:06:48</date>
  <millis>1598198808613</millis>
  <sequence>171</sequence>
  <level>START</level>
  <class>com.kms.katalon.core.logging.XmlKeywordLogger</class>
  <method>startKeyword</method>
  <thread>1</thread>
  <message>Start action : Select Gender \&amp;quot;Laki-laki\&amp;quot;</message>
  <nestedLevel>2</nestedLevel>
</record>
<record>
  <date>2020-08-23T23:06:49</date>
  <millis>1598198809010</millis>
  <sequence>179</sequence>
  <level>PASSED</level>
  <class>com.kms.katalon.core.logging.XmlKeywordLogger</class>
  <method>logMessage</method>
  <thread>1</thread>
  <message>Object: &amp;apos;&amp;apos; is clicked on</message>
  <nestedLevel>2</nestedLevel>
</record>
<record>
  <date>2020-08-23T23:06:49</date>
  <millis>1598198809011</millis>
  <sequence>180</sequence>
  <level>PASSED</level>
  <class>com.kms.katalon.core.logging.XmlKeywordLogger</class>
  <method>logMessage</method>
  <thread>1</thread>
  <message>Select Gender \&amp;quot;Laki-laki\&amp;quot;</message>
  <nestedLevel>2</nestedLevel>
</record>
<record>
  <date>2020-08-23T23:06:49</date>
  <millis>1598198809011</millis>
  <sequence>181</sequence>
  <level>END</level>
  <class>com.kms.katalon.core.logging.XmlKeywordLogger</class>
  <method>endKeyword</method>
  <thread>1</thread>
  <message>End End action : Select Gender \&amp;quot;Laki-laki\&amp;quot;</message>
  <nestedLevel>2</nestedLevel>
</record>
<record>
  <date>2020-08-23T23:06:49</date>
  <millis>1598198809011</millis>
  <sequence>182</sequence>
  <level>START</level>
  <class>com.kms.katalon.core.logging.XmlKeywordLogger</class>
  <method>startKeyword</method>
  <thread>1</thread>
  <message>Start action : Select Purpose is \&amp;quot;Penilaian Calon Kemitraan\&amp;quot;</message>
  <nestedLevel>2</nestedLevel>
</record>
<record>
  <date>2020-08-23T23:06:50</date>
  <millis>1598198810173</millis>
  <sequence>194</sequence>
  <level>PASSED</level>
  <class>com.kms.katalon.core.logging.XmlKeywordLogger</class>
  <method>logMessage</method>
  <thread>1</thread>
  <message>All options with value &amp;apos;Penilaian Calon Kemitraan&amp;apos; are selected in object &amp;apos;&amp;apos;  using regular expression</message>
  <nestedLevel>2</nestedLevel>
</record>
<record>
  <date>2020-08-23T23:06:50</date>
  <millis>1598198810174</millis>
  <sequence>195</sequence>
  <level>PASSED</level>
  <class>com.kms.katalon.core.logging.XmlKeywordLogger</class>
  <method>logMessage</method>
  <thread>1</thread>
  <message>Select Purpose is \&amp;quot;Penilaian Calon Kemitraan\&amp;quot;</message>
  <nestedLevel>2</nestedLevel>
</record>
<record>
  <date>2020-08-23T23:06:50</date>
  <millis>1598198810174</millis>
  <sequence>196</sequence>
  <level>END</level>
  <class>com.kms.katalon.core.logging.XmlKeywordLogger</class>
  <method>endKeyword</method>
  <thread>1</thread>
  <message>End End action : Select Purpose is \&amp;quot;Penilaian Calon Kemitraan\&amp;quot;</message>
  <nestedLevel>2</nestedLevel>
</record>
<record>
  <date>2020-08-23T23:06:50</date>
  <millis>1598198810175</millis>
  <sequence>197</sequence>
  <level>START</level>
  <class>com.kms.katalon.core.logging.XmlKeywordLogger</class>
  <method>startKeyword</method>
  <thread>1</thread>
  <message>Start action : Input Data \&amp;quot;Place of Birth\&amp;quot; with value \&amp;quot;Jakarta\&amp;quot; for Check SLIK</message>
  <nestedLevel>2</nestedLevel>
</record>
<record>
  <date>2020-08-23T23:06:50</date>
  <millis>1598198810952</millis>
  <sequence>212</sequence>
  <level>PASSED</level>
  <class>com.kms.katalon.core.logging.XmlKeywordLogger</class>
  <method>logMessage</method>
  <thread>1</thread>
  <message>Text &amp;apos;Jakarta&amp;apos; is set on object &amp;apos;&amp;apos;</message>
  <nestedLevel>2</nestedLevel>
</record>
<record>
  <date>2020-08-23T23:06:50</date>
  <millis>1598198810952</millis>
  <sequence>213</sequence>
  <level>PASSED</level>
  <class>com.kms.katalon.core.logging.XmlKeywordLogger</class>
  <method>logMessage</method>
  <thread>1</thread>
  <message>Input Data \&amp;quot;Place of Birth\&amp;quot; with value \&amp;quot;Jakarta\&amp;quot; for Check SLIK</message>
  <nestedLevel>2</nestedLevel>
</record>
<record>
  <date>2020-08-23T23:06:50</date>
  <millis>1598198810953</millis>
  <sequence>214</sequence>
  <level>END</level>
  <class>com.kms.katalon.core.logging.XmlKeywordLogger</class>
  <method>endKeyword</method>
  <thread>1</thread>
  <message>End End action : Input Data \&amp;quot;Place of Birth\&amp;quot; with value \&amp;quot;Jakarta\&amp;quot; for Check SLIK</message>
  <nestedLevel>2</nestedLevel>
</record>
<record>
  <date>2020-08-23T23:06:50</date>
  <millis>1598198810953</millis>
  <sequence>215</sequence>
  <level>START</level>
  <class>com.kms.katalon.core.logging.XmlKeywordLogger</class>
  <method>startKeyword</method>
  <thread>1</thread>
  <message>Start action : Input Data \&amp;quot;Mother Maternity Name\&amp;quot; with value \&amp;quot;Tester Auto\&amp;quot; for Check SLIK</message>
  <nestedLevel>2</nestedLevel>
</record>
<record>
  <date>2020-08-23T23:06:51</date>
  <millis>1598198811593</millis>
  <sequence>230</sequence>
  <level>PASSED</level>
  <class>com.kms.katalon.core.logging.XmlKeywordLogger</class>
  <method>logMessage</method>
  <thread>1</thread>
  <message>Text &amp;apos;Tester Auto&amp;apos; is set on object &amp;apos;&amp;apos;</message>
  <nestedLevel>2</nestedLevel>
</record>
<record>
  <date>2020-08-23T23:06:51</date>
  <millis>1598198811593</millis>
  <sequence>231</sequence>
  <level>PASSED</level>
  <class>com.kms.katalon.core.logging.XmlKeywordLogger</class>
  <method>logMessage</method>
  <thread>1</thread>
  <message>Input Data \&amp;quot;Mother Maternity Name\&amp;quot; with value \&amp;quot;Tester Auto\&amp;quot; for Check SLIK</message>
  <nestedLevel>2</nestedLevel>
</record>
<record>
  <date>2020-08-23T23:06:51</date>
  <millis>1598198811593</millis>
  <sequence>232</sequence>
  <level>END</level>
  <class>com.kms.katalon.core.logging.XmlKeywordLogger</class>
  <method>endKeyword</method>
  <thread>1</thread>
  <message>End End action : Input Data \&amp;quot;Mother Maternity Name\&amp;quot; with value \&amp;quot;Tester Auto\&amp;quot; for Check SLIK</message>
  <nestedLevel>2</nestedLevel>
</record>
<record>
  <date>2020-08-23T23:06:51</date>
  <millis>1598198811594</millis>
  <sequence>233</sequence>
  <level>START</level>
  <class>com.kms.katalon.core.logging.XmlKeywordLogger</class>
  <method>startKeyword</method>
  <thread>1</thread>
  <message>Start action : Input KTP Address \&amp;quot;TESTING AUTO JAKARTA\&amp;quot;</message>
  <nestedLevel>2</nestedLevel>
</record>
<record>
  <date>2020-08-23T23:06:52</date>
  <millis>1598198812258</millis>
  <sequence>248</sequence>
  <level>PASSED</level>
  <class>com.kms.katalon.core.logging.XmlKeywordLogger</class>
  <method>logMessage</method>
  <thread>1</thread>
  <message>Text &amp;apos;TESTING AUTO JAKARTA&amp;apos; is set on object &amp;apos;&amp;apos;</message>
  <nestedLevel>2</nestedLevel>
</record>
<record>
  <date>2020-08-23T23:06:52</date>
  <millis>1598198812258</millis>
  <sequence>249</sequence>
  <level>PASSED</level>
  <class>com.kms.katalon.core.logging.XmlKeywordLogger</class>
  <method>logMessage</method>
  <thread>1</thread>
  <message>Input KTP Address \&amp;quot;TESTING AUTO JAKARTA\&amp;quot;</message>
  <nestedLevel>2</nestedLevel>
</record>
<record>
  <date>2020-08-23T23:06:52</date>
  <millis>1598198812259</millis>
  <sequence>250</sequence>
  <level>END</level>
  <class>com.kms.katalon.core.logging.XmlKeywordLogger</class>
  <method>endKeyword</method>
  <thread>1</thread>
  <message>End End action : Input KTP Address \&amp;quot;TESTING AUTO JAKARTA\&amp;quot;</message>
  <nestedLevel>2</nestedLevel>
</record>
<record>
  <date>2020-08-23T23:06:52</date>
  <millis>1598198812259</millis>
  <sequence>251</sequence>
  <level>START</level>
  <class>com.kms.katalon.core.logging.XmlKeywordLogger</class>
  <method>startKeyword</method>
  <thread>1</thread>
  <message>Start action : Click button \&amp;quot;Check SLIK\&amp;quot;</message>
  <nestedLevel>2</nestedLevel>
</record>
<record>
  <date>2020-08-23T23:06:52</date>
  <millis>1598198812272</millis>
  <sequence>252</sequence>
  <level>INFO</level>
  <class>com.kms.katalon.core.logging.XmlKeywordLogger</class>
  <method>logMessage</method>
  <thread>1</thread>
  <message>&amp;gt;&amp;gt;&amp;gt;&amp;gt;&amp;gt;//Button[contains(text(),&amp;apos;Check SLIK&amp;apos;)]</message>
  <nestedLevel>2</nestedLevel>
</record>
<record>
  <date>2020-08-23T23:06:55</date>
  <millis>1598198815563</millis>
  <sequence>260</sequence>
  <level>PASSED</level>
  <class>com.kms.katalon.core.logging.XmlKeywordLogger</class>
  <method>logMessage</method>
  <thread>1</thread>
  <message>Object: &amp;apos;&amp;apos; is clicked on</message>
  <nestedLevel>2</nestedLevel>
</record>
<record>
  <date>2020-08-23T23:06:55</date>
  <millis>1598198815564</millis>
  <sequence>261</sequence>
  <level>PASSED</level>
  <class>com.kms.katalon.core.logging.XmlKeywordLogger</class>
  <method>logMessage</method>
  <thread>1</thread>
  <message>Click button \&amp;quot;Check SLIK\&amp;quot;</message>
  <nestedLevel>2</nestedLevel>
</record>
<record>
  <date>2020-08-23T23:06:55</date>
  <millis>1598198815564</millis>
  <sequence>262</sequence>
  <level>END</level>
  <class>com.kms.katalon.core.logging.XmlKeywordLogger</class>
  <method>endKeyword</method>
  <thread>1</thread>
  <message>End End action : Click button \&amp;quot;Check SLIK\&amp;quot;</message>
  <nestedLevel>2</nestedLevel>
</record>
<record>
  <date>2020-08-23T23:06:55</date>
  <millis>1598198815565</millis>
  <sequence>263</sequence>
  <level>START</level>
  <class>com.kms.katalon.core.logging.XmlKeywordLogger</class>
  <method>startKeyword</method>
  <thread>1</thread>
  <message>Start action : Get text from pop up \&amp;quot;Confirmation Submit Request\&amp;quot; with text \&amp;quot;Are you sure to submit this data ?\&amp;quot;</message>
  <nestedLevel>2</nestedLevel>
</record>
<record>
  <date>2020-08-23T23:06:56</date>
  <millis>1598198816108</millis>
  <sequence>270</sequence>
  <level>PASSED</level>
  <class>com.kms.katalon.core.logging.XmlKeywordLogger</class>
  <method>logMessage</method>
  <thread>1</thread>
  <message>Object &amp;apos;&amp;apos; is present</message>
  <nestedLevel>2</nestedLevel>
</record>
<record>
  <date>2020-08-23T23:06:56</date>
  <millis>1598198816117</millis>
  <sequence>272</sequence>
  <level>PASSED</level>
  <class>com.kms.katalon.core.logging.XmlKeywordLogger</class>
  <method>logMessage</method>
  <thread>1</thread>
  <message>Wait for page load successfully</message>
  <nestedLevel>2</nestedLevel>
</record>
<record>
  <date>2020-08-23T23:06:56</date>
  <millis>1598198816127</millis>
  <sequence>274</sequence>
  <level>PASSED</level>
  <class>com.kms.katalon.core.logging.XmlKeywordLogger</class>
  <method>logMessage</method>
  <thread>1</thread>
  <message>Wait for page load successfully</message>
  <nestedLevel>2</nestedLevel>
</record>
<record>
  <date>2020-08-23T23:06:56</date>
  <millis>1598198816127</millis>
  <sequence>275</sequence>
  <level>PASSED</level>
  <class>com.kms.katalon.core.logging.XmlKeywordLogger</class>
  <method>logMessage</method>
  <thread>1</thread>
  <message>Get text from pop up \&amp;quot;Confirmation Submit Request\&amp;quot; with text \&amp;quot;Are you sure to submit this data ?\&amp;quot;</message>
  <nestedLevel>2</nestedLevel>
</record>
<record>
  <date>2020-08-23T23:06:56</date>
  <millis>1598198816127</millis>
  <sequence>276</sequence>
  <level>END</level>
  <class>com.kms.katalon.core.logging.XmlKeywordLogger</class>
  <method>endKeyword</method>
  <thread>1</thread>
  <message>End End action : Get text from pop up \&amp;quot;Confirmation Submit Request\&amp;quot; with text \&amp;quot;Are you sure to submit this data ?\&amp;quot;</message>
  <nestedLevel>2</nestedLevel>
</record>
<record>
  <date>2020-08-23T23:06:56</date>
  <millis>1598198816128</millis>
  <sequence>277</sequence>
  <level>START</level>
  <class>com.kms.katalon.core.logging.XmlKeywordLogger</class>
  <method>startKeyword</method>
  <thread>1</thread>
  <message>Start action : Click button \&amp;quot;Yes\&amp;quot;</message>
  <nestedLevel>2</nestedLevel>
</record>
<record>
  <date>2020-08-23T23:06:56</date>
  <millis>1598198816129</millis>
  <sequence>278</sequence>
  <level>INFO</level>
  <class>com.kms.katalon.core.logging.XmlKeywordLogger</class>
  <method>logMessage</method>
  <thread>1</thread>
  <message>&amp;gt;&amp;gt;&amp;gt;&amp;gt;&amp;gt;//Button[contains(text(),&amp;apos;Yes&amp;apos;)]</message>
  <nestedLevel>2</nestedLevel>
</record>
<record>
  <date>2020-08-23T23:06:59</date>
  <millis>1598198819395</millis>
  <sequence>286</sequence>
  <level>PASSED</level>
  <class>com.kms.katalon.core.logging.XmlKeywordLogger</class>
  <method>logMessage</method>
  <thread>1</thread>
  <message>Object: &amp;apos;&amp;apos; is clicked on</message>
  <nestedLevel>2</nestedLevel>
</record>
<record>
  <date>2020-08-23T23:06:59</date>
  <millis>1598198819395</millis>
  <sequence>287</sequence>
  <level>PASSED</level>
  <class>com.kms.katalon.core.logging.XmlKeywordLogger</class>
  <method>logMessage</method>
  <thread>1</thread>
  <message>Click button \&amp;quot;Yes\&amp;quot;</message>
  <nestedLevel>2</nestedLevel>
</record>
<record>
  <date>2020-08-23T23:06:59</date>
  <millis>1598198819396</millis>
  <sequence>288</sequence>
  <level>END</level>
  <class>com.kms.katalon.core.logging.XmlKeywordLogger</class>
  <method>endKeyword</method>
  <thread>1</thread>
  <message>End End action : Click button \&amp;quot;Yes\&amp;quot;</message>
  <nestedLevel>2</nestedLevel>
</record>
<record>
  <date>2020-08-23T23:06:59</date>
  <millis>1598198819396</millis>
  <sequence>289</sequence>
  <level>START</level>
  <class>com.kms.katalon.core.logging.XmlKeywordLogger</class>
  <method>startKeyword</method>
  <thread>1</thread>
  <message>Start action : Verify KTP Number Request Success</message>
  <nestedLevel>2</nestedLevel>
</record>
<record>
  <date>2020-08-23T23:07:09</date>
  <millis>1598198829638</millis>
  <sequence>296</sequence>
  <level>PASSED</level>
  <class>com.kms.katalon.core.logging.XmlKeywordLogger</class>
  <method>logMessage</method>
  <thread>1</thread>
  <message>Object &amp;apos;&amp;apos; is present</message>
  <nestedLevel>2</nestedLevel>
</record>
<record>
  <date>2020-08-23T23:07:09</date>
  <millis>1598198829638</millis>
  <sequence>297</sequence>
  <level>PASSED</level>
  <class>com.kms.katalon.core.logging.XmlKeywordLogger</class>
  <method>logMessage</method>
  <thread>1</thread>
  <message>Verify KTP Number Request Success</message>
  <nestedLevel>2</nestedLevel>
</record>
<record>
  <date>2020-08-23T23:07:09</date>
  <millis>1598198829638</millis>
  <sequence>298</sequence>
  <level>END</level>
  <class>com.kms.katalon.core.logging.XmlKeywordLogger</class>
  <method>endKeyword</method>
  <thread>1</thread>
  <message>End End action : Verify KTP Number Request Success</message>
  <nestedLevel>2</nestedLevel>
</record>
<record>
  <date>2020-08-23T23:07:09</date>
  <millis>1598198829639</millis>
  <sequence>299</sequence>
  <level>START</level>
  <class>com.kms.katalon.core.logging.XmlKeywordLogger</class>
  <method>startKeyword</method>
  <thread>1</thread>
  <message>Start action : Click button \&amp;quot;OK\&amp;quot;</message>
  <nestedLevel>2</nestedLevel>
</record>
<record>
  <date>2020-08-23T23:07:09</date>
  <millis>1598198829640</millis>
  <sequence>300</sequence>
  <level>INFO</level>
  <class>com.kms.katalon.core.logging.XmlKeywordLogger</class>
  <method>logMessage</method>
  <thread>1</thread>
  <message>&amp;gt;&amp;gt;&amp;gt;&amp;gt;&amp;gt;//Button[contains(text(),&amp;apos;OK&amp;apos;)]</message>
  <nestedLevel>2</nestedLevel>
</record>
<record>
  <date>2020-08-23T23:07:13</date>
  <millis>1598198833009</millis>
  <sequence>308</sequence>
  <level>PASSED</level>
  <class>com.kms.katalon.core.logging.XmlKeywordLogger</class>
  <method>logMessage</method>
  <thread>1</thread>
  <message>Object: &amp;apos;&amp;apos; is clicked on</message>
  <nestedLevel>2</nestedLevel>
</record>
<record>
  <date>2020-08-23T23:07:13</date>
  <millis>1598198833010</millis>
  <sequence>309</sequence>
  <level>PASSED</level>
  <class>com.kms.katalon.core.logging.XmlKeywordLogger</class>
  <method>logMessage</method>
  <thread>1</thread>
  <message>Click button \&amp;quot;OK\&amp;quot;</message>
  <nestedLevel>2</nestedLevel>
</record>
<record>
  <date>2020-08-23T23:07:13</date>
  <millis>1598198833010</millis>
  <sequence>310</sequence>
  <level>END</level>
  <class>com.kms.katalon.core.logging.XmlKeywordLogger</class>
  <method>endKeyword</method>
  <thread>1</thread>
  <message>End End action : Click button \&amp;quot;OK\&amp;quot;</message>
  <nestedLevel>2</nestedLevel>
</record>
<record>
  <date>2020-08-23T23:07:13</date>
  <millis>1598198833010</millis>
  <sequence>311</sequence>
  <level>START</level>
  <class>com.kms.katalon.core.logging.XmlKeywordLogger</class>
  <method>startKeyword</method>
  <thread>1</thread>
  <message>Start action : Click button \&amp;quot;Logout\&amp;quot;</message>
  <nestedLevel>2</nestedLevel>
</record>
<record>
  <date>2020-08-23T23:07:13</date>
  <millis>1598198833012</millis>
  <sequence>312</sequence>
  <level>INFO</level>
  <class>com.kms.katalon.core.logging.XmlKeywordLogger</class>
  <method>logMessage</method>
  <thread>1</thread>
  <message>&amp;gt;&amp;gt;&amp;gt;&amp;gt;&amp;gt;//Button[contains(text(),&amp;apos;Logout&amp;apos;)]</message>
  <nestedLevel>2</nestedLevel>
</record>
<record>
  <date>2020-08-23T23:07:16</date>
  <millis>1598198836509</millis>
  <sequence>320</sequence>
  <level>PASSED</level>
  <class>com.kms.katalon.core.logging.XmlKeywordLogger</class>
  <method>logMessage</method>
  <thread>1</thread>
  <message>Object: &amp;apos;&amp;apos; is clicked on</message>
  <nestedLevel>2</nestedLevel>
</record>
<record>
  <date>2020-08-23T23:07:16</date>
  <millis>1598198836509</millis>
  <sequence>321</sequence>
  <level>PASSED</level>
  <class>com.kms.katalon.core.logging.XmlKeywordLogger</class>
  <method>logMessage</method>
  <thread>1</thread>
  <message>Click button \&amp;quot;Logout\&amp;quot;</message>
  <nestedLevel>2</nestedLevel>
</record>
<record>
  <date>2020-08-23T23:07:16</date>
  <millis>1598198836509</millis>
  <sequence>322</sequence>
  <level>END</level>
  <class>com.kms.katalon.core.logging.XmlKeywordLogger</class>
  <method>endKeyword</method>
  <thread>1</thread>
  <message>End End action : Click button \&amp;quot;Logout\&amp;quot;</message>
  <nestedLevel>2</nestedLevel>
</record>
<record>
  <date>2020-08-23T23:07:16</date>
  <millis>1598198836510</millis>
  <sequence>323</sequence>
  <level>START</level>
  <class>com.kms.katalon.core.logging.XmlKeywordLogger</class>
  <method>startKeyword</method>
  <thread>1</thread>
  <message>Start action : Close browser</message>
  <nestedLevel>2</nestedLevel>
</record>
<record>
  <date>2020-08-23T23:07:16</date>
  <millis>1598198836604</millis>
  <sequence>325</sequence>
  <level>PASSED</level>
  <class>com.kms.katalon.core.logging.XmlKeywordLogger</class>
  <method>logMessage</method>
  <thread>1</thread>
  <message>Browser is closed</message>
  <nestedLevel>2</nestedLevel>
</record>
<record>
  <date>2020-08-23T23:07:16</date>
  <millis>1598198836605</millis>
  <sequence>326</sequence>
  <level>PASSED</level>
  <class>com.kms.katalon.core.logging.XmlKeywordLogger</class>
  <method>logMessage</method>
  <thread>1</thread>
  <message>Close browser</message>
  <nestedLevel>2</nestedLevel>
</record>
<record>
  <date>2020-08-23T23:07:16</date>
  <millis>1598198836605</millis>
  <sequence>327</sequence>
  <level>END</level>
  <class>com.kms.katalon.core.logging.XmlKeywordLogger</class>
  <method>endKeyword</method>
  <thread>1</thread>
  <message>End End action : Close browser</message>
  <nestedLevel>2</nestedLevel>
</record>
<record>
  <date>2020-08-23T23:07:16</date>
  <millis>1598198836606</millis>
  <sequence>328</sequence>
  <level>PASSED</level>
  <class>com.kms.katalon.core.logging.XmlKeywordLogger</class>
  <method>logMessage</method>
  <thread>1</thread>
  <message>SCENARIO SLIK Gateway Customer Checking</message>
  <nestedLevel>2</nestedLevel>
</record>
<record>
  <date>2020-08-23T23:07:16</date>
  <millis>1598198836606</millis>
  <sequence>329</sequence>
  <level>END</level>
  <class>com.kms.katalon.core.logging.XmlKeywordLogger</class>
  <method>endTest</method>
  <thread>1</thread>
  <message>End Test Case : SCENARIO SLIK Gateway Customer Checking</message>
  <nestedLevel>1</nestedLevel>
</record>
<record>
  <date>2020-08-23T23:07:16</date>
  <millis>1598198836614</millis>
  <sequence>330</sequence>
  <level>PASSED</level>
  <class>com.kms.katalon.core.logging.XmlKeywordLogger</class>
  <method>logMessage</method>
  <thread>1</thread>
  <message>Feature file: &amp;apos;Include/features/IST_Real/SLIK/SLIK Gateway Customer/SLIK Gateway Customer Checking.feature&amp;apos; was passed</message>
  <nestedLevel>1</nestedLevel>
</record>
<record>
  <date>2020-08-23T23:07:16</date>
  <millis>1598198836614</millis>
  <sequence>331</sequence>
  <level>END</level>
  <class>com.kms.katalon.core.logging.XmlKeywordLogger</class>
  <method>endKeyword</method>
  <thread>1</thread>
  <message>End action : runFeatureFile(\&amp;quot;Include/features/IST_Real/SLIK/SLIK Gateway Customer/SLIK Gateway Customer Checking.feature\&amp;quot;)</message>
  <nestedLevel>1</nestedLevel>
</record>
<record>
  <date>2020-08-23T23:07:16</date>
  <millis>1598198836614</millis>
  <sequence>332</sequence>
  <level>PASSED</level>
  <class>com.kms.katalon.core.logging.XmlKeywordLogger</class>
  <method>logMessage</method>
  <thread>1</thread>
  <message>Test Cases/IST_Real/SLIK/SLIK_Gateway_Customer/SLIK Gateway Customer Checking</message>
  <nestedLevel>1</nestedLevel>
</record>
<record>
  <date>2020-08-23T23:07:16</date>
  <millis>1598198836614</millis>
  <sequence>333</sequence>
  <level>END</level>
  <class>com.kms.katalon.core.logging.XmlKeywordLogger</class>
  <method>endTest</method>
  <thread>1</thread>
  <message>End Test Case : Test Cases/IST_Real/SLIK/SLIK_Gateway_Customer/SLIK Gateway Customer Checking</message>
  <nestedLevel>0</nestedLevel>
</record>
<record>
  <date>2020-08-23T23:07:16</date>
  <millis>1598198836617</millis>
  <sequence>334</sequence>
  <level>START</level>
  <class>com.kms.katalon.core.logging.XmlKeywordLogger</class>
  <method>startTest</method>
  <thread>1</thread>
  <message>Start Test Case : Test Cases/IST_Real/SLIK/SLIK_Gateway_Customer/SELECT_KTP_NUMBER_CUSTOMER_from_DB</message>
  <nestedLevel>1</nestedLevel>
  <property name="name">Test Cases/IST_Real/SLIK/SLIK_Gateway_Customer/SELECT_KTP_NUMBER_CUSTOMER_from_DB</property>
  <property name="description"></property>
  <property name="id">Test Cases/IST_Real/SLIK/SLIK_Gateway_Customer/SELECT_KTP_NUMBER_CUSTOMER_from_DB</property>
  <property name="source">\\Users\\chaidir.pratama01\\Katalon Studio\\IST_Automation_Git\\Test Cases\\IST_Real\\SLIK\\SLIK_Gateway_Customer\\SELECT_KTP_NUMBER_CUSTOMER_from_DB.tc</property>
  <property name="tag"></property>
  <property name="isOptional">false</property>
</record>
<record>
  <date>2020-08-23T23:07:16</date>
  <millis>1598198836710</millis>
  <sequence>336</sequence>
  <level>START</level>
  <class>com.kms.katalon.core.logging.XmlKeywordLogger</class>
  <method>startKeyword</method>
  <thread>1</thread>
  <message>Start action : runFeatureFile(\&amp;quot;Include/features/IST_Real/SLIK/SLIK Gateway Customer/SELECT_KTP_NUMBER_CUSTOMER_from_DB.feature\&amp;quot;)</message>
  <nestedLevel>1</nestedLevel>
  <property name="startLine">18</property>
  <property name="stepIndex">1</property>
</record>
<record>
  <date>2020-08-23T23:07:16</date>
  <millis>1598198836710</millis>
  <sequence>337</sequence>
  <level>INFO</level>
  <class>com.kms.katalon.core.logging.XmlKeywordLogger</class>
  <method>logMessage</method>
  <thread>1</thread>
  <message>Starting run keyword runFeatureFile: &amp;apos;Include/features/IST_Real/SLIK/SLIK Gateway Customer/SELECT_KTP_NUMBER_CUSTOMER_from_DB.feature&amp;apos; and extract report to folder: &amp;apos;/Users/chaidir.pratama01/Katalon Studio/IST_Automation_Git/Reports/20200823_230622/SLIK/TS_SLIK_Gateway_Customer/20200823_230622/cucumber_report/1598198836710&amp;apos;...</message>
  <nestedLevel>1</nestedLevel>
</record>
<record>
  <date>2020-08-23T23:07:16</date>
  <millis>1598198836833</millis>
  <sequence>338</sequence>
  <level>START</level>
  <class>com.kms.katalon.core.logging.XmlKeywordLogger</class>
  <method>startTest</method>
  <thread>1</thread>
  <message>Start Test Case : SCENARIO SELECT KTP Number Customer From Table SLIK_DATA_CUSTOMER</message>
  <nestedLevel>2</nestedLevel>
</record>
<record>
  <date>2020-08-23T23:07:16</date>
  <millis>1598198836834</millis>
  <sequence>339</sequence>
  <level>START</level>
  <class>com.kms.katalon.core.logging.XmlKeywordLogger</class>
  <method>startKeyword</method>
  <thread>1</thread>
  <message>Start action : Connect to Database</message>
  <nestedLevel>2</nestedLevel>
</record>
<record>
  <date>2020-08-23T23:07:17</date>
  <millis>1598198837361</millis>
  <sequence>340</sequence>
  <level>PASSED</level>
  <class>com.kms.katalon.core.logging.XmlKeywordLogger</class>
  <method>logMessage</method>
  <thread>1</thread>
  <message>Connect to Database</message>
  <nestedLevel>2</nestedLevel>
</record>
<record>
  <date>2020-08-23T23:07:17</date>
  <millis>1598198837362</millis>
  <sequence>341</sequence>
  <level>END</level>
  <class>com.kms.katalon.core.logging.XmlKeywordLogger</class>
  <method>endKeyword</method>
  <thread>1</thread>
  <message>End End action : Connect to Database</message>
  <nestedLevel>2</nestedLevel>
</record>
<record>
  <date>2020-08-23T23:07:17</date>
  <millis>1598198837362</millis>
  <sequence>342</sequence>
  <level>START</level>
  <class>com.kms.katalon.core.logging.XmlKeywordLogger</class>
  <method>startKeyword</method>
  <thread>1</thread>
  <message>Start action : Check KTP Number Customer in DB</message>
  <nestedLevel>2</nestedLevel>
</record>
<record>
  <date>2020-08-23T23:07:19</date>
  <millis>1598198839223</millis>
  <sequence>343</sequence>
  <level>PASSED</level>
  <class>com.kms.katalon.core.logging.XmlKeywordLogger</class>
  <method>logMessage</method>
  <thread>1</thread>
  <message>Check KTP Number Customer in DB</message>
  <nestedLevel>2</nestedLevel>
</record>
<record>
  <date>2020-08-23T23:07:19</date>
  <millis>1598198839223</millis>
  <sequence>344</sequence>
  <level>END</level>
  <class>com.kms.katalon.core.logging.XmlKeywordLogger</class>
  <method>endKeyword</method>
  <thread>1</thread>
  <message>End End action : Check KTP Number Customer in DB</message>
  <nestedLevel>2</nestedLevel>
</record>
<record>
  <date>2020-08-23T23:07:19</date>
  <millis>1598198839223</millis>
  <sequence>345</sequence>
  <level>PASSED</level>
  <class>com.kms.katalon.core.logging.XmlKeywordLogger</class>
  <method>logMessage</method>
  <thread>1</thread>
  <message>SCENARIO SELECT KTP Number Customer From Table SLIK_DATA_CUSTOMER</message>
  <nestedLevel>2</nestedLevel>
</record>
<record>
  <date>2020-08-23T23:07:19</date>
  <millis>1598198839223</millis>
  <sequence>346</sequence>
  <level>END</level>
  <class>com.kms.katalon.core.logging.XmlKeywordLogger</class>
  <method>endTest</method>
  <thread>1</thread>
  <message>End Test Case : SCENARIO SELECT KTP Number Customer From Table SLIK_DATA_CUSTOMER</message>
  <nestedLevel>1</nestedLevel>
</record>
<record>
  <date>2020-08-23T23:07:19</date>
  <millis>1598198839229</millis>
  <sequence>347</sequence>
  <level>PASSED</level>
  <class>com.kms.katalon.core.logging.XmlKeywordLogger</class>
  <method>logMessage</method>
  <thread>1</thread>
  <message>Feature file: &amp;apos;Include/features/IST_Real/SLIK/SLIK Gateway Customer/SELECT_KTP_NUMBER_CUSTOMER_from_DB.feature&amp;apos; was passed</message>
  <nestedLevel>1</nestedLevel>
</record>
<record>
  <date>2020-08-23T23:07:19</date>
  <millis>1598198839229</millis>
  <sequence>348</sequence>
  <level>END</level>
  <class>com.kms.katalon.core.logging.XmlKeywordLogger</class>
  <method>endKeyword</method>
  <thread>1</thread>
  <message>End action : runFeatureFile(\&amp;quot;Include/features/IST_Real/SLIK/SLIK Gateway Customer/SELECT_KTP_NUMBER_CUSTOMER_from_DB.feature\&amp;quot;)</message>
  <nestedLevel>1</nestedLevel>
</record>
<record>
  <date>2020-08-23T23:07:19</date>
  <millis>1598198839229</millis>
  <sequence>349</sequence>
  <level>PASSED</level>
  <class>com.kms.katalon.core.logging.XmlKeywordLogger</class>
  <method>logMessage</method>
  <thread>1</thread>
  <message>Test Cases/IST_Real/SLIK/SLIK_Gateway_Customer/SELECT_KTP_NUMBER_CUSTOMER_from_DB</message>
  <nestedLevel>1</nestedLevel>
</record>
<record>
  <date>2020-08-23T23:07:19</date>
  <millis>1598198839230</millis>
  <sequence>350</sequence>
  <level>END</level>
  <class>com.kms.katalon.core.logging.XmlKeywordLogger</class>
  <method>endTest</method>
  <thread>1</thread>
  <message>End Test Case : Test Cases/IST_Real/SLIK/SLIK_Gateway_Customer/SELECT_KTP_NUMBER_CUSTOMER_from_DB</message>
  <nestedLevel>0</nestedLevel>
</record>
<record>
  <date>2020-08-23T23:07:19</date>
  <millis>1598198839232</millis>
  <sequence>351</sequence>
  <level>START</level>
  <class>com.kms.katalon.core.logging.XmlKeywordLogger</class>
  <method>startTest</method>
  <thread>1</thread>
  <message>Start Test Case : Test Cases/IST_Real/SLIK/SLIK_Gateway_Customer/SLIK Gateaway Customer Search</message>
  <nestedLevel>1</nestedLevel>
  <property name="name">Test Cases/IST_Real/SLIK/SLIK_Gateway_Customer/SLIK Gateaway Customer Search</property>
  <property name="description"></property>
  <property name="id">Test Cases/IST_Real/SLIK/SLIK_Gateway_Customer/SLIK Gateaway Customer Search</property>
  <property name="source">\\Users\\chaidir.pratama01\\Katalon Studio\\IST_Automation_Git\\Test Cases\\IST_Real\\SLIK\\SLIK_Gateway_Customer\\SLIK Gateaway Customer Search.tc</property>
  <property name="tag"></property>
  <property name="isOptional">false</property>
</record>
<record>
  <date>2020-08-23T23:07:19</date>
  <millis>1598198839345</millis>
  <sequence>353</sequence>
  <level>START</level>
  <class>com.kms.katalon.core.logging.XmlKeywordLogger</class>
  <method>startKeyword</method>
  <thread>1</thread>
  <message>Start action : runFeatureFile(\&amp;quot;Include/features/IST_Real/SLIK/SLIK Gateway Customer/SLIK Gateaway Customer Search.feature\&amp;quot;)</message>
  <nestedLevel>1</nestedLevel>
  <property name="startLine">18</property>
  <property name="stepIndex">1</property>
</record>
<record>
  <date>2020-08-23T23:07:19</date>
  <millis>1598198839345</millis>
  <sequence>354</sequence>
  <level>INFO</level>
  <class>com.kms.katalon.core.logging.XmlKeywordLogger</class>
  <method>logMessage</method>
  <thread>1</thread>
  <message>Starting run keyword runFeatureFile: &amp;apos;Include/features/IST_Real/SLIK/SLIK Gateway Customer/SLIK Gateaway Customer Search.feature&amp;apos; and extract report to folder: &amp;apos;/Users/chaidir.pratama01/Katalon Studio/IST_Automation_Git/Reports/20200823_230622/SLIK/TS_SLIK_Gateway_Customer/20200823_230622/cucumber_report/1598198839345&amp;apos;...</message>
  <nestedLevel>1</nestedLevel>
</record>
<record>
  <date>2020-08-23T23:07:19</date>
  <millis>1598198839443</millis>
  <sequence>355</sequence>
  <level>START</level>
  <class>com.kms.katalon.core.logging.XmlKeywordLogger</class>
  <method>startTest</method>
  <thread>1</thread>
  <message>Start Test Case : SCENARIO SLIK Gateway Customer Search Result</message>
  <nestedLevel>2</nestedLevel>
</record>
<record>
  <date>2020-08-23T23:07:19</date>
  <millis>1598198839444</millis>
  <sequence>356</sequence>
  <level>START</level>
  <class>com.kms.katalon.core.logging.XmlKeywordLogger</class>
  <method>startKeyword</method>
  <thread>1</thread>
  <message>Start action : Go to ISTools</message>
  <nestedLevel>2</nestedLevel>
</record>
<record>
  <date>2020-08-23T23:07:19</date>
  <millis>1598198839450</millis>
  <sequence>358</sequence>
  <level>INFO</level>
  <class>com.kms.katalon.core.logging.XmlKeywordLogger</class>
  <method>logMessage</method>
  <thread>1</thread>
  <message>Starting &amp;apos;Chrome&amp;apos; driver</message>
  <nestedLevel>2</nestedLevel>
</record>
<record>
  <date>2020-08-23T23:07:19</date>
  <millis>1598198839451</millis>
  <sequence>360</sequence>
  <level>INFO</level>
  <class>com.kms.katalon.core.logging.XmlKeywordLogger</class>
  <method>logMessage</method>
  <thread>1</thread>
  <message>Action delay is set to 0 milliseconds</message>
  <nestedLevel>2</nestedLevel>
</record>
<record>
  <date>2020-08-23T23:07:22</date>
  <millis>1598198842059</millis>
  <sequence>362</sequence>
  <level>RUN_DATA</level>
  <class>com.kms.katalon.core.logging.XmlKeywordLogger</class>
  <method>logMessage</method>
  <thread>1</thread>
  <message>sessionId = 09df15b5aabb57f5bc41e6c7e3671233</message>
  <nestedLevel>2</nestedLevel>
  <property name="sessionId">09df15b5aabb57f5bc41e6c7e3671233</property>
</record>
<record>
  <date>2020-08-23T23:07:22</date>
  <millis>1598198842068</millis>
  <sequence>363</sequence>
  <level>RUN_DATA</level>
  <class>com.kms.katalon.core.logging.XmlKeywordLogger</class>
  <method>logMessage</method>
  <thread>1</thread>
  <message>browser = Chrome 84.0.4147.135</message>
  <nestedLevel>2</nestedLevel>
  <property name="browser">Chrome 84.0.4147.135</property>
</record>
<record>
  <date>2020-08-23T23:07:22</date>
  <millis>1598198842068</millis>
  <sequence>364</sequence>
  <level>RUN_DATA</level>
  <class>com.kms.katalon.core.logging.XmlKeywordLogger</class>
  <method>logMessage</method>
  <thread>1</thread>
  <message>platform = Mac OS X</message>
  <nestedLevel>2</nestedLevel>
  <property name="platform">Mac OS X</property>
</record>
<record>
  <date>2020-08-23T23:07:22</date>
  <millis>1598198842068</millis>
  <sequence>365</sequence>
  <level>RUN_DATA</level>
  <class>com.kms.katalon.core.logging.XmlKeywordLogger</class>
  <method>logMessage</method>
  <thread>1</thread>
  <message>seleniumVersion = 3.141.59</message>
  <nestedLevel>2</nestedLevel>
  <property name="seleniumVersion">3.141.59</property>
</record>
<record>
  <date>2020-08-23T23:07:22</date>
  <millis>1598198842069</millis>
  <sequence>366</sequence>
  <level>RUN_DATA</level>
  <class>com.kms.katalon.core.logging.XmlKeywordLogger</class>
  <method>logMessage</method>
  <thread>1</thread>
  <message>proxyInformation = ProxyInformation { proxyOption=NO_PROXY, proxyServerType=HTTP, username=, password=********, proxyServerAddress=, proxyServerPort=0, executionList=\&amp;quot;\&amp;quot;, isApplyToDesiredCapabilities=true }</message>
  <nestedLevel>2</nestedLevel>
  <property name="proxyInformation">ProxyInformation { proxyOption=NO_PROXY, proxyServerType=HTTP, username=, password=********, proxyServerAddress=, proxyServerPort=0, executionList=\&quot;\&quot;, isApplyToDesiredCapabilities=true }</property>
</record>
<record>
  <date>2020-08-23T23:07:22</date>
  <millis>1598198842075</millis>
  <sequence>367</sequence>
  <level>PASSED</level>
  <class>com.kms.katalon.core.logging.XmlKeywordLogger</class>
  <method>logMessage</method>
  <thread>1</thread>
  <message>Browser is opened with url: &amp;apos;&amp;apos;</message>
  <nestedLevel>2</nestedLevel>
</record>
<record>
  <date>2020-08-23T23:07:24</date>
  <millis>1598198844191</millis>
  <sequence>370</sequence>
  <level>PASSED</level>
  <class>com.kms.katalon.core.logging.XmlKeywordLogger</class>
  <method>logMessage</method>
  <thread>1</thread>
  <message>Navigate to &amp;apos;https://dev-istools.homecredit.id/foundation/&amp;apos; successfully</message>
  <nestedLevel>2</nestedLevel>
</record>
<record>
  <date>2020-08-23T23:07:24</date>
  <millis>1598198844192</millis>
  <sequence>371</sequence>
  <level>PASSED</level>
  <class>com.kms.katalon.core.logging.XmlKeywordLogger</class>
  <method>logMessage</method>
  <thread>1</thread>
  <message>Go to ISTools</message>
  <nestedLevel>2</nestedLevel>
</record>
<record>
  <date>2020-08-23T23:07:24</date>
  <millis>1598198844192</millis>
  <sequence>372</sequence>
  <level>END</level>
  <class>com.kms.katalon.core.logging.XmlKeywordLogger</class>
  <method>endKeyword</method>
  <thread>1</thread>
  <message>End End action : Go to ISTools</message>
  <nestedLevel>2</nestedLevel>
</record>
<record>
  <date>2020-08-23T23:07:24</date>
  <millis>1598198844193</millis>
  <sequence>373</sequence>
  <level>START</level>
  <class>com.kms.katalon.core.logging.XmlKeywordLogger</class>
  <method>startKeyword</method>
  <thread>1</thread>
  <message>Start action : Login IST with valid credentials</message>
  <nestedLevel>2</nestedLevel>
</record>
<record>
  <date>2020-08-23T23:07:26</date>
  <millis>1598198846683</millis>
  <sequence>389</sequence>
  <level>PASSED</level>
  <class>com.kms.katalon.core.logging.XmlKeywordLogger</class>
  <method>logMessage</method>
  <thread>1</thread>
  <message>Text &amp;apos;mobile.test&amp;apos; is set on object &amp;apos;Object Repository/Page_/input_Username_j_username&amp;apos;</message>
  <nestedLevel>2</nestedLevel>
</record>
<record>
  <date>2020-08-23T23:07:28</date>
  <millis>1598198848656</millis>
  <sequence>400</sequence>
  <level>PASSED</level>
  <class>com.kms.katalon.core.logging.XmlKeywordLogger</class>
  <method>logMessage</method>
  <thread>1</thread>
  <message>Text ****** has been set on object &amp;apos;Object Repository/Page_/input_Password_j_password&amp;apos;</message>
  <nestedLevel>2</nestedLevel>
</record>
<record>
  <date>2020-08-23T23:07:31</date>
  <millis>1598198851687</millis>
  <sequence>409</sequence>
  <level>PASSED</level>
  <class>com.kms.katalon.core.logging.XmlKeywordLogger</class>
  <method>logMessage</method>
  <thread>1</thread>
  <message>Object: &amp;apos;Object Repository/Page_/button_Login&amp;apos; is clicked on</message>
  <nestedLevel>2</nestedLevel>
</record>
<record>
  <date>2020-08-23T23:07:31</date>
  <millis>1598198851687</millis>
  <sequence>410</sequence>
  <level>PASSED</level>
  <class>com.kms.katalon.core.logging.XmlKeywordLogger</class>
  <method>logMessage</method>
  <thread>1</thread>
  <message>Login IST with valid credentials</message>
  <nestedLevel>2</nestedLevel>
</record>
<record>
  <date>2020-08-23T23:07:31</date>
  <millis>1598198851688</millis>
  <sequence>411</sequence>
  <level>END</level>
  <class>com.kms.katalon.core.logging.XmlKeywordLogger</class>
  <method>endKeyword</method>
  <thread>1</thread>
  <message>End End action : Login IST with valid credentials</message>
  <nestedLevel>2</nestedLevel>
</record>
<record>
  <date>2020-08-23T23:07:31</date>
  <millis>1598198851688</millis>
  <sequence>412</sequence>
  <level>START</level>
  <class>com.kms.katalon.core.logging.XmlKeywordLogger</class>
  <method>startKeyword</method>
  <thread>1</thread>
  <message>Start action : Login Success for contract dispatcher</message>
  <nestedLevel>2</nestedLevel>
</record>
<record>
  <date>2020-08-23T23:07:31</date>
  <millis>1598198851689</millis>
  <sequence>413</sequence>
  <level>INFO</level>
  <class>com.kms.katalon.core.logging.XmlKeywordLogger</class>
  <method>logMessage</method>
  <thread>1</thread>
  <message>Login Success</message>
  <nestedLevel>2</nestedLevel>
</record>
<record>
  <date>2020-08-23T23:07:31</date>
  <millis>1598198851948</millis>
  <sequence>415</sequence>
  <level>PASSED</level>
  <class>com.kms.katalon.core.logging.XmlKeywordLogger</class>
  <method>logMessage</method>
  <thread>1</thread>
  <message>Current window maximized</message>
  <nestedLevel>2</nestedLevel>
</record>
<record>
  <date>2020-08-23T23:07:32</date>
  <millis>1598198852208</millis>
  <sequence>423</sequence>
  <level>PASSED</level>
  <class>com.kms.katalon.core.logging.XmlKeywordLogger</class>
  <method>logMessage</method>
  <thread>1</thread>
  <message>Object &amp;apos;Object Repository/Page_/h1_Welcome to IT Supporting Tools&amp;apos; is present</message>
  <nestedLevel>2</nestedLevel>
</record>
<record>
  <date>2020-08-23T23:07:32</date>
  <millis>1598198852208</millis>
  <sequence>424</sequence>
  <level>PASSED</level>
  <class>com.kms.katalon.core.logging.XmlKeywordLogger</class>
  <method>logMessage</method>
  <thread>1</thread>
  <message>Login Success for contract dispatcher</message>
  <nestedLevel>2</nestedLevel>
</record>
<record>
  <date>2020-08-23T23:07:32</date>
  <millis>1598198852208</millis>
  <sequence>425</sequence>
  <level>END</level>
  <class>com.kms.katalon.core.logging.XmlKeywordLogger</class>
  <method>endKeyword</method>
  <thread>1</thread>
  <message>End End action : Login Success for contract dispatcher</message>
  <nestedLevel>2</nestedLevel>
</record>
<record>
  <date>2020-08-23T23:07:32</date>
  <millis>1598198852209</millis>
  <sequence>426</sequence>
  <level>START</level>
  <class>com.kms.katalon.core.logging.XmlKeywordLogger</class>
  <method>startKeyword</method>
  <thread>1</thread>
  <message>Start action : Select Menu SLIK Gateway Customer</message>
  <nestedLevel>2</nestedLevel>
</record>
<record>
  <date>2020-08-23T23:07:32</date>
  <millis>1598198852549</millis>
  <sequence>433</sequence>
  <level>PASSED</level>
  <class>com.kms.katalon.core.logging.XmlKeywordLogger</class>
  <method>logMessage</method>
  <thread>1</thread>
  <message>Object &amp;apos;&amp;apos; is present</message>
  <nestedLevel>2</nestedLevel>
</record>
<record>
  <date>2020-08-23T23:07:32</date>
  <millis>1598198852818</millis>
  <sequence>441</sequence>
  <level>PASSED</level>
  <class>com.kms.katalon.core.logging.XmlKeywordLogger</class>
  <method>logMessage</method>
  <thread>1</thread>
  <message>Object: &amp;apos;&amp;apos; is clicked on</message>
  <nestedLevel>2</nestedLevel>
</record>
<record>
  <date>2020-08-23T23:07:32</date>
  <millis>1598198852829</millis>
  <sequence>443</sequence>
  <level>PASSED</level>
  <class>com.kms.katalon.core.logging.XmlKeywordLogger</class>
  <method>logMessage</method>
  <thread>1</thread>
  <message>Wait for page load successfully</message>
  <nestedLevel>2</nestedLevel>
</record>
<record>
  <date>2020-08-23T23:07:32</date>
  <millis>1598198852829</millis>
  <sequence>444</sequence>
  <level>PASSED</level>
  <class>com.kms.katalon.core.logging.XmlKeywordLogger</class>
  <method>logMessage</method>
  <thread>1</thread>
  <message>Select Menu SLIK Gateway Customer</message>
  <nestedLevel>2</nestedLevel>
</record>
<record>
  <date>2020-08-23T23:07:32</date>
  <millis>1598198852830</millis>
  <sequence>445</sequence>
  <level>END</level>
  <class>com.kms.katalon.core.logging.XmlKeywordLogger</class>
  <method>endKeyword</method>
  <thread>1</thread>
  <message>End End action : Select Menu SLIK Gateway Customer</message>
  <nestedLevel>2</nestedLevel>
</record>
<record>
  <date>2020-08-23T23:07:32</date>
  <millis>1598198852830</millis>
  <sequence>446</sequence>
  <level>START</level>
  <class>com.kms.katalon.core.logging.XmlKeywordLogger</class>
  <method>startKeyword</method>
  <thread>1</thread>
  <message>Start action : Input Data KTP Number for Search Result</message>
  <nestedLevel>2</nestedLevel>
</record>
<record>
  <date>2020-08-23T23:07:33</date>
  <millis>1598198853549</millis>
  <sequence>455</sequence>
  <level>PASSED</level>
  <class>com.kms.katalon.core.logging.XmlKeywordLogger</class>
  <method>logMessage</method>
  <thread>1</thread>
  <message>Scroll to object &amp;apos;&amp;apos; successfully</message>
  <nestedLevel>2</nestedLevel>
</record>
<record>
  <date>2020-08-23T23:07:34</date>
  <millis>1598198854210</millis>
  <sequence>470</sequence>
  <level>PASSED</level>
  <class>com.kms.katalon.core.logging.XmlKeywordLogger</class>
  <method>logMessage</method>
  <thread>1</thread>
  <message>Text &amp;apos;9999999999999999&amp;apos; is set on object &amp;apos;&amp;apos;</message>
  <nestedLevel>2</nestedLevel>
</record>
<record>
  <date>2020-08-23T23:07:34</date>
  <millis>1598198854210</millis>
  <sequence>471</sequence>
  <level>PASSED</level>
  <class>com.kms.katalon.core.logging.XmlKeywordLogger</class>
  <method>logMessage</method>
  <thread>1</thread>
  <message>Input Data KTP Number for Search Result</message>
  <nestedLevel>2</nestedLevel>
</record>
<record>
  <date>2020-08-23T23:07:34</date>
  <millis>1598198854210</millis>
  <sequence>472</sequence>
  <level>END</level>
  <class>com.kms.katalon.core.logging.XmlKeywordLogger</class>
  <method>endKeyword</method>
  <thread>1</thread>
  <message>End End action : Input Data KTP Number for Search Result</message>
  <nestedLevel>2</nestedLevel>
</record>
<record>
  <date>2020-08-23T23:07:34</date>
  <millis>1598198854211</millis>
  <sequence>473</sequence>
  <level>START</level>
  <class>com.kms.katalon.core.logging.XmlKeywordLogger</class>
  <method>startKeyword</method>
  <thread>1</thread>
  <message>Start action : Click button \&amp;quot;Search\&amp;quot;</message>
  <nestedLevel>2</nestedLevel>
</record>
<record>
  <date>2020-08-23T23:07:34</date>
  <millis>1598198854212</millis>
  <sequence>474</sequence>
  <level>INFO</level>
  <class>com.kms.katalon.core.logging.XmlKeywordLogger</class>
  <method>logMessage</method>
  <thread>1</thread>
  <message>&amp;gt;&amp;gt;&amp;gt;&amp;gt;&amp;gt;//Button[contains(text(),&amp;apos;Search&amp;apos;)]</message>
  <nestedLevel>2</nestedLevel>
</record>
<record>
  <date>2020-08-23T23:07:37</date>
  <millis>1598198857505</millis>
  <sequence>482</sequence>
  <level>PASSED</level>
  <class>com.kms.katalon.core.logging.XmlKeywordLogger</class>
  <method>logMessage</method>
  <thread>1</thread>
  <message>Object: &amp;apos;&amp;apos; is clicked on</message>
  <nestedLevel>2</nestedLevel>
</record>
<record>
  <date>2020-08-23T23:07:37</date>
  <millis>1598198857506</millis>
  <sequence>483</sequence>
  <level>PASSED</level>
  <class>com.kms.katalon.core.logging.XmlKeywordLogger</class>
  <method>logMessage</method>
  <thread>1</thread>
  <message>Click button \&amp;quot;Search\&amp;quot;</message>
  <nestedLevel>2</nestedLevel>
</record>
<record>
  <date>2020-08-23T23:07:37</date>
  <millis>1598198857506</millis>
  <sequence>484</sequence>
  <level>END</level>
  <class>com.kms.katalon.core.logging.XmlKeywordLogger</class>
  <method>endKeyword</method>
  <thread>1</thread>
  <message>End End action : Click button \&amp;quot;Search\&amp;quot;</message>
  <nestedLevel>2</nestedLevel>
</record>
<record>
  <date>2020-08-23T23:07:37</date>
  <millis>1598198857506</millis>
  <sequence>485</sequence>
  <level>START</level>
  <class>com.kms.katalon.core.logging.XmlKeywordLogger</class>
  <method>startKeyword</method>
  <thread>1</thread>
  <message>Start action : Verify Search Result with KTP Number</message>
  <nestedLevel>2</nestedLevel>
</record>
<record>
  <date>2020-08-23T23:07:38</date>
  <millis>1598198858153</millis>
  <sequence>492</sequence>
  <level>PASSED</level>
  <class>com.kms.katalon.core.logging.XmlKeywordLogger</class>
  <method>logMessage</method>
  <thread>1</thread>
  <message>Object &amp;apos;&amp;apos; is present</message>
  <nestedLevel>2</nestedLevel>
</record>
<record>
  <date>2020-08-23T23:07:38</date>
  <millis>1598198858153</millis>
  <sequence>493</sequence>
  <level>PASSED</level>
  <class>com.kms.katalon.core.logging.XmlKeywordLogger</class>
  <method>logMessage</method>
  <thread>1</thread>
  <message>Verify Search Result with KTP Number</message>
  <nestedLevel>2</nestedLevel>
</record>
<record>
  <date>2020-08-23T23:07:38</date>
  <millis>1598198858154</millis>
  <sequence>494</sequence>
  <level>END</level>
  <class>com.kms.katalon.core.logging.XmlKeywordLogger</class>
  <method>endKeyword</method>
  <thread>1</thread>
  <message>End End action : Verify Search Result with KTP Number</message>
  <nestedLevel>2</nestedLevel>
</record>
<record>
  <date>2020-08-23T23:07:38</date>
  <millis>1598198858154</millis>
  <sequence>495</sequence>
  <level>START</level>
  <class>com.kms.katalon.core.logging.XmlKeywordLogger</class>
  <method>startKeyword</method>
  <thread>1</thread>
  <message>Start action : Verify Search Result data</message>
  <nestedLevel>2</nestedLevel>
</record>
<record>
  <date>2020-08-23T23:07:38</date>
  <millis>1598198858398</millis>
  <sequence>504</sequence>
  <level>PASSED</level>
  <class>com.kms.katalon.core.logging.XmlKeywordLogger</class>
  <method>logMessage</method>
  <thread>1</thread>
  <message>Scroll to object &amp;apos;&amp;apos; successfully</message>
  <nestedLevel>2</nestedLevel>
</record>
<record>
  <date>2020-08-23T23:07:38</date>
  <millis>1598198858634</millis>
  <sequence>511</sequence>
  <level>PASSED</level>
  <class>com.kms.katalon.core.logging.XmlKeywordLogger</class>
  <method>logMessage</method>
  <thread>1</thread>
  <message>Object &amp;apos;&amp;apos; is present</message>
  <nestedLevel>2</nestedLevel>
</record>
<record>
  <date>2020-08-23T23:07:38</date>
  <millis>1598198858634</millis>
  <sequence>512</sequence>
  <level>PASSED</level>
  <class>com.kms.katalon.core.logging.XmlKeywordLogger</class>
  <method>logMessage</method>
  <thread>1</thread>
  <message>Verify Search Result data</message>
  <nestedLevel>2</nestedLevel>
</record>
<record>
  <date>2020-08-23T23:07:38</date>
  <millis>1598198858634</millis>
  <sequence>513</sequence>
  <level>END</level>
  <class>com.kms.katalon.core.logging.XmlKeywordLogger</class>
  <method>endKeyword</method>
  <thread>1</thread>
  <message>End End action : Verify Search Result data</message>
  <nestedLevel>2</nestedLevel>
</record>
<record>
  <date>2020-08-23T23:07:38</date>
  <millis>1598198858635</millis>
  <sequence>514</sequence>
  <level>PASSED</level>
  <class>com.kms.katalon.core.logging.XmlKeywordLogger</class>
  <method>logMessage</method>
  <thread>1</thread>
  <message>SCENARIO SLIK Gateway Customer Search Result</message>
  <nestedLevel>2</nestedLevel>
</record>
<record>
  <date>2020-08-23T23:07:38</date>
  <millis>1598198858635</millis>
  <sequence>515</sequence>
  <level>END</level>
  <class>com.kms.katalon.core.logging.XmlKeywordLogger</class>
  <method>endTest</method>
  <thread>1</thread>
  <message>End Test Case : SCENARIO SLIK Gateway Customer Search Result</message>
  <nestedLevel>1</nestedLevel>
</record>
<record>
  <date>2020-08-23T23:07:38</date>
  <millis>1598198858639</millis>
  <sequence>516</sequence>
  <level>PASSED</level>
  <class>com.kms.katalon.core.logging.XmlKeywordLogger</class>
  <method>logMessage</method>
  <thread>1</thread>
  <message>Feature file: &amp;apos;Include/features/IST_Real/SLIK/SLIK Gateway Customer/SLIK Gateaway Customer Search.feature&amp;apos; was passed</message>
  <nestedLevel>1</nestedLevel>
</record>
<record>
  <date>2020-08-23T23:07:38</date>
  <millis>1598198858639</millis>
  <sequence>517</sequence>
  <level>END</level>
  <class>com.kms.katalon.core.logging.XmlKeywordLogger</class>
  <method>endKeyword</method>
  <thread>1</thread>
  <message>End action : runFeatureFile(\&amp;quot;Include/features/IST_Real/SLIK/SLIK Gateway Customer/SLIK Gateaway Customer Search.feature\&amp;quot;)</message>
  <nestedLevel>1</nestedLevel>
</record>
<record>
  <date>2020-08-23T23:07:38</date>
  <millis>1598198858640</millis>
  <sequence>518</sequence>
  <level>PASSED</level>
  <class>com.kms.katalon.core.logging.XmlKeywordLogger</class>
  <method>logMessage</method>
  <thread>1</thread>
  <message>Test Cases/IST_Real/SLIK/SLIK_Gateway_Customer/SLIK Gateaway Customer Search</message>
  <nestedLevel>1</nestedLevel>
</record>
<record>
  <date>2020-08-23T23:07:38</date>
  <millis>1598198858640</millis>
  <sequence>519</sequence>
  <level>END</level>
  <class>com.kms.katalon.core.logging.XmlKeywordLogger</class>
  <method>endTest</method>
  <thread>1</thread>
  <message>End Test Case : Test Cases/IST_Real/SLIK/SLIK_Gateway_Customer/SLIK Gateaway Customer Search</message>
  <nestedLevel>0</nestedLevel>
</record>
<record>
  <date>2020-08-23T23:07:38</date>
  <millis>1598198858753</millis>
  <sequence>520</sequence>
  <level>END</level>
  <class>com.kms.katalon.core.logging.XmlKeywordLogger</class>
  <method>endSuite</method>
  <thread>1</thread>
  <message>End Test Suite : Test Suites/SLIK/TS_SLIK_Gateway_Customer</message>
  <nestedLevel>0</nestedLevel>
</record>
</log>
