<?xml version="1.0" encoding="UTF-8" standalone="no"?>
<!DOCTYPE log SYSTEM "logger.dtd">
<log>
<record>
  <date>2020-09-01T00:46:08</date>
  <millis>1598895968557</millis>
  <sequence>0</sequence>
  <level>START</level>
  <class>com.kms.katalon.core.logging.XmlKeywordLogger</class>
  <method>startSuite</method>
  <thread>1</thread>
  <message>Start Test Suite : Test Suites/TRIS/Send_Email_Handling</message>
  <nestedLevel>0</nestedLevel>
  <property name="name">Send_Email_Handling</property>
  <property name="description"></property>
  <property name="id">Test Suites/TRIS/Send_Email_Handling</property>
  <property name="stopImmediately">false</property>
</record>
<record>
  <date>2020-09-01T00:46:08</date>
  <millis>1598895968570</millis>
  <sequence>1</sequence>
  <level>RUN_DATA</level>
  <class>com.kms.katalon.core.logging.XmlKeywordLogger</class>
  <method>logMessage</method>
  <thread>1</thread>
  <message>hostName = chaidir.pratama01 - localhost</message>
  <nestedLevel>0</nestedLevel>
  <property name="hostName">chaidir.pratama01 - localhost</property>
</record>
<record>
  <date>2020-09-01T00:46:08</date>
  <millis>1598895968571</millis>
  <sequence>2</sequence>
  <level>RUN_DATA</level>
  <class>com.kms.katalon.core.logging.XmlKeywordLogger</class>
  <method>logMessage</method>
  <thread>1</thread>
  <message>os = Mac OS X 64bit</message>
  <nestedLevel>0</nestedLevel>
  <property name="os">Mac OS X 64bit</property>
</record>
<record>
  <date>2020-09-01T00:46:08</date>
  <millis>1598895968574</millis>
  <sequence>3</sequence>
  <level>RUN_DATA</level>
  <class>com.kms.katalon.core.logging.XmlKeywordLogger</class>
  <method>logMessage</method>
  <thread>1</thread>
  <message>hostAddress = 127.0.0.1</message>
  <nestedLevel>0</nestedLevel>
  <property name="hostAddress">127.0.0.1</property>
</record>
<record>
  <date>2020-09-01T00:46:08</date>
  <millis>1598895968574</millis>
  <sequence>4</sequence>
  <level>RUN_DATA</level>
  <class>com.kms.katalon.core.logging.XmlKeywordLogger</class>
  <method>logMessage</method>
  <thread>1</thread>
  <message>katalonVersion = 7.6.0.${buildNumber}</message>
  <nestedLevel>0</nestedLevel>
  <property name="katalonVersion">7.6.0.${buildNumber}</property>
</record>
<record>
  <date>2020-09-01T00:46:08</date>
  <millis>1598895968745</millis>
  <sequence>5</sequence>
  <level>START</level>
  <class>com.kms.katalon.core.logging.XmlKeywordLogger</class>
  <method>startTest</method>
  <thread>1</thread>
  <message>Start Test Case : Test Cases/IST_Real/TRIS/Send_Email_Handling</message>
  <nestedLevel>1</nestedLevel>
  <property name="name">Test Cases/IST_Real/TRIS/Send_Email_Handling</property>
  <property name="description"></property>
  <property name="id">Test Cases/IST_Real/TRIS/Send_Email_Handling</property>
  <property name="source">\\Users\\chaidir.pratama01\\Katalon Studio\\IST_Automation_Git\\Test Cases\\IST_Real\\TRIS\\Send_Email_Handling.tc</property>
  <property name="tag"></property>
  <property name="isOptional">false</property>
</record>
<record>
  <date>2020-09-01T00:46:08</date>
  <millis>1598895968930</millis>
  <sequence>7</sequence>
  <level>START</level>
  <class>com.kms.katalon.core.logging.XmlKeywordLogger</class>
  <method>startKeyword</method>
  <thread>1</thread>
  <message>Start action : runFeatureFile(\&amp;quot;Include/features/IST_Real/TRIS/Send_Email_Handling.feature\&amp;quot;)</message>
  <nestedLevel>1</nestedLevel>
  <property name="startLine">18</property>
  <property name="stepIndex">1</property>
</record>
<record>
  <date>2020-09-01T00:46:09</date>
  <millis>1598895969012</millis>
  <sequence>8</sequence>
  <level>INFO</level>
  <class>com.kms.katalon.core.logging.XmlKeywordLogger</class>
  <method>logMessage</method>
  <thread>1</thread>
  <message>Starting run keyword runFeatureFile: &amp;apos;Include/features/IST_Real/TRIS/Send_Email_Handling.feature&amp;apos; and extract report to folder: &amp;apos;/Users/chaidir.pratama01/Katalon Studio/IST_Automation_Git/Reports/20200901_004601/TRIS/Send_Email_Handling/20200901_004601/cucumber_report/1598895968952&amp;apos;...</message>
  <nestedLevel>1</nestedLevel>
</record>
<record>
  <date>2020-09-01T00:46:09</date>
  <millis>1598895969435</millis>
  <sequence>9</sequence>
  <level>START</level>
  <class>com.kms.katalon.core.logging.XmlKeywordLogger</class>
  <method>startTest</method>
  <thread>1</thread>
  <message>Start Test Case : SCENARIO Send Email by Select Menu Email Handling from Invoice System then Generate Email Handling</message>
  <nestedLevel>2</nestedLevel>
</record>
<record>
  <date>2020-09-01T00:46:09</date>
  <millis>1598895969436</millis>
  <sequence>10</sequence>
  <level>START</level>
  <class>com.kms.katalon.core.logging.XmlKeywordLogger</class>
  <method>startKeyword</method>
  <thread>1</thread>
  <message>Start action : Go to IST</message>
  <nestedLevel>2</nestedLevel>
</record>
<record>
  <date>2020-09-01T00:46:09</date>
  <millis>1598895969604</millis>
  <sequence>12</sequence>
  <level>INFO</level>
  <class>com.kms.katalon.core.logging.XmlKeywordLogger</class>
  <method>logMessage</method>
  <thread>1</thread>
  <message>Starting &amp;apos;Chrome&amp;apos; driver</message>
  <nestedLevel>2</nestedLevel>
</record>
<record>
  <date>2020-09-01T00:46:09</date>
  <millis>1598895969627</millis>
  <sequence>14</sequence>
  <level>INFO</level>
  <class>com.kms.katalon.core.logging.XmlKeywordLogger</class>
  <method>logMessage</method>
  <thread>1</thread>
  <message>Action delay is set to 0 milliseconds</message>
  <nestedLevel>2</nestedLevel>
</record>
<record>
  <date>2020-09-01T00:46:12</date>
  <millis>1598895972090</millis>
  <sequence>16</sequence>
  <level>RUN_DATA</level>
  <class>com.kms.katalon.core.logging.XmlKeywordLogger</class>
  <method>logMessage</method>
  <thread>1</thread>
  <message>sessionId = ad14a7e8e1511f7301113b218e20e924</message>
  <nestedLevel>2</nestedLevel>
  <property name="sessionId">ad14a7e8e1511f7301113b218e20e924</property>
</record>
<record>
  <date>2020-09-01T00:46:12</date>
  <millis>1598895972105</millis>
  <sequence>17</sequence>
  <level>RUN_DATA</level>
  <class>com.kms.katalon.core.logging.XmlKeywordLogger</class>
  <method>logMessage</method>
  <thread>1</thread>
  <message>browser = Chrome 84.0.4147.135</message>
  <nestedLevel>2</nestedLevel>
  <property name="browser">Chrome 84.0.4147.135</property>
</record>
<record>
  <date>2020-09-01T00:46:12</date>
  <millis>1598895972106</millis>
  <sequence>18</sequence>
  <level>RUN_DATA</level>
  <class>com.kms.katalon.core.logging.XmlKeywordLogger</class>
  <method>logMessage</method>
  <thread>1</thread>
  <message>platform = Mac OS X</message>
  <nestedLevel>2</nestedLevel>
  <property name="platform">Mac OS X</property>
</record>
<record>
  <date>2020-09-01T00:46:12</date>
  <millis>1598895972107</millis>
  <sequence>19</sequence>
  <level>RUN_DATA</level>
  <class>com.kms.katalon.core.logging.XmlKeywordLogger</class>
  <method>logMessage</method>
  <thread>1</thread>
  <message>seleniumVersion = 3.141.59</message>
  <nestedLevel>2</nestedLevel>
  <property name="seleniumVersion">3.141.59</property>
</record>
<record>
  <date>2020-09-01T00:46:12</date>
  <millis>1598895972108</millis>
  <sequence>20</sequence>
  <level>RUN_DATA</level>
  <class>com.kms.katalon.core.logging.XmlKeywordLogger</class>
  <method>logMessage</method>
  <thread>1</thread>
  <message>proxyInformation = ProxyInformation { proxyOption=NO_PROXY, proxyServerType=HTTP, username=, password=********, proxyServerAddress=, proxyServerPort=0, executionList=\&amp;quot;\&amp;quot;, isApplyToDesiredCapabilities=true }</message>
  <nestedLevel>2</nestedLevel>
  <property name="proxyInformation">ProxyInformation { proxyOption=NO_PROXY, proxyServerType=HTTP, username=, password=********, proxyServerAddress=, proxyServerPort=0, executionList=\&quot;\&quot;, isApplyToDesiredCapabilities=true }</property>
</record>
<record>
  <date>2020-09-01T00:46:12</date>
  <millis>1598895972120</millis>
  <sequence>21</sequence>
  <level>PASSED</level>
  <class>com.kms.katalon.core.logging.XmlKeywordLogger</class>
  <method>logMessage</method>
  <thread>1</thread>
  <message>Browser is opened with url: &amp;apos;&amp;apos;</message>
  <nestedLevel>2</nestedLevel>
</record>
<record>
  <date>2020-09-01T00:46:16</date>
  <millis>1598895976424</millis>
  <sequence>24</sequence>
  <level>PASSED</level>
  <class>com.kms.katalon.core.logging.XmlKeywordLogger</class>
  <method>logMessage</method>
  <thread>1</thread>
  <message>Navigate to &amp;apos;https://ist.homecredit.id/ist_tracker/login.zul&amp;apos; successfully</message>
  <nestedLevel>2</nestedLevel>
</record>
<record>
  <date>2020-09-01T00:46:16</date>
  <millis>1598895976426</millis>
  <sequence>25</sequence>
  <level>PASSED</level>
  <class>com.kms.katalon.core.logging.XmlKeywordLogger</class>
  <method>logMessage</method>
  <thread>1</thread>
  <message>Go to IST</message>
  <nestedLevel>2</nestedLevel>
</record>
<record>
  <date>2020-09-01T00:46:16</date>
  <millis>1598895976427</millis>
  <sequence>26</sequence>
  <level>END</level>
  <class>com.kms.katalon.core.logging.XmlKeywordLogger</class>
  <method>endKeyword</method>
  <thread>1</thread>
  <message>End End action : Go to IST</message>
  <nestedLevel>2</nestedLevel>
</record>
<record>
  <date>2020-09-01T00:46:16</date>
  <millis>1598895976428</millis>
  <sequence>27</sequence>
  <level>START</level>
  <class>com.kms.katalon.core.logging.XmlKeywordLogger</class>
  <method>startKeyword</method>
  <thread>1</thread>
  <message>Start action : Login IST with valid credentials</message>
  <nestedLevel>2</nestedLevel>
</record>
<record>
  <date>2020-09-01T00:46:35</date>
  <millis>1598895995656</millis>
  <sequence>352</sequence>
  <level>PASSED</level>
  <class>com.kms.katalon.core.logging.XmlKeywordLogger</class>
  <method>logMessage</method>
  <thread>1</thread>
  <message>Text &amp;apos;mobile.test&amp;apos; is set on object &amp;apos;Object Repository/Page_/input_Username_j_username&amp;apos;</message>
  <nestedLevel>2</nestedLevel>
</record>
<record>
  <date>2020-09-01T00:46:36</date>
  <millis>1598895996028</millis>
  <sequence>363</sequence>
  <level>PASSED</level>
  <class>com.kms.katalon.core.logging.XmlKeywordLogger</class>
  <method>logMessage</method>
  <thread>1</thread>
  <message>Text ****** has been set on object &amp;apos;Object Repository/Page_/input_Password_j_password&amp;apos;</message>
  <nestedLevel>2</nestedLevel>
</record>
<record>
  <date>2020-09-01T00:46:37</date>
  <millis>1598895997644</millis>
  <sequence>372</sequence>
  <level>PASSED</level>
  <class>com.kms.katalon.core.logging.XmlKeywordLogger</class>
  <method>logMessage</method>
  <thread>1</thread>
  <message>Object: &amp;apos;Object Repository/Page_/button_Login&amp;apos; is clicked on</message>
  <nestedLevel>2</nestedLevel>
</record>
<record>
  <date>2020-09-01T00:46:37</date>
  <millis>1598895997644</millis>
  <sequence>373</sequence>
  <level>PASSED</level>
  <class>com.kms.katalon.core.logging.XmlKeywordLogger</class>
  <method>logMessage</method>
  <thread>1</thread>
  <message>Login IST with valid credentials</message>
  <nestedLevel>2</nestedLevel>
</record>
<record>
  <date>2020-09-01T00:46:37</date>
  <millis>1598895997644</millis>
  <sequence>374</sequence>
  <level>END</level>
  <class>com.kms.katalon.core.logging.XmlKeywordLogger</class>
  <method>endKeyword</method>
  <thread>1</thread>
  <message>End End action : Login IST with valid credentials</message>
  <nestedLevel>2</nestedLevel>
</record>
<record>
  <date>2020-09-01T00:46:37</date>
  <millis>1598895997645</millis>
  <sequence>375</sequence>
  <level>START</level>
  <class>com.kms.katalon.core.logging.XmlKeywordLogger</class>
  <method>startKeyword</method>
  <thread>1</thread>
  <message>Start action : Login Success for contract dispatcher</message>
  <nestedLevel>2</nestedLevel>
</record>
<record>
  <date>2020-09-01T00:46:37</date>
  <millis>1598895997656</millis>
  <sequence>376</sequence>
  <level>INFO</level>
  <class>com.kms.katalon.core.logging.XmlKeywordLogger</class>
  <method>logMessage</method>
  <thread>1</thread>
  <message>Login Success</message>
  <nestedLevel>2</nestedLevel>
</record>
<record>
  <date>2020-09-01T00:46:37</date>
  <millis>1598895997819</millis>
  <sequence>378</sequence>
  <level>PASSED</level>
  <class>com.kms.katalon.core.logging.XmlKeywordLogger</class>
  <method>logMessage</method>
  <thread>1</thread>
  <message>Current window maximized</message>
  <nestedLevel>2</nestedLevel>
</record>
<record>
  <date>2020-09-01T00:46:38</date>
  <millis>1598895998080</millis>
  <sequence>386</sequence>
  <level>PASSED</level>
  <class>com.kms.katalon.core.logging.XmlKeywordLogger</class>
  <method>logMessage</method>
  <thread>1</thread>
  <message>Object &amp;apos;Object Repository/Page_/h1_Welcome to IT Supporting Tools&amp;apos; is present</message>
  <nestedLevel>2</nestedLevel>
</record>
<record>
  <date>2020-09-01T00:46:38</date>
  <millis>1598895998080</millis>
  <sequence>387</sequence>
  <level>PASSED</level>
  <class>com.kms.katalon.core.logging.XmlKeywordLogger</class>
  <method>logMessage</method>
  <thread>1</thread>
  <message>Login Success for contract dispatcher</message>
  <nestedLevel>2</nestedLevel>
</record>
<record>
  <date>2020-09-01T00:46:38</date>
  <millis>1598895998080</millis>
  <sequence>388</sequence>
  <level>END</level>
  <class>com.kms.katalon.core.logging.XmlKeywordLogger</class>
  <method>endKeyword</method>
  <thread>1</thread>
  <message>End End action : Login Success for contract dispatcher</message>
  <nestedLevel>2</nestedLevel>
</record>
<record>
  <date>2020-09-01T00:46:38</date>
  <millis>1598895998081</millis>
  <sequence>389</sequence>
  <level>START</level>
  <class>com.kms.katalon.core.logging.XmlKeywordLogger</class>
  <method>startKeyword</method>
  <thread>1</thread>
  <message>Start action : Select Arrow Menu \&amp;quot;Invoice System\&amp;quot;</message>
  <nestedLevel>2</nestedLevel>
</record>
<record>
  <date>2020-09-01T00:46:38</date>
  <millis>1598895998370</millis>
  <sequence>397</sequence>
  <level>PASSED</level>
  <class>com.kms.katalon.core.logging.XmlKeywordLogger</class>
  <method>logMessage</method>
  <thread>1</thread>
  <message>Object: &amp;apos;&amp;apos; is clicked on</message>
  <nestedLevel>2</nestedLevel>
</record>
<record>
  <date>2020-09-01T00:46:38</date>
  <millis>1598895998371</millis>
  <sequence>398</sequence>
  <level>PASSED</level>
  <class>com.kms.katalon.core.logging.XmlKeywordLogger</class>
  <method>logMessage</method>
  <thread>1</thread>
  <message>Select Arrow Menu \&amp;quot;Invoice System\&amp;quot;</message>
  <nestedLevel>2</nestedLevel>
</record>
<record>
  <date>2020-09-01T00:46:38</date>
  <millis>1598895998371</millis>
  <sequence>399</sequence>
  <level>END</level>
  <class>com.kms.katalon.core.logging.XmlKeywordLogger</class>
  <method>endKeyword</method>
  <thread>1</thread>
  <message>End End action : Select Arrow Menu \&amp;quot;Invoice System\&amp;quot;</message>
  <nestedLevel>2</nestedLevel>
</record>
<record>
  <date>2020-09-01T00:46:38</date>
  <millis>1598895998371</millis>
  <sequence>400</sequence>
  <level>START</level>
  <class>com.kms.katalon.core.logging.XmlKeywordLogger</class>
  <method>startKeyword</method>
  <thread>1</thread>
  <message>Start action : Select Menu \&amp;quot;Email Handling\&amp;quot;</message>
  <nestedLevel>2</nestedLevel>
</record>
<record>
  <date>2020-09-01T00:46:38</date>
  <millis>1598895998814</millis>
  <sequence>407</sequence>
  <level>PASSED</level>
  <class>com.kms.katalon.core.logging.XmlKeywordLogger</class>
  <method>logMessage</method>
  <thread>1</thread>
  <message>Object &amp;apos;&amp;apos; is present</message>
  <nestedLevel>2</nestedLevel>
</record>
<record>
  <date>2020-09-01T00:46:39</date>
  <millis>1598895999079</millis>
  <sequence>415</sequence>
  <level>PASSED</level>
  <class>com.kms.katalon.core.logging.XmlKeywordLogger</class>
  <method>logMessage</method>
  <thread>1</thread>
  <message>Object: &amp;apos;&amp;apos; is clicked on</message>
  <nestedLevel>2</nestedLevel>
</record>
<record>
  <date>2020-09-01T00:46:39</date>
  <millis>1598895999133</millis>
  <sequence>417</sequence>
  <level>PASSED</level>
  <class>com.kms.katalon.core.logging.XmlKeywordLogger</class>
  <method>logMessage</method>
  <thread>1</thread>
  <message>Wait for page load successfully</message>
  <nestedLevel>2</nestedLevel>
</record>
<record>
  <date>2020-09-01T00:46:39</date>
  <millis>1598895999134</millis>
  <sequence>418</sequence>
  <level>PASSED</level>
  <class>com.kms.katalon.core.logging.XmlKeywordLogger</class>
  <method>logMessage</method>
  <thread>1</thread>
  <message>Select Menu \&amp;quot;Email Handling\&amp;quot;</message>
  <nestedLevel>2</nestedLevel>
</record>
<record>
  <date>2020-09-01T00:46:39</date>
  <millis>1598895999134</millis>
  <sequence>419</sequence>
  <level>END</level>
  <class>com.kms.katalon.core.logging.XmlKeywordLogger</class>
  <method>endKeyword</method>
  <thread>1</thread>
  <message>End End action : Select Menu \&amp;quot;Email Handling\&amp;quot;</message>
  <nestedLevel>2</nestedLevel>
</record>
<record>
  <date>2020-09-01T00:46:39</date>
  <millis>1598895999135</millis>
  <sequence>420</sequence>
  <level>START</level>
  <class>com.kms.katalon.core.logging.XmlKeywordLogger</class>
  <method>startKeyword</method>
  <thread>1</thread>
  <message>Start action : Select Email handling \&amp;quot;Email tidak terdaftar\&amp;quot;</message>
  <nestedLevel>2</nestedLevel>
</record>
<record>
  <date>2020-09-01T00:46:40</date>
  <millis>1598896000013</millis>
  <sequence>427</sequence>
  <level>PASSED</level>
  <class>com.kms.katalon.core.logging.XmlKeywordLogger</class>
  <method>logMessage</method>
  <thread>1</thread>
  <message>Object &amp;apos;&amp;apos; is present</message>
  <nestedLevel>2</nestedLevel>
</record>
<record>
  <date>2020-09-01T00:46:40</date>
  <millis>1598896000380</millis>
  <sequence>435</sequence>
  <level>PASSED</level>
  <class>com.kms.katalon.core.logging.XmlKeywordLogger</class>
  <method>logMessage</method>
  <thread>1</thread>
  <message>Object: &amp;apos;&amp;apos; is clicked on</message>
  <nestedLevel>2</nestedLevel>
</record>
<record>
  <date>2020-09-01T00:46:40</date>
  <millis>1598896000381</millis>
  <sequence>436</sequence>
  <level>PASSED</level>
  <class>com.kms.katalon.core.logging.XmlKeywordLogger</class>
  <method>logMessage</method>
  <thread>1</thread>
  <message>Select Email handling \&amp;quot;Email tidak terdaftar\&amp;quot;</message>
  <nestedLevel>2</nestedLevel>
</record>
<record>
  <date>2020-09-01T00:46:40</date>
  <millis>1598896000381</millis>
  <sequence>437</sequence>
  <level>END</level>
  <class>com.kms.katalon.core.logging.XmlKeywordLogger</class>
  <method>endKeyword</method>
  <thread>1</thread>
  <message>End End action : Select Email handling \&amp;quot;Email tidak terdaftar\&amp;quot;</message>
  <nestedLevel>2</nestedLevel>
</record>
<record>
  <date>2020-09-01T00:46:40</date>
  <millis>1598896000382</millis>
  <sequence>438</sequence>
  <level>START</level>
  <class>com.kms.katalon.core.logging.XmlKeywordLogger</class>
  <method>startKeyword</method>
  <thread>1</thread>
  <message>Start action : Type EmailClient on \&amp;quot;Alamat Email yang digunakan client\&amp;quot; with value \&amp;quot;chaidir.pratama01@homecredit.co.id\&amp;quot;</message>
  <nestedLevel>2</nestedLevel>
</record>
<record>
  <date>2020-09-01T00:46:40</date>
  <millis>1598896000715</millis>
  <sequence>445</sequence>
  <level>PASSED</level>
  <class>com.kms.katalon.core.logging.XmlKeywordLogger</class>
  <method>logMessage</method>
  <thread>1</thread>
  <message>Object &amp;apos;&amp;apos; is present</message>
  <nestedLevel>2</nestedLevel>
</record>
<record>
  <date>2020-09-01T00:46:41</date>
  <millis>1598896001486</millis>
  <sequence>460</sequence>
  <level>PASSED</level>
  <class>com.kms.katalon.core.logging.XmlKeywordLogger</class>
  <method>logMessage</method>
  <thread>1</thread>
  <message>Text &amp;apos;chaidir.pratama01@homecredit.co.id&amp;apos; is set on object &amp;apos;&amp;apos;</message>
  <nestedLevel>2</nestedLevel>
</record>
<record>
  <date>2020-09-01T00:46:41</date>
  <millis>1598896001486</millis>
  <sequence>461</sequence>
  <level>PASSED</level>
  <class>com.kms.katalon.core.logging.XmlKeywordLogger</class>
  <method>logMessage</method>
  <thread>1</thread>
  <message>Type EmailClient on \&amp;quot;Alamat Email yang digunakan client\&amp;quot; with value \&amp;quot;chaidir.pratama01@homecredit.co.id\&amp;quot;</message>
  <nestedLevel>2</nestedLevel>
</record>
<record>
  <date>2020-09-01T00:46:41</date>
  <millis>1598896001489</millis>
  <sequence>462</sequence>
  <level>END</level>
  <class>com.kms.katalon.core.logging.XmlKeywordLogger</class>
  <method>endKeyword</method>
  <thread>1</thread>
  <message>End End action : Type EmailClient on \&amp;quot;Alamat Email yang digunakan client\&amp;quot; with value \&amp;quot;chaidir.pratama01@homecredit.co.id\&amp;quot;</message>
  <nestedLevel>2</nestedLevel>
</record>
<record>
  <date>2020-09-01T00:46:41</date>
  <millis>1598896001490</millis>
  <sequence>463</sequence>
  <level>START</level>
  <class>com.kms.katalon.core.logging.XmlKeywordLogger</class>
  <method>startKeyword</method>
  <thread>1</thread>
  <message>Start action : Click button \&amp;quot;Generate Email\&amp;quot;</message>
  <nestedLevel>2</nestedLevel>
</record>
<record>
  <date>2020-09-01T00:46:41</date>
  <millis>1598896001497</millis>
  <sequence>464</sequence>
  <level>INFO</level>
  <class>com.kms.katalon.core.logging.XmlKeywordLogger</class>
  <method>logMessage</method>
  <thread>1</thread>
  <message>&amp;gt;&amp;gt;&amp;gt;&amp;gt;&amp;gt;//Button[contains(text(),&amp;apos;Generate Email&amp;apos;)]</message>
  <nestedLevel>2</nestedLevel>
</record>
<record>
  <date>2020-09-01T00:46:44</date>
  <millis>1598896004888</millis>
  <sequence>472</sequence>
  <level>PASSED</level>
  <class>com.kms.katalon.core.logging.XmlKeywordLogger</class>
  <method>logMessage</method>
  <thread>1</thread>
  <message>Object: &amp;apos;&amp;apos; is clicked on</message>
  <nestedLevel>2</nestedLevel>
</record>
<record>
  <date>2020-09-01T00:46:44</date>
  <millis>1598896004889</millis>
  <sequence>473</sequence>
  <level>PASSED</level>
  <class>com.kms.katalon.core.logging.XmlKeywordLogger</class>
  <method>logMessage</method>
  <thread>1</thread>
  <message>Click button \&amp;quot;Generate Email\&amp;quot;</message>
  <nestedLevel>2</nestedLevel>
</record>
<record>
  <date>2020-09-01T00:46:44</date>
  <millis>1598896004889</millis>
  <sequence>474</sequence>
  <level>END</level>
  <class>com.kms.katalon.core.logging.XmlKeywordLogger</class>
  <method>endKeyword</method>
  <thread>1</thread>
  <message>End End action : Click button \&amp;quot;Generate Email\&amp;quot;</message>
  <nestedLevel>2</nestedLevel>
</record>
<record>
  <date>2020-09-01T00:46:44</date>
  <millis>1598896004889</millis>
  <sequence>475</sequence>
  <level>START</level>
  <class>com.kms.katalon.core.logging.XmlKeywordLogger</class>
  <method>startKeyword</method>
  <thread>1</thread>
  <message>Start action : Verify Email Handling</message>
  <nestedLevel>2</nestedLevel>
</record>
<record>
  <date>2020-09-01T00:46:45</date>
  <millis>1598896005957</millis>
  <sequence>480</sequence>
  <level>PASSED</level>
  <class>com.kms.katalon.core.logging.XmlKeywordLogger</class>
  <method>logMessage</method>
  <thread>1</thread>
  <message>Web element with id: &amp;apos;&amp;apos; located by &amp;apos;By.xpath: //div[@class=&amp;apos;z-messagebox-icon z-messagebox-error z-div&amp;apos;]&amp;apos; is not present after &amp;apos;10&amp;apos; second(s)</message>
  <nestedLevel>2</nestedLevel>
</record>
<record>
  <date>2020-09-01T00:46:45</date>
  <millis>1598896005958</millis>
  <sequence>481</sequence>
  <level>PASSED</level>
  <class>com.kms.katalon.core.logging.XmlKeywordLogger</class>
  <method>logMessage</method>
  <thread>1</thread>
  <message>Verify Email Handling</message>
  <nestedLevel>2</nestedLevel>
</record>
<record>
  <date>2020-09-01T00:46:45</date>
  <millis>1598896005958</millis>
  <sequence>482</sequence>
  <level>END</level>
  <class>com.kms.katalon.core.logging.XmlKeywordLogger</class>
  <method>endKeyword</method>
  <thread>1</thread>
  <message>End End action : Verify Email Handling</message>
  <nestedLevel>2</nestedLevel>
</record>
<record>
  <date>2020-09-01T00:46:45</date>
  <millis>1598896005958</millis>
  <sequence>483</sequence>
  <level>START</level>
  <class>com.kms.katalon.core.logging.XmlKeywordLogger</class>
  <method>startKeyword</method>
  <thread>1</thread>
  <message>Start action : Close browser</message>
  <nestedLevel>2</nestedLevel>
</record>
<record>
  <date>2020-09-01T00:46:46</date>
  <millis>1598896006054</millis>
  <sequence>485</sequence>
  <level>PASSED</level>
  <class>com.kms.katalon.core.logging.XmlKeywordLogger</class>
  <method>logMessage</method>
  <thread>1</thread>
  <message>Browser is closed</message>
  <nestedLevel>2</nestedLevel>
</record>
<record>
  <date>2020-09-01T00:46:46</date>
  <millis>1598896006055</millis>
  <sequence>486</sequence>
  <level>PASSED</level>
  <class>com.kms.katalon.core.logging.XmlKeywordLogger</class>
  <method>logMessage</method>
  <thread>1</thread>
  <message>Close browser</message>
  <nestedLevel>2</nestedLevel>
</record>
<record>
  <date>2020-09-01T00:46:46</date>
  <millis>1598896006055</millis>
  <sequence>487</sequence>
  <level>END</level>
  <class>com.kms.katalon.core.logging.XmlKeywordLogger</class>
  <method>endKeyword</method>
  <thread>1</thread>
  <message>End End action : Close browser</message>
  <nestedLevel>2</nestedLevel>
</record>
<record>
  <date>2020-09-01T00:46:46</date>
  <millis>1598896006058</millis>
  <sequence>488</sequence>
  <level>PASSED</level>
  <class>com.kms.katalon.core.logging.XmlKeywordLogger</class>
  <method>logMessage</method>
  <thread>1</thread>
  <message>SCENARIO Send Email by Select Menu Email Handling from Invoice System then Generate Email Handling</message>
  <nestedLevel>2</nestedLevel>
</record>
<record>
  <date>2020-09-01T00:46:46</date>
  <millis>1598896006059</millis>
  <sequence>489</sequence>
  <level>END</level>
  <class>com.kms.katalon.core.logging.XmlKeywordLogger</class>
  <method>endTest</method>
  <thread>1</thread>
  <message>End Test Case : SCENARIO Send Email by Select Menu Email Handling from Invoice System then Generate Email Handling</message>
  <nestedLevel>1</nestedLevel>
</record>
<record>
  <date>2020-09-01T00:46:46</date>
  <millis>1598896006101</millis>
  <sequence>490</sequence>
  <level>PASSED</level>
  <class>com.kms.katalon.core.logging.XmlKeywordLogger</class>
  <method>logMessage</method>
  <thread>1</thread>
  <message>Feature file: &amp;apos;Include/features/IST_Real/TRIS/Send_Email_Handling.feature&amp;apos; was passed</message>
  <nestedLevel>1</nestedLevel>
</record>
<record>
  <date>2020-09-01T00:46:46</date>
  <millis>1598896006101</millis>
  <sequence>491</sequence>
  <level>END</level>
  <class>com.kms.katalon.core.logging.XmlKeywordLogger</class>
  <method>endKeyword</method>
  <thread>1</thread>
  <message>End action : runFeatureFile(\&amp;quot;Include/features/IST_Real/TRIS/Send_Email_Handling.feature\&amp;quot;)</message>
  <nestedLevel>1</nestedLevel>
</record>
<record>
  <date>2020-09-01T00:46:46</date>
  <millis>1598896006102</millis>
  <sequence>492</sequence>
  <level>PASSED</level>
  <class>com.kms.katalon.core.logging.XmlKeywordLogger</class>
  <method>logMessage</method>
  <thread>1</thread>
  <message>Test Cases/IST_Real/TRIS/Send_Email_Handling</message>
  <nestedLevel>1</nestedLevel>
</record>
<record>
  <date>2020-09-01T00:46:46</date>
  <millis>1598896006102</millis>
  <sequence>493</sequence>
  <level>END</level>
  <class>com.kms.katalon.core.logging.XmlKeywordLogger</class>
  <method>endTest</method>
  <thread>1</thread>
  <message>End Test Case : Test Cases/IST_Real/TRIS/Send_Email_Handling</message>
  <nestedLevel>0</nestedLevel>
</record>
<record>
  <date>2020-09-01T00:46:46</date>
  <millis>1598896006104</millis>
  <sequence>494</sequence>
  <level>START</level>
  <class>com.kms.katalon.core.logging.XmlKeywordLogger</class>
  <method>startKeyword</method>
  <thread>1</thread>
  <message>Start listener action : exportKatalonReports</message>
  <nestedLevel>0</nestedLevel>
</record>
<record>
  <date>2020-09-01T00:46:46</date>
  <millis>1598896006193</millis>
  <sequence>642</sequence>
  <level>INFO</level>
  <class>com.kms.katalon.core.logging.XmlKeywordLogger</class>
  <method>logMessage</method>
  <thread>1</thread>
  <message>Start generating HTML report folder at: /Users/chaidir.pratama01/Katalon Studio/IST_Automation_Git/Reports/20200901_004601/TRIS/Send_Email_Handling/20200901_004601...</message>
  <nestedLevel>0</nestedLevel>
</record>
<record>
  <date>2020-09-01T00:46:46</date>
  <millis>1598896006208</millis>
  <sequence>643</sequence>
  <level>INFO</level>
  <class>com.kms.katalon.core.logging.XmlKeywordLogger</class>
  <method>logMessage</method>
  <thread>1</thread>
  <message>HTML report generated</message>
  <nestedLevel>0</nestedLevel>
</record>
<record>
  <date>2020-09-01T00:46:46</date>
  <millis>1598896006208</millis>
  <sequence>644</sequence>
  <level>INFO</level>
  <class>com.kms.katalon.core.logging.XmlKeywordLogger</class>
  <method>logMessage</method>
  <thread>1</thread>
  <message>Start generating CSV report folder at: /Users/chaidir.pratama01/Katalon Studio/IST_Automation_Git/Reports/20200901_004601/TRIS/Send_Email_Handling/20200901_004601...</message>
  <nestedLevel>0</nestedLevel>
</record>
<record>
  <date>2020-09-01T00:46:46</date>
  <millis>1598896006221</millis>
  <sequence>645</sequence>
  <level>INFO</level>
  <class>com.kms.katalon.core.logging.XmlKeywordLogger</class>
  <method>logMessage</method>
  <thread>1</thread>
  <message>CSV report generated</message>
  <nestedLevel>0</nestedLevel>
</record>
<record>
  <date>2020-09-01T00:46:46</date>
  <millis>1598896006222</millis>
  <sequence>646</sequence>
  <level>INFO</level>
  <class>com.kms.katalon.core.logging.XmlKeywordLogger</class>
  <method>logMessage</method>
  <thread>1</thread>
  <message>Start generating PDF report folder at: /Users/chaidir.pratama01/Katalon Studio/IST_Automation_Git/Reports/20200901_004601/TRIS/Send_Email_Handling/20200901_004601...</message>
  <nestedLevel>0</nestedLevel>
</record>
<record>
  <date>2020-09-01T00:46:49</date>
  <millis>1598896009368</millis>
  <sequence>651</sequence>
  <level>WARNING</level>
  <class>com.kms.katalon.core.logging.XmlKeywordLogger</class>
  <method>logMessage</method>
  <thread>1</thread>
  <message>com.kms.katalon.core.pdf.exception.JasperReportException: Unable to export pdf to location: /Users/chaidir.pratama01/Katalon Studio/IST_Automation_Git/Reports/20200901_004601/TRIS/Send_Email_Handling/20200901_004601/20200901_004601.pdf\n\tat com.kms.katalon.core.pdf.AbstractPdfReportGenerator.exportToPDF(AbstractPdfReportGenerator.java:95)\n\tat com.kms.katalon.core.reporting.ReportWriterUtil.writePdfReport(ReportWriterUtil.java:153)\n\tat com.kms.katalon.core.reporting.ReportWriterUtil$writePdfReport$2.call(Unknown Source)\n\tat KatalonReportListener.exportKatalonReports(KatalonReportListener.groovy:54)\n\tat KatalonReportListener.invokeMethod(KatalonReportListener.groovy)\n\tat com.kms.katalon.core.context.internal.TestHooker.invokeMethod(TestHooker.java:111)\n\tat com.kms.katalon.core.context.internal.TestHooker.lambda$3(TestHooker.java:95)\n\tat com.kms.katalon.core.context.internal.TestHooker.invokeContextMethods(TestHooker.java:94)\n\tat com.kms.katalon.core.context.internal.TestListenerCollector.lambda$3(TestListenerCollector.java:88)\n\tat com.kms.katalon.core.context.internal.TestListenerCollector.handleListenerEvent(TestListenerCollector.java:85)\n\tat com.kms.katalon.core.context.internal.ExecutionEventManager.publicEvent(ExecutionEventManager.java:36)\n\tat com.kms.katalon.core.main.TestSuiteExecutor.execute(TestSuiteExecutor.java:98)\n\tat com.kms.katalon.core.main.TestCaseMain.startTestSuite(TestCaseMain.java:157)\n\tat com.kms.katalon.core.main.TestCaseMain$startTestSuite$0.call(Unknown Source)\n\tat TempTestSuite1598895961665.run(TempTestSuite1598895961665.groovy:39)\nCaused by: net.sf.jasperreports.engine.fill.JRExpressionEvalException: Error evaluating expression for source text: net.sf.jasperreports.engine.JasperCompileManager.compileReport(com.kms.katalon.core.pdf.ResourceUtil.getResourceAsInputStream(com.kms.katalon.core.pdf.AbstractPdfReportGenerator.class, $P{TEST_CASE_TPL}))\n\tat net.sf.jasperreports.engine.fill.JREvaluator.evaluate(JREvaluator.java:291)\n\tat net.sf.jasperreports.engine.fill.JRCalculator.evaluate(JRCalculator.java:618)\n\tat net.sf.jasperreports.engine.fill.JRCalculator.evaluate(JRCalculator.java:586)\n\tat net.sf.jasperreports.engine.fill.JRFillElement.evaluateExpression(JRFillElement.java:1020)\n\tat net.sf.jasperreports.engine.fill.JRFillSubreport.evaluateReport(JRFillSubreport.java:360)\n\tat net.sf.jasperreports.engine.fill.JRFillSubreport.evaluateSubreport(JRFillSubreport.java:437)\n\tat net.sf.jasperreports.engine.fill.JRFillSubreport.evaluate(JRFillSubreport.java:351)\n\tat net.sf.jasperreports.engine.fill.JRFillElementContainer.evaluate(JRFillElementContainer.java:281)\n\tat net.sf.jasperreports.engine.fill.JRFillBand.evaluate(JRFillBand.java:504)\n\tat net.sf.jasperreports.engine.fill.JRVerticalFiller.fillSummaryNoLastFooterNewPage(JRVerticalFiller.java:1183)\n\tat net.sf.jasperreports.engine.fill.JRVerticalFiller.fillSummary(JRVerticalFiller.java:1033)\n\tat net.sf.jasperreports.engine.fill.JRVerticalFiller.fillReportEnd(JRVerticalFiller.java:290)\n\tat net.sf.jasperreports.engine.fill.JRVerticalFiller.fillReport(JRVerticalFiller.java:126)\n\tat net.sf.jasperreports.engine.fill.JRBaseFiller.fill(JRBaseFiller.java:558)\n\tat net.sf.jasperreports.engine.fill.BaseReportFiller.fill(BaseReportFiller.java:414)\n\tat net.sf.jasperreports.engine.fill.JRFiller.fill(JRFiller.java:122)\n\tat net.sf.jasperreports.engine.JasperFillManager.fill(JasperFillManager.java:667)\n\tat net.sf.jasperreports.engine.JasperFillManager.fillReport(JasperFillManager.java:983)\n\tat com.kms.katalon.core.pdf.AbstractPdfReportGenerator.exportToPDF(AbstractPdfReportGenerator.java:89)\n\t... 14 more\nCaused by: java.lang.NoClassDefFoundError: org/eclipse/core/runtime/Plugin\n\tat org.codehaus.jdt.groovy.integration.LanguageSupportFactory.tryInstantiate(LanguageSupportFactory.java:143)\n\tat org.codehaus.jdt.groovy.integration.LanguageSupportFactory.getLanguageSupport(LanguageSupportFactory.java:128)\n\tat org.codehaus.jdt.groovy.integration.LanguageSupportFactory.getParser(LanguageSupportFactory.java:57)\n\tat org.eclipse.jdt.internal.compiler.Compiler.initializeParser(Compiler.java:836)\n\tat org.eclipse.jdt.internal.compiler.Compiler.&amp;lt;init&amp;gt;(Compiler.java:300)\n\tat org.eclipse.jdt.internal.compiler.Compiler.&amp;lt;init&amp;gt;(Compiler.java:114)\n\tat net.sf.jasperreports.engine.design.JRJdtCompiler.compileUnits(JRJdtCompiler.java:167)\n\tat net.sf.jasperreports.engine.design.JRAbstractCompiler.compileReport(JRAbstractCompiler.java:212)\n\tat net.sf.jasperreports.engine.JasperCompileManager.compile(JasperCompileManager.java:357)\n\tat net.sf.jasperreports.engine.JasperCompileManager.compile(JasperCompileManager.java:343)\n\tat net.sf.jasperreports.engine.JasperCompileManager.compileReport(JasperCompileManager.java:608)\n\tat net.sf.jasperreports.engine.JasperCompileManager$compileReport.call(Unknown Source)\n\tat User32Overview_1598896007572_482160.evaluate(calculator_User32Overview_1598896007572_482160:280)\n\tat net.sf.jasperreports.engine.fill.JREvaluator.evaluate(JREvaluator.java:277)\n\t... 32 more\nCaused by: java.lang.ClassNotFoundException: org.eclipse.core.runtime.Plugin\n\t... 46 more\n</message>
  <nestedLevel>0</nestedLevel>
</record>
<record>
  <date>2020-09-01T00:46:49</date>
  <millis>1598896009371</millis>
  <sequence>653</sequence>
  <level>END</level>
  <class>com.kms.katalon.core.logging.XmlKeywordLogger</class>
  <method>endKeyword</method>
  <thread>1</thread>
  <message>End listener action : exportKatalonReports</message>
  <nestedLevel>0</nestedLevel>
</record>
<record>
  <date>2020-09-01T00:46:49</date>
  <millis>1598896009397</millis>
  <sequence>654</sequence>
  <level>END</level>
  <class>com.kms.katalon.core.logging.XmlKeywordLogger</class>
  <method>endSuite</method>
  <thread>1</thread>
  <message>End Test Suite : Test Suites/TRIS/Send_Email_Handling</message>
  <nestedLevel>0</nestedLevel>
</record>
</log>