<?xml version="1.0" encoding="UTF-8" standalone="no"?>
<!DOCTYPE log SYSTEM "logger.dtd">
<log>
<record>
  <date>2020-09-01T00:22:14</date>
  <millis>1598894534064</millis>
  <sequence>0</sequence>
  <level>START</level>
  <class>com.kms.katalon.core.logging.XmlKeywordLogger</class>
  <method>startSuite</method>
  <thread>1</thread>
  <message>Start Test Suite : Test Suites/TRIS/TS_Search_Invoice</message>
  <nestedLevel>0</nestedLevel>
  <property name="name">TS_Search_Invoice</property>
  <property name="description"></property>
  <property name="id">Test Suites/TRIS/TS_Search_Invoice</property>
  <property name="stopImmediately">false</property>
</record>
<record>
  <date>2020-09-01T00:22:14</date>
  <millis>1598894534079</millis>
  <sequence>1</sequence>
  <level>RUN_DATA</level>
  <class>com.kms.katalon.core.logging.XmlKeywordLogger</class>
  <method>logMessage</method>
  <thread>1</thread>
  <message>hostName = chaidir.pratama01 - localhost</message>
  <nestedLevel>0</nestedLevel>
  <property name="hostName">chaidir.pratama01 - localhost</property>
</record>
<record>
  <date>2020-09-01T00:22:14</date>
  <millis>1598894534080</millis>
  <sequence>2</sequence>
  <level>RUN_DATA</level>
  <class>com.kms.katalon.core.logging.XmlKeywordLogger</class>
  <method>logMessage</method>
  <thread>1</thread>
  <message>os = Mac OS X 64bit</message>
  <nestedLevel>0</nestedLevel>
  <property name="os">Mac OS X 64bit</property>
</record>
<record>
  <date>2020-09-01T00:22:14</date>
  <millis>1598894534083</millis>
  <sequence>3</sequence>
  <level>RUN_DATA</level>
  <class>com.kms.katalon.core.logging.XmlKeywordLogger</class>
  <method>logMessage</method>
  <thread>1</thread>
  <message>hostAddress = 127.0.0.1</message>
  <nestedLevel>0</nestedLevel>
  <property name="hostAddress">127.0.0.1</property>
</record>
<record>
  <date>2020-09-01T00:22:14</date>
  <millis>1598894534084</millis>
  <sequence>4</sequence>
  <level>RUN_DATA</level>
  <class>com.kms.katalon.core.logging.XmlKeywordLogger</class>
  <method>logMessage</method>
  <thread>1</thread>
  <message>katalonVersion = 7.6.0.${buildNumber}</message>
  <nestedLevel>0</nestedLevel>
  <property name="katalonVersion">7.6.0.${buildNumber}</property>
</record>
<record>
  <date>2020-09-01T00:22:14</date>
  <millis>1598894534254</millis>
  <sequence>5</sequence>
  <level>START</level>
  <class>com.kms.katalon.core.logging.XmlKeywordLogger</class>
  <method>startTest</method>
  <thread>1</thread>
  <message>Start Test Case : Test Cases/IST_Real/TRIS/Search_Invoice</message>
  <nestedLevel>1</nestedLevel>
  <property name="name">Test Cases/IST_Real/TRIS/Search_Invoice</property>
  <property name="description"></property>
  <property name="id">Test Cases/IST_Real/TRIS/Search_Invoice</property>
  <property name="source">\\Users\\chaidir.pratama01\\Katalon Studio\\IST_Automation_Git\\Test Cases\\IST_Real\\TRIS\\Search_Invoice.tc</property>
  <property name="tag"></property>
  <property name="isOptional">false</property>
</record>
<record>
  <date>2020-09-01T00:22:14</date>
  <millis>1598894534490</millis>
  <sequence>7</sequence>
  <level>START</level>
  <class>com.kms.katalon.core.logging.XmlKeywordLogger</class>
  <method>startKeyword</method>
  <thread>1</thread>
  <message>Start action : runFeatureFile(\&amp;quot;Include/features/IST_Real/TRIS/Search_Invoice.feature\&amp;quot;)</message>
  <nestedLevel>1</nestedLevel>
  <property name="startLine">18</property>
  <property name="stepIndex">1</property>
</record>
<record>
  <date>2020-09-01T00:22:14</date>
  <millis>1598894534518</millis>
  <sequence>8</sequence>
  <level>INFO</level>
  <class>com.kms.katalon.core.logging.XmlKeywordLogger</class>
  <method>logMessage</method>
  <thread>1</thread>
  <message>Starting run keyword runFeatureFile: &amp;apos;Include/features/IST_Real/TRIS/Search_Invoice.feature&amp;apos; and extract report to folder: &amp;apos;/Users/chaidir.pratama01/Katalon Studio/IST_Automation_Git/Reports/20200901_002207/TRIS/TS_Search_Invoice/20200901_002207/cucumber_report/1598894534513&amp;apos;...</message>
  <nestedLevel>1</nestedLevel>
</record>
<record>
  <date>2020-09-01T00:22:15</date>
  <millis>1598894535000</millis>
  <sequence>9</sequence>
  <level>START</level>
  <class>com.kms.katalon.core.logging.XmlKeywordLogger</class>
  <method>startTest</method>
  <thread>1</thread>
  <message>Start Test Case : SCENARIO Search Invoice</message>
  <nestedLevel>2</nestedLevel>
</record>
<record>
  <date>2020-09-01T00:22:15</date>
  <millis>1598894535002</millis>
  <sequence>10</sequence>
  <level>START</level>
  <class>com.kms.katalon.core.logging.XmlKeywordLogger</class>
  <method>startKeyword</method>
  <thread>1</thread>
  <message>Start action : Go to IST</message>
  <nestedLevel>2</nestedLevel>
</record>
<record>
  <date>2020-09-01T00:22:15</date>
  <millis>1598894535176</millis>
  <sequence>12</sequence>
  <level>INFO</level>
  <class>com.kms.katalon.core.logging.XmlKeywordLogger</class>
  <method>logMessage</method>
  <thread>1</thread>
  <message>Starting &amp;apos;Chrome&amp;apos; driver</message>
  <nestedLevel>2</nestedLevel>
</record>
<record>
  <date>2020-09-01T00:22:15</date>
  <millis>1598894535200</millis>
  <sequence>14</sequence>
  <level>INFO</level>
  <class>com.kms.katalon.core.logging.XmlKeywordLogger</class>
  <method>logMessage</method>
  <thread>1</thread>
  <message>Action delay is set to 0 milliseconds</message>
  <nestedLevel>2</nestedLevel>
</record>
<record>
  <date>2020-09-01T00:22:17</date>
  <millis>1598894537025</millis>
  <sequence>16</sequence>
  <level>RUN_DATA</level>
  <class>com.kms.katalon.core.logging.XmlKeywordLogger</class>
  <method>logMessage</method>
  <thread>1</thread>
  <message>sessionId = 41355f06fa9a6725bbb91c17546ef843</message>
  <nestedLevel>2</nestedLevel>
  <property name="sessionId">41355f06fa9a6725bbb91c17546ef843</property>
</record>
<record>
  <date>2020-09-01T00:22:17</date>
  <millis>1598894537043</millis>
  <sequence>17</sequence>
  <level>RUN_DATA</level>
  <class>com.kms.katalon.core.logging.XmlKeywordLogger</class>
  <method>logMessage</method>
  <thread>1</thread>
  <message>browser = Chrome 84.0.4147.135</message>
  <nestedLevel>2</nestedLevel>
  <property name="browser">Chrome 84.0.4147.135</property>
</record>
<record>
  <date>2020-09-01T00:22:17</date>
  <millis>1598894537044</millis>
  <sequence>18</sequence>
  <level>RUN_DATA</level>
  <class>com.kms.katalon.core.logging.XmlKeywordLogger</class>
  <method>logMessage</method>
  <thread>1</thread>
  <message>platform = Mac OS X</message>
  <nestedLevel>2</nestedLevel>
  <property name="platform">Mac OS X</property>
</record>
<record>
  <date>2020-09-01T00:22:17</date>
  <millis>1598894537045</millis>
  <sequence>19</sequence>
  <level>RUN_DATA</level>
  <class>com.kms.katalon.core.logging.XmlKeywordLogger</class>
  <method>logMessage</method>
  <thread>1</thread>
  <message>seleniumVersion = 3.141.59</message>
  <nestedLevel>2</nestedLevel>
  <property name="seleniumVersion">3.141.59</property>
</record>
<record>
  <date>2020-09-01T00:22:17</date>
  <millis>1598894537046</millis>
  <sequence>20</sequence>
  <level>RUN_DATA</level>
  <class>com.kms.katalon.core.logging.XmlKeywordLogger</class>
  <method>logMessage</method>
  <thread>1</thread>
  <message>proxyInformation = ProxyInformation { proxyOption=NO_PROXY, proxyServerType=HTTP, username=, password=********, proxyServerAddress=, proxyServerPort=0, executionList=\&amp;quot;\&amp;quot;, isApplyToDesiredCapabilities=true }</message>
  <nestedLevel>2</nestedLevel>
  <property name="proxyInformation">ProxyInformation { proxyOption=NO_PROXY, proxyServerType=HTTP, username=, password=********, proxyServerAddress=, proxyServerPort=0, executionList=\&quot;\&quot;, isApplyToDesiredCapabilities=true }</property>
</record>
<record>
  <date>2020-09-01T00:22:17</date>
  <millis>1598894537055</millis>
  <sequence>21</sequence>
  <level>PASSED</level>
  <class>com.kms.katalon.core.logging.XmlKeywordLogger</class>
  <method>logMessage</method>
  <thread>1</thread>
  <message>Browser is opened with url: &amp;apos;&amp;apos;</message>
  <nestedLevel>2</nestedLevel>
</record>
<record>
  <date>2020-09-01T00:22:32</date>
  <millis>1598894552976</millis>
  <sequence>24</sequence>
  <level>PASSED</level>
  <class>com.kms.katalon.core.logging.XmlKeywordLogger</class>
  <method>logMessage</method>
  <thread>1</thread>
  <message>Navigate to &amp;apos;https://ist.homecredit.id/ist_tracker/login.zul&amp;apos; successfully</message>
  <nestedLevel>2</nestedLevel>
</record>
<record>
  <date>2020-09-01T00:22:32</date>
  <millis>1598894552978</millis>
  <sequence>25</sequence>
  <level>PASSED</level>
  <class>com.kms.katalon.core.logging.XmlKeywordLogger</class>
  <method>logMessage</method>
  <thread>1</thread>
  <message>Go to IST</message>
  <nestedLevel>2</nestedLevel>
</record>
<record>
  <date>2020-09-01T00:22:32</date>
  <millis>1598894552978</millis>
  <sequence>26</sequence>
  <level>END</level>
  <class>com.kms.katalon.core.logging.XmlKeywordLogger</class>
  <method>endKeyword</method>
  <thread>1</thread>
  <message>End End action : Go to IST</message>
  <nestedLevel>2</nestedLevel>
</record>
<record>
  <date>2020-09-01T00:22:32</date>
  <millis>1598894552979</millis>
  <sequence>27</sequence>
  <level>START</level>
  <class>com.kms.katalon.core.logging.XmlKeywordLogger</class>
  <method>startKeyword</method>
  <thread>1</thread>
  <message>Start action : Login IST with valid credentials</message>
  <nestedLevel>2</nestedLevel>
</record>
<record>
  <date>2020-09-01T00:22:33</date>
  <millis>1598894553893</millis>
  <sequence>43</sequence>
  <level>PASSED</level>
  <class>com.kms.katalon.core.logging.XmlKeywordLogger</class>
  <method>logMessage</method>
  <thread>1</thread>
  <message>Text &amp;apos;mobile.test&amp;apos; is set on object &amp;apos;Object Repository/Page_/input_Username_j_username&amp;apos;</message>
  <nestedLevel>2</nestedLevel>
</record>
<record>
  <date>2020-09-01T00:22:34</date>
  <millis>1598894554404</millis>
  <sequence>54</sequence>
  <level>PASSED</level>
  <class>com.kms.katalon.core.logging.XmlKeywordLogger</class>
  <method>logMessage</method>
  <thread>1</thread>
  <message>Text ****** has been set on object &amp;apos;Object Repository/Page_/input_Password_j_password&amp;apos;</message>
  <nestedLevel>2</nestedLevel>
</record>
<record>
  <date>2020-09-01T00:22:35</date>
  <millis>1598894555917</millis>
  <sequence>63</sequence>
  <level>PASSED</level>
  <class>com.kms.katalon.core.logging.XmlKeywordLogger</class>
  <method>logMessage</method>
  <thread>1</thread>
  <message>Object: &amp;apos;Object Repository/Page_/button_Login&amp;apos; is clicked on</message>
  <nestedLevel>2</nestedLevel>
</record>
<record>
  <date>2020-09-01T00:22:35</date>
  <millis>1598894555918</millis>
  <sequence>64</sequence>
  <level>PASSED</level>
  <class>com.kms.katalon.core.logging.XmlKeywordLogger</class>
  <method>logMessage</method>
  <thread>1</thread>
  <message>Login IST with valid credentials</message>
  <nestedLevel>2</nestedLevel>
</record>
<record>
  <date>2020-09-01T00:22:35</date>
  <millis>1598894555918</millis>
  <sequence>65</sequence>
  <level>END</level>
  <class>com.kms.katalon.core.logging.XmlKeywordLogger</class>
  <method>endKeyword</method>
  <thread>1</thread>
  <message>End End action : Login IST with valid credentials</message>
  <nestedLevel>2</nestedLevel>
</record>
<record>
  <date>2020-09-01T00:22:35</date>
  <millis>1598894555919</millis>
  <sequence>66</sequence>
  <level>START</level>
  <class>com.kms.katalon.core.logging.XmlKeywordLogger</class>
  <method>startKeyword</method>
  <thread>1</thread>
  <message>Start action : Login Success for contract dispatcher</message>
  <nestedLevel>2</nestedLevel>
</record>
<record>
  <date>2020-09-01T00:22:35</date>
  <millis>1598894555930</millis>
  <sequence>67</sequence>
  <level>INFO</level>
  <class>com.kms.katalon.core.logging.XmlKeywordLogger</class>
  <method>logMessage</method>
  <thread>1</thread>
  <message>Login Success</message>
  <nestedLevel>2</nestedLevel>
</record>
<record>
  <date>2020-09-01T00:22:36</date>
  <millis>1598894556100</millis>
  <sequence>69</sequence>
  <level>PASSED</level>
  <class>com.kms.katalon.core.logging.XmlKeywordLogger</class>
  <method>logMessage</method>
  <thread>1</thread>
  <message>Current window maximized</message>
  <nestedLevel>2</nestedLevel>
</record>
<record>
  <date>2020-09-01T00:22:36</date>
  <millis>1598894556464</millis>
  <sequence>77</sequence>
  <level>PASSED</level>
  <class>com.kms.katalon.core.logging.XmlKeywordLogger</class>
  <method>logMessage</method>
  <thread>1</thread>
  <message>Object &amp;apos;Object Repository/Page_/h1_Welcome to IT Supporting Tools&amp;apos; is present</message>
  <nestedLevel>2</nestedLevel>
</record>
<record>
  <date>2020-09-01T00:22:36</date>
  <millis>1598894556465</millis>
  <sequence>78</sequence>
  <level>PASSED</level>
  <class>com.kms.katalon.core.logging.XmlKeywordLogger</class>
  <method>logMessage</method>
  <thread>1</thread>
  <message>Login Success for contract dispatcher</message>
  <nestedLevel>2</nestedLevel>
</record>
<record>
  <date>2020-09-01T00:22:36</date>
  <millis>1598894556465</millis>
  <sequence>79</sequence>
  <level>END</level>
  <class>com.kms.katalon.core.logging.XmlKeywordLogger</class>
  <method>endKeyword</method>
  <thread>1</thread>
  <message>End End action : Login Success for contract dispatcher</message>
  <nestedLevel>2</nestedLevel>
</record>
<record>
  <date>2020-09-01T00:22:36</date>
  <millis>1598894556466</millis>
  <sequence>80</sequence>
  <level>START</level>
  <class>com.kms.katalon.core.logging.XmlKeywordLogger</class>
  <method>startKeyword</method>
  <thread>1</thread>
  <message>Start action : Select Arrow Menu \&amp;quot;Invoice System\&amp;quot;</message>
  <nestedLevel>2</nestedLevel>
</record>
<record>
  <date>2020-09-01T00:22:36</date>
  <millis>1598894556963</millis>
  <sequence>88</sequence>
  <level>PASSED</level>
  <class>com.kms.katalon.core.logging.XmlKeywordLogger</class>
  <method>logMessage</method>
  <thread>1</thread>
  <message>Object: &amp;apos;&amp;apos; is clicked on</message>
  <nestedLevel>2</nestedLevel>
</record>
<record>
  <date>2020-09-01T00:22:36</date>
  <millis>1598894556964</millis>
  <sequence>89</sequence>
  <level>PASSED</level>
  <class>com.kms.katalon.core.logging.XmlKeywordLogger</class>
  <method>logMessage</method>
  <thread>1</thread>
  <message>Select Arrow Menu \&amp;quot;Invoice System\&amp;quot;</message>
  <nestedLevel>2</nestedLevel>
</record>
<record>
  <date>2020-09-01T00:22:36</date>
  <millis>1598894556964</millis>
  <sequence>90</sequence>
  <level>END</level>
  <class>com.kms.katalon.core.logging.XmlKeywordLogger</class>
  <method>endKeyword</method>
  <thread>1</thread>
  <message>End End action : Select Arrow Menu \&amp;quot;Invoice System\&amp;quot;</message>
  <nestedLevel>2</nestedLevel>
</record>
<record>
  <date>2020-09-01T00:22:36</date>
  <millis>1598894556964</millis>
  <sequence>91</sequence>
  <level>START</level>
  <class>com.kms.katalon.core.logging.XmlKeywordLogger</class>
  <method>startKeyword</method>
  <thread>1</thread>
  <message>Start action : Select Menu \&amp;quot;Tracker Invoice System\&amp;quot;</message>
  <nestedLevel>2</nestedLevel>
</record>
<record>
  <date>2020-09-01T00:22:37</date>
  <millis>1598894557526</millis>
  <sequence>98</sequence>
  <level>PASSED</level>
  <class>com.kms.katalon.core.logging.XmlKeywordLogger</class>
  <method>logMessage</method>
  <thread>1</thread>
  <message>Object &amp;apos;&amp;apos; is present</message>
  <nestedLevel>2</nestedLevel>
</record>
<record>
  <date>2020-09-01T00:22:37</date>
  <millis>1598894557893</millis>
  <sequence>106</sequence>
  <level>PASSED</level>
  <class>com.kms.katalon.core.logging.XmlKeywordLogger</class>
  <method>logMessage</method>
  <thread>1</thread>
  <message>Object: &amp;apos;&amp;apos; is clicked on</message>
  <nestedLevel>2</nestedLevel>
</record>
<record>
  <date>2020-09-01T00:22:37</date>
  <millis>1598894557946</millis>
  <sequence>108</sequence>
  <level>PASSED</level>
  <class>com.kms.katalon.core.logging.XmlKeywordLogger</class>
  <method>logMessage</method>
  <thread>1</thread>
  <message>Wait for page load successfully</message>
  <nestedLevel>2</nestedLevel>
</record>
<record>
  <date>2020-09-01T00:22:37</date>
  <millis>1598894557947</millis>
  <sequence>109</sequence>
  <level>PASSED</level>
  <class>com.kms.katalon.core.logging.XmlKeywordLogger</class>
  <method>logMessage</method>
  <thread>1</thread>
  <message>Select Menu \&amp;quot;Tracker Invoice System\&amp;quot;</message>
  <nestedLevel>2</nestedLevel>
</record>
<record>
  <date>2020-09-01T00:22:37</date>
  <millis>1598894557947</millis>
  <sequence>110</sequence>
  <level>END</level>
  <class>com.kms.katalon.core.logging.XmlKeywordLogger</class>
  <method>endKeyword</method>
  <thread>1</thread>
  <message>End End action : Select Menu \&amp;quot;Tracker Invoice System\&amp;quot;</message>
  <nestedLevel>2</nestedLevel>
</record>
<record>
  <date>2020-09-01T00:22:37</date>
  <millis>1598894557948</millis>
  <sequence>111</sequence>
  <level>START</level>
  <class>com.kms.katalon.core.logging.XmlKeywordLogger</class>
  <method>startKeyword</method>
  <thread>1</thread>
  <message>Start action : Type on Textbox label \&amp;quot;contract number of email address\&amp;quot; with invoice number</message>
  <nestedLevel>2</nestedLevel>
</record>
<record>
  <date>2020-09-01T00:22:39</date>
  <millis>1598894559130</millis>
  <sequence>126</sequence>
  <level>PASSED</level>
  <class>com.kms.katalon.core.logging.XmlKeywordLogger</class>
  <method>logMessage</method>
  <thread>1</thread>
  <message>Text &amp;apos;4001513695&amp;apos; is set on object &amp;apos;&amp;apos;</message>
  <nestedLevel>2</nestedLevel>
</record>
<record>
  <date>2020-09-01T00:22:39</date>
  <millis>1598894559131</millis>
  <sequence>127</sequence>
  <level>PASSED</level>
  <class>com.kms.katalon.core.logging.XmlKeywordLogger</class>
  <method>logMessage</method>
  <thread>1</thread>
  <message>Type on Textbox label \&amp;quot;contract number of email address\&amp;quot; with invoice number</message>
  <nestedLevel>2</nestedLevel>
</record>
<record>
  <date>2020-09-01T00:22:39</date>
  <millis>1598894559131</millis>
  <sequence>128</sequence>
  <level>END</level>
  <class>com.kms.katalon.core.logging.XmlKeywordLogger</class>
  <method>endKeyword</method>
  <thread>1</thread>
  <message>End End action : Type on Textbox label \&amp;quot;contract number of email address\&amp;quot; with invoice number</message>
  <nestedLevel>2</nestedLevel>
</record>
<record>
  <date>2020-09-01T00:22:39</date>
  <millis>1598894559132</millis>
  <sequence>129</sequence>
  <level>START</level>
  <class>com.kms.katalon.core.logging.XmlKeywordLogger</class>
  <method>startKeyword</method>
  <thread>1</thread>
  <message>Start action : Click button \&amp;quot;Search\&amp;quot;</message>
  <nestedLevel>2</nestedLevel>
</record>
<record>
  <date>2020-09-01T00:22:39</date>
  <millis>1598894559139</millis>
  <sequence>130</sequence>
  <level>INFO</level>
  <class>com.kms.katalon.core.logging.XmlKeywordLogger</class>
  <method>logMessage</method>
  <thread>1</thread>
  <message>&amp;gt;&amp;gt;&amp;gt;&amp;gt;&amp;gt;//Button[contains(text(),&amp;apos;Search&amp;apos;)]</message>
  <nestedLevel>2</nestedLevel>
</record>
<record>
  <date>2020-09-01T00:22:42</date>
  <millis>1598894562427</millis>
  <sequence>138</sequence>
  <level>PASSED</level>
  <class>com.kms.katalon.core.logging.XmlKeywordLogger</class>
  <method>logMessage</method>
  <thread>1</thread>
  <message>Object: &amp;apos;&amp;apos; is clicked on</message>
  <nestedLevel>2</nestedLevel>
</record>
<record>
  <date>2020-09-01T00:22:42</date>
  <millis>1598894562428</millis>
  <sequence>139</sequence>
  <level>PASSED</level>
  <class>com.kms.katalon.core.logging.XmlKeywordLogger</class>
  <method>logMessage</method>
  <thread>1</thread>
  <message>Click button \&amp;quot;Search\&amp;quot;</message>
  <nestedLevel>2</nestedLevel>
</record>
<record>
  <date>2020-09-01T00:22:42</date>
  <millis>1598894562428</millis>
  <sequence>140</sequence>
  <level>END</level>
  <class>com.kms.katalon.core.logging.XmlKeywordLogger</class>
  <method>endKeyword</method>
  <thread>1</thread>
  <message>End End action : Click button \&amp;quot;Search\&amp;quot;</message>
  <nestedLevel>2</nestedLevel>
</record>
<record>
  <date>2020-09-01T00:22:42</date>
  <millis>1598894562429</millis>
  <sequence>141</sequence>
  <level>START</level>
  <class>com.kms.katalon.core.logging.XmlKeywordLogger</class>
  <method>startKeyword</method>
  <thread>1</thread>
  <message>Start action : Verify Table Filled</message>
  <nestedLevel>2</nestedLevel>
</record>
<record>
  <date>2020-09-01T00:22:43</date>
  <millis>1598894563182</millis>
  <sequence>148</sequence>
  <level>PASSED</level>
  <class>com.kms.katalon.core.logging.XmlKeywordLogger</class>
  <method>logMessage</method>
  <thread>1</thread>
  <message>Object &amp;apos;&amp;apos; is present</message>
  <nestedLevel>2</nestedLevel>
</record>
<record>
  <date>2020-09-01T00:22:43</date>
  <millis>1598894563183</millis>
  <sequence>149</sequence>
  <level>PASSED</level>
  <class>com.kms.katalon.core.logging.XmlKeywordLogger</class>
  <method>logMessage</method>
  <thread>1</thread>
  <message>Verify Table Filled</message>
  <nestedLevel>2</nestedLevel>
</record>
<record>
  <date>2020-09-01T00:22:43</date>
  <millis>1598894563183</millis>
  <sequence>150</sequence>
  <level>END</level>
  <class>com.kms.katalon.core.logging.XmlKeywordLogger</class>
  <method>endKeyword</method>
  <thread>1</thread>
  <message>End End action : Verify Table Filled</message>
  <nestedLevel>2</nestedLevel>
</record>
<record>
  <date>2020-09-01T00:22:43</date>
  <millis>1598894563184</millis>
  <sequence>151</sequence>
  <level>START</level>
  <class>com.kms.katalon.core.logging.XmlKeywordLogger</class>
  <method>startKeyword</method>
  <thread>1</thread>
  <message>Start action : Click button \&amp;quot;Logout\&amp;quot;</message>
  <nestedLevel>2</nestedLevel>
</record>
<record>
  <date>2020-09-01T00:22:43</date>
  <millis>1598894563185</millis>
  <sequence>152</sequence>
  <level>INFO</level>
  <class>com.kms.katalon.core.logging.XmlKeywordLogger</class>
  <method>logMessage</method>
  <thread>1</thread>
  <message>&amp;gt;&amp;gt;&amp;gt;&amp;gt;&amp;gt;//Button[contains(text(),&amp;apos;Logout&amp;apos;)]</message>
  <nestedLevel>2</nestedLevel>
</record>
<record>
  <date>2020-09-01T00:22:47</date>
  <millis>1598894567166</millis>
  <sequence>160</sequence>
  <level>PASSED</level>
  <class>com.kms.katalon.core.logging.XmlKeywordLogger</class>
  <method>logMessage</method>
  <thread>1</thread>
  <message>Object: &amp;apos;&amp;apos; is clicked on</message>
  <nestedLevel>2</nestedLevel>
</record>
<record>
  <date>2020-09-01T00:22:47</date>
  <millis>1598894567166</millis>
  <sequence>161</sequence>
  <level>PASSED</level>
  <class>com.kms.katalon.core.logging.XmlKeywordLogger</class>
  <method>logMessage</method>
  <thread>1</thread>
  <message>Click button \&amp;quot;Logout\&amp;quot;</message>
  <nestedLevel>2</nestedLevel>
</record>
<record>
  <date>2020-09-01T00:22:47</date>
  <millis>1598894567167</millis>
  <sequence>162</sequence>
  <level>END</level>
  <class>com.kms.katalon.core.logging.XmlKeywordLogger</class>
  <method>endKeyword</method>
  <thread>1</thread>
  <message>End End action : Click button \&amp;quot;Logout\&amp;quot;</message>
  <nestedLevel>2</nestedLevel>
</record>
<record>
  <date>2020-09-01T00:22:47</date>
  <millis>1598894567167</millis>
  <sequence>163</sequence>
  <level>START</level>
  <class>com.kms.katalon.core.logging.XmlKeywordLogger</class>
  <method>startKeyword</method>
  <thread>1</thread>
  <message>Start action : Close browser</message>
  <nestedLevel>2</nestedLevel>
</record>
<record>
  <date>2020-09-01T00:22:47</date>
  <millis>1598894567264</millis>
  <sequence>165</sequence>
  <level>PASSED</level>
  <class>com.kms.katalon.core.logging.XmlKeywordLogger</class>
  <method>logMessage</method>
  <thread>1</thread>
  <message>Browser is closed</message>
  <nestedLevel>2</nestedLevel>
</record>
<record>
  <date>2020-09-01T00:22:47</date>
  <millis>1598894567264</millis>
  <sequence>166</sequence>
  <level>PASSED</level>
  <class>com.kms.katalon.core.logging.XmlKeywordLogger</class>
  <method>logMessage</method>
  <thread>1</thread>
  <message>Close browser</message>
  <nestedLevel>2</nestedLevel>
</record>
<record>
  <date>2020-09-01T00:22:47</date>
  <millis>1598894567265</millis>
  <sequence>167</sequence>
  <level>END</level>
  <class>com.kms.katalon.core.logging.XmlKeywordLogger</class>
  <method>endKeyword</method>
  <thread>1</thread>
  <message>End End action : Close browser</message>
  <nestedLevel>2</nestedLevel>
</record>
<record>
  <date>2020-09-01T00:22:47</date>
  <millis>1598894567268</millis>
  <sequence>168</sequence>
  <level>PASSED</level>
  <class>com.kms.katalon.core.logging.XmlKeywordLogger</class>
  <method>logMessage</method>
  <thread>1</thread>
  <message>SCENARIO Search Invoice</message>
  <nestedLevel>2</nestedLevel>
</record>
<record>
  <date>2020-09-01T00:22:47</date>
  <millis>1598894567268</millis>
  <sequence>169</sequence>
  <level>END</level>
  <class>com.kms.katalon.core.logging.XmlKeywordLogger</class>
  <method>endTest</method>
  <thread>1</thread>
  <message>End Test Case : SCENARIO Search Invoice</message>
  <nestedLevel>1</nestedLevel>
</record>
<record>
  <date>2020-09-01T00:22:47</date>
  <millis>1598894567308</millis>
  <sequence>170</sequence>
  <level>PASSED</level>
  <class>com.kms.katalon.core.logging.XmlKeywordLogger</class>
  <method>logMessage</method>
  <thread>1</thread>
  <message>Feature file: &amp;apos;Include/features/IST_Real/TRIS/Search_Invoice.feature&amp;apos; was passed</message>
  <nestedLevel>1</nestedLevel>
</record>
<record>
  <date>2020-09-01T00:22:47</date>
  <millis>1598894567308</millis>
  <sequence>171</sequence>
  <level>END</level>
  <class>com.kms.katalon.core.logging.XmlKeywordLogger</class>
  <method>endKeyword</method>
  <thread>1</thread>
  <message>End action : runFeatureFile(\&amp;quot;Include/features/IST_Real/TRIS/Search_Invoice.feature\&amp;quot;)</message>
  <nestedLevel>1</nestedLevel>
</record>
<record>
  <date>2020-09-01T00:22:47</date>
  <millis>1598894567309</millis>
  <sequence>172</sequence>
  <level>PASSED</level>
  <class>com.kms.katalon.core.logging.XmlKeywordLogger</class>
  <method>logMessage</method>
  <thread>1</thread>
  <message>Test Cases/IST_Real/TRIS/Search_Invoice</message>
  <nestedLevel>1</nestedLevel>
</record>
<record>
  <date>2020-09-01T00:22:47</date>
  <millis>1598894567309</millis>
  <sequence>173</sequence>
  <level>END</level>
  <class>com.kms.katalon.core.logging.XmlKeywordLogger</class>
  <method>endTest</method>
  <thread>1</thread>
  <message>End Test Case : Test Cases/IST_Real/TRIS/Search_Invoice</message>
  <nestedLevel>0</nestedLevel>
</record>
<record>
  <date>2020-09-01T00:22:47</date>
  <millis>1598894567344</millis>
  <sequence>174</sequence>
  <level>END</level>
  <class>com.kms.katalon.core.logging.XmlKeywordLogger</class>
  <method>endSuite</method>
  <thread>1</thread>
  <message>End Test Suite : Test Suites/TRIS/TS_Search_Invoice</message>
  <nestedLevel>0</nestedLevel>
</record>
</log>
