<?xml version="1.0" encoding="UTF-8" standalone="no"?>
<!DOCTYPE log SYSTEM "logger.dtd">
<log>
<record>
  <date>2020-12-21T18:32:21</date>
  <millis>1608550341470</millis>
  <sequence>0</sequence>
  <level>START</level>
  <class>com.kms.katalon.core.logging.XmlKeywordLogger</class>
  <method>startSuite</method>
  <thread>1</thread>
  <message>Start Test Suite : Test Suites/TRIS/Send_Email_Handling</message>
  <nestedLevel>0</nestedLevel>
  <property name="name">Send_Email_Handling</property>
  <property name="description"></property>
  <property name="id">Test Suites/TRIS/Send_Email_Handling</property>
  <property name="stopImmediately">false</property>
</record>
<record>
  <date>2020-12-21T18:32:21</date>
  <millis>1608550341483</millis>
  <sequence>1</sequence>
  <level>RUN_DATA</level>
  <class>com.kms.katalon.core.logging.XmlKeywordLogger</class>
  <method>logMessage</method>
  <thread>1</thread>
  <message>hostName = chaidir.pratama01 - localhost</message>
  <nestedLevel>0</nestedLevel>
  <property name="hostName">chaidir.pratama01 - localhost</property>
</record>
<record>
  <date>2020-12-21T18:32:21</date>
  <millis>1608550341484</millis>
  <sequence>2</sequence>
  <level>RUN_DATA</level>
  <class>com.kms.katalon.core.logging.XmlKeywordLogger</class>
  <method>logMessage</method>
  <thread>1</thread>
  <message>os = Mac OS X 64bit</message>
  <nestedLevel>0</nestedLevel>
  <property name="os">Mac OS X 64bit</property>
</record>
<record>
  <date>2020-12-21T18:32:21</date>
  <millis>1608550341486</millis>
  <sequence>3</sequence>
  <level>RUN_DATA</level>
  <class>com.kms.katalon.core.logging.XmlKeywordLogger</class>
  <method>logMessage</method>
  <thread>1</thread>
  <message>hostAddress = 127.0.0.1</message>
  <nestedLevel>0</nestedLevel>
  <property name="hostAddress">127.0.0.1</property>
</record>
<record>
  <date>2020-12-21T18:32:21</date>
  <millis>1608550341488</millis>
  <sequence>4</sequence>
  <level>RUN_DATA</level>
  <class>com.kms.katalon.core.logging.XmlKeywordLogger</class>
  <method>logMessage</method>
  <thread>1</thread>
  <message>katalonVersion = 7.6.0.${buildNumber}</message>
  <nestedLevel>0</nestedLevel>
  <property name="katalonVersion">7.6.0.${buildNumber}</property>
</record>
<record>
  <date>2020-12-21T18:32:21</date>
  <millis>1608550341492</millis>
  <sequence>5</sequence>
  <level>START</level>
  <class>com.kms.katalon.core.logging.XmlKeywordLogger</class>
  <method>startKeyword</method>
  <thread>1</thread>
  <message>Start listener action : beforeExportKatalonReports</message>
  <nestedLevel>0</nestedLevel>
</record>
<record>
  <date>2020-12-21T18:32:21</date>
  <millis>1608550341498</millis>
  <sequence>7</sequence>
  <level>INFO</level>
  <class>com.kms.katalon.core.logging.XmlKeywordLogger</class>
  <method>logMessage</method>
  <thread>1</thread>
  <message>This Katalon Studio version has been deprecated. Please upgrade Katalon Studio to the latest version.</message>
  <nestedLevel>0</nestedLevel>
</record>
<record>
  <date>2020-12-21T18:32:21</date>
  <millis>1608550341498</millis>
  <sequence>9</sequence>
  <level>END</level>
  <class>com.kms.katalon.core.logging.XmlKeywordLogger</class>
  <method>endKeyword</method>
  <thread>1</thread>
  <message>End listener action : beforeExportKatalonReports</message>
  <nestedLevel>0</nestedLevel>
</record>
<record>
  <date>2020-12-21T18:32:21</date>
  <millis>1608550341652</millis>
  <sequence>10</sequence>
  <level>START</level>
  <class>com.kms.katalon.core.logging.XmlKeywordLogger</class>
  <method>startTest</method>
  <thread>1</thread>
  <message>Start Test Case : Test Cases/IST_Real/TRIS/Send_Email_Handling</message>
  <nestedLevel>1</nestedLevel>
  <property name="name">Test Cases/IST_Real/TRIS/Send_Email_Handling</property>
  <property name="description"></property>
  <property name="id">Test Cases/IST_Real/TRIS/Send_Email_Handling</property>
  <property name="source">\\Users\\chaidir.pratama01\\Katalon Studio\\IST_Automation_Git\\Test Cases\\IST_Real\\TRIS\\Send_Email_Handling.tc</property>
  <property name="tag"></property>
  <property name="isOptional">false</property>
</record>
<record>
  <date>2020-12-21T18:32:21</date>
  <millis>1608550341833</millis>
  <sequence>12</sequence>
  <level>START</level>
  <class>com.kms.katalon.core.logging.XmlKeywordLogger</class>
  <method>startKeyword</method>
  <thread>1</thread>
  <message>Start action : runFeatureFile(\&amp;quot;Include/features/IST_Real/TRIS/Send_Email_Handling.feature\&amp;quot;)</message>
  <nestedLevel>1</nestedLevel>
  <property name="startLine">18</property>
  <property name="stepIndex">1</property>
</record>
<record>
  <date>2020-12-21T18:32:21</date>
  <millis>1608550341916</millis>
  <sequence>13</sequence>
  <level>INFO</level>
  <class>com.kms.katalon.core.logging.XmlKeywordLogger</class>
  <method>logMessage</method>
  <thread>1</thread>
  <message>Starting run keyword runFeatureFile: &amp;apos;Include/features/IST_Real/TRIS/Send_Email_Handling.feature&amp;apos; and extract report to folder: &amp;apos;/Users/chaidir.pratama01/Katalon Studio/IST_Automation_Git/Reports/20201221_181020/TRIS/Send_Email_Handling/20201221_181026/cucumber_report/1608550341911&amp;apos;...</message>
  <nestedLevel>1</nestedLevel>
</record>
<record>
  <date>2020-12-21T18:32:22</date>
  <millis>1608550342394</millis>
  <sequence>14</sequence>
  <level>START</level>
  <class>com.kms.katalon.core.logging.XmlKeywordLogger</class>
  <method>startTest</method>
  <thread>1</thread>
  <message>Start Test Case : SCENARIO Send Email by Select Menu Email Handling from Invoice System then Generate Email Handling</message>
  <nestedLevel>2</nestedLevel>
</record>
<record>
  <date>2020-12-21T18:32:22</date>
  <millis>1608550342395</millis>
  <sequence>15</sequence>
  <level>START</level>
  <class>com.kms.katalon.core.logging.XmlKeywordLogger</class>
  <method>startKeyword</method>
  <thread>1</thread>
  <message>Start action : Go to IST</message>
  <nestedLevel>2</nestedLevel>
</record>
<record>
  <date>2020-12-21T18:32:22</date>
  <millis>1608550342570</millis>
  <sequence>17</sequence>
  <level>INFO</level>
  <class>com.kms.katalon.core.logging.XmlKeywordLogger</class>
  <method>logMessage</method>
  <thread>1</thread>
  <message>Starting &amp;apos;Chrome (headless)&amp;apos; driver</message>
  <nestedLevel>2</nestedLevel>
</record>
<record>
  <date>2020-12-21T18:32:22</date>
  <millis>1608550342584</millis>
  <sequence>19</sequence>
  <level>INFO</level>
  <class>com.kms.katalon.core.logging.XmlKeywordLogger</class>
  <method>logMessage</method>
  <thread>1</thread>
  <message>User set preference: [&amp;apos;args&amp;apos;, &amp;apos;[--start-maximized, --disable-gpu, --no-proxy-server, \u2013-no-sandbox, --allow-running-insecure-content, --ignore-certificate-errors, window-size=1680,814, force-device-scale-factor=2, --lang=en-GB]&amp;apos;]</message>
  <nestedLevel>2</nestedLevel>
</record>
<record>
  <date>2020-12-21T18:32:22</date>
  <millis>1608550342585</millis>
  <sequence>20</sequence>
  <level>INFO</level>
  <class>com.kms.katalon.core.logging.XmlKeywordLogger</class>
  <method>logMessage</method>
  <thread>1</thread>
  <message>User set preference: [&amp;apos;prefs&amp;apos;, &amp;apos;{download.default_directory=/Users/chaidir.pratama01/Katalon Studio/IST_Automation_Git/Download}&amp;apos;]</message>
  <nestedLevel>2</nestedLevel>
</record>
<record>
  <date>2020-12-21T18:32:22</date>
  <millis>1608550342599</millis>
  <sequence>21</sequence>
  <level>INFO</level>
  <class>com.kms.katalon.core.logging.XmlKeywordLogger</class>
  <method>logMessage</method>
  <thread>1</thread>
  <message>Action delay is set to 0 milliseconds</message>
  <nestedLevel>2</nestedLevel>
</record>
<record>
  <date>2020-12-21T18:32:23</date>
  <millis>1608550343336</millis>
  <sequence>23</sequence>
  <level>RUN_DATA</level>
  <class>com.kms.katalon.core.logging.XmlKeywordLogger</class>
  <method>logMessage</method>
  <thread>1</thread>
  <message>sessionId = e517cdc0a7050d69de224b15c201b722</message>
  <nestedLevel>2</nestedLevel>
  <property name="sessionId">e517cdc0a7050d69de224b15c201b722</property>
</record>
<record>
  <date>2020-12-21T18:32:23</date>
  <millis>1608550343349</millis>
  <sequence>24</sequence>
  <level>RUN_DATA</level>
  <class>com.kms.katalon.core.logging.XmlKeywordLogger</class>
  <method>logMessage</method>
  <thread>1</thread>
  <message>browser = Chrome 87.0.4280.88</message>
  <nestedLevel>2</nestedLevel>
  <property name="browser">Chrome 87.0.4280.88</property>
</record>
<record>
  <date>2020-12-21T18:32:23</date>
  <millis>1608550343349</millis>
  <sequence>25</sequence>
  <level>RUN_DATA</level>
  <class>com.kms.katalon.core.logging.XmlKeywordLogger</class>
  <method>logMessage</method>
  <thread>1</thread>
  <message>platform = Mac OS X</message>
  <nestedLevel>2</nestedLevel>
  <property name="platform">Mac OS X</property>
</record>
<record>
  <date>2020-12-21T18:32:23</date>
  <millis>1608550343350</millis>
  <sequence>26</sequence>
  <level>RUN_DATA</level>
  <class>com.kms.katalon.core.logging.XmlKeywordLogger</class>
  <method>logMessage</method>
  <thread>1</thread>
  <message>seleniumVersion = 3.141.59</message>
  <nestedLevel>2</nestedLevel>
  <property name="seleniumVersion">3.141.59</property>
</record>
<record>
  <date>2020-12-21T18:32:23</date>
  <millis>1608550343351</millis>
  <sequence>27</sequence>
  <level>RUN_DATA</level>
  <class>com.kms.katalon.core.logging.XmlKeywordLogger</class>
  <method>logMessage</method>
  <thread>1</thread>
  <message>proxyInformation = ProxyInformation { proxyOption=NO_PROXY, proxyServerType=HTTP, username=, password=********, proxyServerAddress=, proxyServerPort=0, executionList=\&amp;quot;\&amp;quot;, isApplyToDesiredCapabilities=true }</message>
  <nestedLevel>2</nestedLevel>
  <property name="proxyInformation">ProxyInformation { proxyOption=NO_PROXY, proxyServerType=HTTP, username=, password=********, proxyServerAddress=, proxyServerPort=0, executionList=\&quot;\&quot;, isApplyToDesiredCapabilities=true }</property>
</record>
<record>
  <date>2020-12-21T18:32:23</date>
  <millis>1608550343358</millis>
  <sequence>28</sequence>
  <level>PASSED</level>
  <class>com.kms.katalon.core.logging.XmlKeywordLogger</class>
  <method>logMessage</method>
  <thread>1</thread>
  <message>Browser is opened with url: &amp;apos;&amp;apos;</message>
  <nestedLevel>2</nestedLevel>
</record>
<record>
  <date>2020-12-21T18:32:26</date>
  <millis>1608550346331</millis>
  <sequence>31</sequence>
  <level>PASSED</level>
  <class>com.kms.katalon.core.logging.XmlKeywordLogger</class>
  <method>logMessage</method>
  <thread>1</thread>
  <message>Navigate to &amp;apos;https://dev-ist.homecredit.id/ist_tracker/&amp;apos; successfully</message>
  <nestedLevel>2</nestedLevel>
</record>
<record>
  <date>2020-12-21T18:32:26</date>
  <millis>1608550346892</millis>
  <sequence>33</sequence>
  <level>PASSED</level>
  <class>com.kms.katalon.core.logging.XmlKeywordLogger</class>
  <method>logMessage</method>
  <thread>1</thread>
  <message>Taking screenshot successfully</message>
  <nestedLevel>2</nestedLevel>
  <property name="attachment">/Users/chaidir.pratama01/Documents/Docs/Katalon Studio/Screenshot/IST_Page.png</property>
</record>
<record>
  <date>2020-12-21T18:32:26</date>
  <millis>1608550346893</millis>
  <sequence>34</sequence>
  <level>PASSED</level>
  <class>com.kms.katalon.core.logging.XmlKeywordLogger</class>
  <method>logMessage</method>
  <thread>1</thread>
  <message>Go to IST</message>
  <nestedLevel>2</nestedLevel>
</record>
<record>
  <date>2020-12-21T18:32:26</date>
  <millis>1608550346893</millis>
  <sequence>35</sequence>
  <level>END</level>
  <class>com.kms.katalon.core.logging.XmlKeywordLogger</class>
  <method>endKeyword</method>
  <thread>1</thread>
  <message>End End action : Go to IST</message>
  <nestedLevel>2</nestedLevel>
</record>
<record>
  <date>2020-12-21T18:32:26</date>
  <millis>1608550346894</millis>
  <sequence>36</sequence>
  <level>START</level>
  <class>com.kms.katalon.core.logging.XmlKeywordLogger</class>
  <method>startKeyword</method>
  <thread>1</thread>
  <message>Start action : Login IST with valid credentials</message>
  <nestedLevel>2</nestedLevel>
</record>
<record>
  <date>2020-12-21T18:32:27</date>
  <millis>1608550347232</millis>
  <sequence>52</sequence>
  <level>PASSED</level>
  <class>com.kms.katalon.core.logging.XmlKeywordLogger</class>
  <method>logMessage</method>
  <thread>1</thread>
  <message>Text &amp;apos;mobile.test&amp;apos; is set on object &amp;apos;Object Repository/Page_/input_Username_j_username&amp;apos;</message>
  <nestedLevel>2</nestedLevel>
</record>
<record>
  <date>2020-12-21T18:32:27</date>
  <millis>1608550347381</millis>
  <sequence>63</sequence>
  <level>PASSED</level>
  <class>com.kms.katalon.core.logging.XmlKeywordLogger</class>
  <method>logMessage</method>
  <thread>1</thread>
  <message>Text ****** has been set on object &amp;apos;Object Repository/Page_/input_Password_j_password&amp;apos;</message>
  <nestedLevel>2</nestedLevel>
</record>
<record>
  <date>2020-12-21T18:32:28</date>
  <millis>1608550348215</millis>
  <sequence>72</sequence>
  <level>PASSED</level>
  <class>com.kms.katalon.core.logging.XmlKeywordLogger</class>
  <method>logMessage</method>
  <thread>1</thread>
  <message>Object: &amp;apos;Object Repository/Page_/button_Login&amp;apos; is clicked on</message>
  <nestedLevel>2</nestedLevel>
</record>
<record>
  <date>2020-12-21T18:32:28</date>
  <millis>1608550348215</millis>
  <sequence>73</sequence>
  <level>PASSED</level>
  <class>com.kms.katalon.core.logging.XmlKeywordLogger</class>
  <method>logMessage</method>
  <thread>1</thread>
  <message>Login IST with valid credentials</message>
  <nestedLevel>2</nestedLevel>
</record>
<record>
  <date>2020-12-21T18:32:28</date>
  <millis>1608550348216</millis>
  <sequence>74</sequence>
  <level>END</level>
  <class>com.kms.katalon.core.logging.XmlKeywordLogger</class>
  <method>endKeyword</method>
  <thread>1</thread>
  <message>End End action : Login IST with valid credentials</message>
  <nestedLevel>2</nestedLevel>
</record>
<record>
  <date>2020-12-21T18:32:28</date>
  <millis>1608550348216</millis>
  <sequence>75</sequence>
  <level>START</level>
  <class>com.kms.katalon.core.logging.XmlKeywordLogger</class>
  <method>startKeyword</method>
  <thread>1</thread>
  <message>Start action : Login Success for contract dispatcher</message>
  <nestedLevel>2</nestedLevel>
</record>
<record>
  <date>2020-12-21T18:32:28</date>
  <millis>1608550348229</millis>
  <sequence>76</sequence>
  <level>INFO</level>
  <class>com.kms.katalon.core.logging.XmlKeywordLogger</class>
  <method>logMessage</method>
  <thread>1</thread>
  <message>Login Success</message>
  <nestedLevel>2</nestedLevel>
</record>
<record>
  <date>2020-12-21T18:32:28</date>
  <millis>1608550348344</millis>
  <sequence>78</sequence>
  <level>PASSED</level>
  <class>com.kms.katalon.core.logging.XmlKeywordLogger</class>
  <method>logMessage</method>
  <thread>1</thread>
  <message>Current window maximized</message>
  <nestedLevel>2</nestedLevel>
</record>
<record>
  <date>2020-12-21T18:32:28</date>
  <millis>1608550348392</millis>
  <sequence>86</sequence>
  <level>PASSED</level>
  <class>com.kms.katalon.core.logging.XmlKeywordLogger</class>
  <method>logMessage</method>
  <thread>1</thread>
  <message>Object &amp;apos;Object Repository/Page_/h1_Welcome to IT Supporting Tools&amp;apos; is present</message>
  <nestedLevel>2</nestedLevel>
</record>
<record>
  <date>2020-12-21T18:32:28</date>
  <millis>1608550348393</millis>
  <sequence>87</sequence>
  <level>PASSED</level>
  <class>com.kms.katalon.core.logging.XmlKeywordLogger</class>
  <method>logMessage</method>
  <thread>1</thread>
  <message>Login Success for contract dispatcher</message>
  <nestedLevel>2</nestedLevel>
</record>
<record>
  <date>2020-12-21T18:32:28</date>
  <millis>1608550348393</millis>
  <sequence>88</sequence>
  <level>END</level>
  <class>com.kms.katalon.core.logging.XmlKeywordLogger</class>
  <method>endKeyword</method>
  <thread>1</thread>
  <message>End End action : Login Success for contract dispatcher</message>
  <nestedLevel>2</nestedLevel>
</record>
<record>
  <date>2020-12-21T18:32:28</date>
  <millis>1608550348394</millis>
  <sequence>89</sequence>
  <level>START</level>
  <class>com.kms.katalon.core.logging.XmlKeywordLogger</class>
  <method>startKeyword</method>
  <thread>1</thread>
  <message>Start action : Select Arrow Menu \&amp;quot;Invoice System\&amp;quot;</message>
  <nestedLevel>2</nestedLevel>
</record>
<record>
  <date>2020-12-21T18:32:28</date>
  <millis>1608550348483</millis>
  <sequence>98</sequence>
  <level>PASSED</level>
  <class>com.kms.katalon.core.logging.XmlKeywordLogger</class>
  <method>logMessage</method>
  <thread>1</thread>
  <message>Object: &amp;apos;&amp;apos; is clicked on</message>
  <nestedLevel>2</nestedLevel>
</record>
<record>
  <date>2020-12-21T18:32:28</date>
  <millis>1608550348484</millis>
  <sequence>99</sequence>
  <level>PASSED</level>
  <class>com.kms.katalon.core.logging.XmlKeywordLogger</class>
  <method>logMessage</method>
  <thread>1</thread>
  <message>Select Arrow Menu \&amp;quot;Invoice System\&amp;quot;</message>
  <nestedLevel>2</nestedLevel>
</record>
<record>
  <date>2020-12-21T18:32:28</date>
  <millis>1608550348484</millis>
  <sequence>100</sequence>
  <level>END</level>
  <class>com.kms.katalon.core.logging.XmlKeywordLogger</class>
  <method>endKeyword</method>
  <thread>1</thread>
  <message>End End action : Select Arrow Menu \&amp;quot;Invoice System\&amp;quot;</message>
  <nestedLevel>2</nestedLevel>
</record>
<record>
  <date>2020-12-21T18:32:28</date>
  <millis>1608550348484</millis>
  <sequence>101</sequence>
  <level>START</level>
  <class>com.kms.katalon.core.logging.XmlKeywordLogger</class>
  <method>startKeyword</method>
  <thread>1</thread>
  <message>Start action : Select Menu \&amp;quot;Email Handling\&amp;quot;</message>
  <nestedLevel>2</nestedLevel>
</record>
<record>
  <date>2020-12-21T18:32:28</date>
  <millis>1608550348992</millis>
  <sequence>103</sequence>
  <level>PASSED</level>
  <class>com.kms.katalon.core.logging.XmlKeywordLogger</class>
  <method>logMessage</method>
  <thread>1</thread>
  <message>Taking screenshot successfully</message>
  <nestedLevel>2</nestedLevel>
  <property name="attachment">/Users/chaidir.pratama01/Documents/Docs/Katalon Studio/Screenshot/test-Email Handling.png</property>
</record>
<record>
  <date>2020-12-21T18:32:29</date>
  <millis>1608550349017</millis>
  <sequence>110</sequence>
  <level>PASSED</level>
  <class>com.kms.katalon.core.logging.XmlKeywordLogger</class>
  <method>logMessage</method>
  <thread>1</thread>
  <message>Object &amp;apos;&amp;apos; is present</message>
  <nestedLevel>2</nestedLevel>
</record>
<record>
  <date>2020-12-21T18:32:29</date>
  <millis>1608550349067</millis>
  <sequence>118</sequence>
  <level>PASSED</level>
  <class>com.kms.katalon.core.logging.XmlKeywordLogger</class>
  <method>logMessage</method>
  <thread>1</thread>
  <message>Object: &amp;apos;&amp;apos; is clicked on</message>
  <nestedLevel>2</nestedLevel>
</record>
<record>
  <date>2020-12-21T18:32:29</date>
  <millis>1608550349119</millis>
  <sequence>120</sequence>
  <level>PASSED</level>
  <class>com.kms.katalon.core.logging.XmlKeywordLogger</class>
  <method>logMessage</method>
  <thread>1</thread>
  <message>Wait for page load successfully</message>
  <nestedLevel>2</nestedLevel>
</record>
<record>
  <date>2020-12-21T18:32:29</date>
  <millis>1608550349120</millis>
  <sequence>121</sequence>
  <level>PASSED</level>
  <class>com.kms.katalon.core.logging.XmlKeywordLogger</class>
  <method>logMessage</method>
  <thread>1</thread>
  <message>Select Menu \&amp;quot;Email Handling\&amp;quot;</message>
  <nestedLevel>2</nestedLevel>
</record>
<record>
  <date>2020-12-21T18:32:29</date>
  <millis>1608550349120</millis>
  <sequence>122</sequence>
  <level>END</level>
  <class>com.kms.katalon.core.logging.XmlKeywordLogger</class>
  <method>endKeyword</method>
  <thread>1</thread>
  <message>End End action : Select Menu \&amp;quot;Email Handling\&amp;quot;</message>
  <nestedLevel>2</nestedLevel>
</record>
<record>
  <date>2020-12-21T18:32:29</date>
  <millis>1608550349121</millis>
  <sequence>123</sequence>
  <level>START</level>
  <class>com.kms.katalon.core.logging.XmlKeywordLogger</class>
  <method>startKeyword</method>
  <thread>1</thread>
  <message>Start action : Select Email handling \&amp;quot;Email tidak terdaftar\&amp;quot;</message>
  <nestedLevel>2</nestedLevel>
</record>
<record>
  <date>2020-12-21T18:32:29</date>
  <millis>1608550349315</millis>
  <sequence>140</sequence>
  <level>PASSED</level>
  <class>com.kms.katalon.core.logging.XmlKeywordLogger</class>
  <method>logMessage</method>
  <thread>1</thread>
  <message>Object &amp;apos;&amp;apos; is present</message>
  <nestedLevel>2</nestedLevel>
</record>
<record>
  <date>2020-12-21T18:32:29</date>
  <millis>1608550349369</millis>
  <sequence>148</sequence>
  <level>PASSED</level>
  <class>com.kms.katalon.core.logging.XmlKeywordLogger</class>
  <method>logMessage</method>
  <thread>1</thread>
  <message>Object: &amp;apos;&amp;apos; is clicked on</message>
  <nestedLevel>2</nestedLevel>
</record>
<record>
  <date>2020-12-21T18:32:29</date>
  <millis>1608550349369</millis>
  <sequence>149</sequence>
  <level>PASSED</level>
  <class>com.kms.katalon.core.logging.XmlKeywordLogger</class>
  <method>logMessage</method>
  <thread>1</thread>
  <message>Select Email handling \&amp;quot;Email tidak terdaftar\&amp;quot;</message>
  <nestedLevel>2</nestedLevel>
</record>
<record>
  <date>2020-12-21T18:32:29</date>
  <millis>1608550349370</millis>
  <sequence>150</sequence>
  <level>END</level>
  <class>com.kms.katalon.core.logging.XmlKeywordLogger</class>
  <method>endKeyword</method>
  <thread>1</thread>
  <message>End End action : Select Email handling \&amp;quot;Email tidak terdaftar\&amp;quot;</message>
  <nestedLevel>2</nestedLevel>
</record>
<record>
  <date>2020-12-21T18:32:29</date>
  <millis>1608550349371</millis>
  <sequence>151</sequence>
  <level>START</level>
  <class>com.kms.katalon.core.logging.XmlKeywordLogger</class>
  <method>startKeyword</method>
  <thread>1</thread>
  <message>Start action : Type EmailClient on \&amp;quot;Alamat Email yang digunakan client\&amp;quot; with value \&amp;quot;chaidir.pratama01@homecredit.co.id\&amp;quot;</message>
  <nestedLevel>2</nestedLevel>
</record>
<record>
  <date>2020-12-21T18:32:29</date>
  <millis>1608550349393</millis>
  <sequence>158</sequence>
  <level>PASSED</level>
  <class>com.kms.katalon.core.logging.XmlKeywordLogger</class>
  <method>logMessage</method>
  <thread>1</thread>
  <message>Object &amp;apos;&amp;apos; is present</message>
  <nestedLevel>2</nestedLevel>
</record>
<record>
  <date>2020-12-21T18:32:29</date>
  <millis>1608550349515</millis>
  <sequence>173</sequence>
  <level>PASSED</level>
  <class>com.kms.katalon.core.logging.XmlKeywordLogger</class>
  <method>logMessage</method>
  <thread>1</thread>
  <message>Text &amp;apos;chaidir.pratama01@homecredit.co.id&amp;apos; is set on object &amp;apos;&amp;apos;</message>
  <nestedLevel>2</nestedLevel>
</record>
<record>
  <date>2020-12-21T18:32:29</date>
  <millis>1608550349515</millis>
  <sequence>174</sequence>
  <level>PASSED</level>
  <class>com.kms.katalon.core.logging.XmlKeywordLogger</class>
  <method>logMessage</method>
  <thread>1</thread>
  <message>Type EmailClient on \&amp;quot;Alamat Email yang digunakan client\&amp;quot; with value \&amp;quot;chaidir.pratama01@homecredit.co.id\&amp;quot;</message>
  <nestedLevel>2</nestedLevel>
</record>
<record>
  <date>2020-12-21T18:32:29</date>
  <millis>1608550349516</millis>
  <sequence>175</sequence>
  <level>END</level>
  <class>com.kms.katalon.core.logging.XmlKeywordLogger</class>
  <method>endKeyword</method>
  <thread>1</thread>
  <message>End End action : Type EmailClient on \&amp;quot;Alamat Email yang digunakan client\&amp;quot; with value \&amp;quot;chaidir.pratama01@homecredit.co.id\&amp;quot;</message>
  <nestedLevel>2</nestedLevel>
</record>
<record>
  <date>2020-12-21T18:32:29</date>
  <millis>1608550349516</millis>
  <sequence>176</sequence>
  <level>START</level>
  <class>com.kms.katalon.core.logging.XmlKeywordLogger</class>
  <method>startKeyword</method>
  <thread>1</thread>
  <message>Start action : Click button \&amp;quot;Generate Email\&amp;quot;</message>
  <nestedLevel>2</nestedLevel>
</record>
<record>
  <date>2020-12-21T18:32:29</date>
  <millis>1608550349522</millis>
  <sequence>177</sequence>
  <level>INFO</level>
  <class>com.kms.katalon.core.logging.XmlKeywordLogger</class>
  <method>logMessage</method>
  <thread>1</thread>
  <message>&amp;gt;&amp;gt;&amp;gt;&amp;gt;&amp;gt;//Button[contains(text(),&amp;apos;Generate Email&amp;apos;)]</message>
  <nestedLevel>2</nestedLevel>
</record>
<record>
  <date>2020-12-21T18:32:32</date>
  <millis>1608550352551</millis>
  <sequence>184</sequence>
  <level>PASSED</level>
  <class>com.kms.katalon.core.logging.XmlKeywordLogger</class>
  <method>logMessage</method>
  <thread>1</thread>
  <message>Object &amp;apos;&amp;apos; is present</message>
  <nestedLevel>2</nestedLevel>
</record>
<record>
  <date>2020-12-21T18:32:32</date>
  <millis>1608550352599</millis>
  <sequence>192</sequence>
  <level>PASSED</level>
  <class>com.kms.katalon.core.logging.XmlKeywordLogger</class>
  <method>logMessage</method>
  <thread>1</thread>
  <message>Object: &amp;apos;&amp;apos; is clicked on</message>
  <nestedLevel>2</nestedLevel>
</record>
<record>
  <date>2020-12-21T18:32:32</date>
  <millis>1608550352616</millis>
  <sequence>195</sequence>
  <level>PASSED</level>
  <class>com.kms.katalon.core.logging.XmlKeywordLogger</class>
  <method>logMessage</method>
  <thread>1</thread>
  <message>Switched to window with index: &amp;apos;0&amp;apos;</message>
  <nestedLevel>2</nestedLevel>
</record>
<record>
  <date>2020-12-21T18:32:32</date>
  <millis>1608550352617</millis>
  <sequence>196</sequence>
  <level>PASSED</level>
  <class>com.kms.katalon.core.logging.XmlKeywordLogger</class>
  <method>logMessage</method>
  <thread>1</thread>
  <message>Click button \&amp;quot;Generate Email\&amp;quot;</message>
  <nestedLevel>2</nestedLevel>
</record>
<record>
  <date>2020-12-21T18:32:32</date>
  <millis>1608550352617</millis>
  <sequence>197</sequence>
  <level>END</level>
  <class>com.kms.katalon.core.logging.XmlKeywordLogger</class>
  <method>endKeyword</method>
  <thread>1</thread>
  <message>End End action : Click button \&amp;quot;Generate Email\&amp;quot;</message>
  <nestedLevel>2</nestedLevel>
</record>
<record>
  <date>2020-12-21T18:32:32</date>
  <millis>1608550352617</millis>
  <sequence>198</sequence>
  <level>START</level>
  <class>com.kms.katalon.core.logging.XmlKeywordLogger</class>
  <method>startKeyword</method>
  <thread>1</thread>
  <message>Start action : Verify Email Handling</message>
  <nestedLevel>2</nestedLevel>
</record>
<record>
  <date>2020-12-21T18:32:32</date>
  <millis>1608550352653</millis>
  <sequence>203</sequence>
  <level>PASSED</level>
  <class>com.kms.katalon.core.logging.XmlKeywordLogger</class>
  <method>logMessage</method>
  <thread>1</thread>
  <message>Web element with id: &amp;apos;&amp;apos; located by &amp;apos;By.xpath: //div[@class=&amp;apos;z-messagebox-icon z-messagebox-error z-div&amp;apos;]&amp;apos; is not present after &amp;apos;10&amp;apos; second(s)</message>
  <nestedLevel>2</nestedLevel>
</record>
<record>
  <date>2020-12-21T18:32:32</date>
  <millis>1608550352653</millis>
  <sequence>204</sequence>
  <level>PASSED</level>
  <class>com.kms.katalon.core.logging.XmlKeywordLogger</class>
  <method>logMessage</method>
  <thread>1</thread>
  <message>Verify Email Handling</message>
  <nestedLevel>2</nestedLevel>
</record>
<record>
  <date>2020-12-21T18:32:32</date>
  <millis>1608550352653</millis>
  <sequence>205</sequence>
  <level>END</level>
  <class>com.kms.katalon.core.logging.XmlKeywordLogger</class>
  <method>endKeyword</method>
  <thread>1</thread>
  <message>End End action : Verify Email Handling</message>
  <nestedLevel>2</nestedLevel>
</record>
<record>
  <date>2020-12-21T18:32:32</date>
  <millis>1608550352654</millis>
  <sequence>206</sequence>
  <level>START</level>
  <class>com.kms.katalon.core.logging.XmlKeywordLogger</class>
  <method>startKeyword</method>
  <thread>1</thread>
  <message>Start action : Close browser</message>
  <nestedLevel>2</nestedLevel>
</record>
<record>
  <date>2020-12-21T18:32:32</date>
  <millis>1608550352731</millis>
  <sequence>208</sequence>
  <level>PASSED</level>
  <class>com.kms.katalon.core.logging.XmlKeywordLogger</class>
  <method>logMessage</method>
  <thread>1</thread>
  <message>Browser is closed</message>
  <nestedLevel>2</nestedLevel>
</record>
<record>
  <date>2020-12-21T18:32:32</date>
  <millis>1608550352732</millis>
  <sequence>209</sequence>
  <level>PASSED</level>
  <class>com.kms.katalon.core.logging.XmlKeywordLogger</class>
  <method>logMessage</method>
  <thread>1</thread>
  <message>Close browser</message>
  <nestedLevel>2</nestedLevel>
</record>
<record>
  <date>2020-12-21T18:32:32</date>
  <millis>1608550352732</millis>
  <sequence>210</sequence>
  <level>END</level>
  <class>com.kms.katalon.core.logging.XmlKeywordLogger</class>
  <method>endKeyword</method>
  <thread>1</thread>
  <message>End End action : Close browser</message>
  <nestedLevel>2</nestedLevel>
</record>
<record>
  <date>2020-12-21T18:32:32</date>
  <millis>1608550352735</millis>
  <sequence>211</sequence>
  <level>PASSED</level>
  <class>com.kms.katalon.core.logging.XmlKeywordLogger</class>
  <method>logMessage</method>
  <thread>1</thread>
  <message>SCENARIO Send Email by Select Menu Email Handling from Invoice System then Generate Email Handling</message>
  <nestedLevel>2</nestedLevel>
</record>
<record>
  <date>2020-12-21T18:32:32</date>
  <millis>1608550352735</millis>
  <sequence>212</sequence>
  <level>END</level>
  <class>com.kms.katalon.core.logging.XmlKeywordLogger</class>
  <method>endTest</method>
  <thread>1</thread>
  <message>End Test Case : SCENARIO Send Email by Select Menu Email Handling from Invoice System then Generate Email Handling</message>
  <nestedLevel>1</nestedLevel>
</record>
<record>
  <date>2020-12-21T18:32:32</date>
  <millis>1608550352772</millis>
  <sequence>213</sequence>
  <level>PASSED</level>
  <class>com.kms.katalon.core.logging.XmlKeywordLogger</class>
  <method>logMessage</method>
  <thread>1</thread>
  <message>Feature file: &amp;apos;Include/features/IST_Real/TRIS/Send_Email_Handling.feature&amp;apos; was passed</message>
  <nestedLevel>1</nestedLevel>
</record>
<record>
  <date>2020-12-21T18:32:32</date>
  <millis>1608550352772</millis>
  <sequence>214</sequence>
  <level>END</level>
  <class>com.kms.katalon.core.logging.XmlKeywordLogger</class>
  <method>endKeyword</method>
  <thread>1</thread>
  <message>End action : runFeatureFile(\&amp;quot;Include/features/IST_Real/TRIS/Send_Email_Handling.feature\&amp;quot;)</message>
  <nestedLevel>1</nestedLevel>
</record>
<record>
  <date>2020-12-21T18:32:32</date>
  <millis>1608550352773</millis>
  <sequence>215</sequence>
  <level>PASSED</level>
  <class>com.kms.katalon.core.logging.XmlKeywordLogger</class>
  <method>logMessage</method>
  <thread>1</thread>
  <message>Test Cases/IST_Real/TRIS/Send_Email_Handling</message>
  <nestedLevel>1</nestedLevel>
</record>
<record>
  <date>2020-12-21T18:32:32</date>
  <millis>1608550352773</millis>
  <sequence>216</sequence>
  <level>END</level>
  <class>com.kms.katalon.core.logging.XmlKeywordLogger</class>
  <method>endTest</method>
  <thread>1</thread>
  <message>End Test Case : Test Cases/IST_Real/TRIS/Send_Email_Handling</message>
  <nestedLevel>0</nestedLevel>
</record>
<record>
  <date>2020-12-21T18:32:32</date>
  <millis>1608550352774</millis>
  <sequence>217</sequence>
  <level>START</level>
  <class>com.kms.katalon.core.logging.XmlKeywordLogger</class>
  <method>startKeyword</method>
  <thread>1</thread>
  <message>Start listener action : exportKatalonReports</message>
  <nestedLevel>0</nestedLevel>
</record>
<record>
  <date>2020-12-21T18:32:32</date>
  <millis>1608550352774</millis>
  <sequence>219</sequence>
  <level>INFO</level>
  <class>com.kms.katalon.core.logging.XmlKeywordLogger</class>
  <method>logMessage</method>
  <thread>1</thread>
  <message>This Katalon Studio version has been deprecated. Please upgrade Katalon Studio to the latest version.</message>
  <nestedLevel>0</nestedLevel>
</record>
<record>
  <date>2020-12-21T18:32:32</date>
  <millis>1608550352844</millis>
  <sequence>386</sequence>
  <level>INFO</level>
  <class>com.kms.katalon.core.logging.XmlKeywordLogger</class>
  <method>logMessage</method>
  <thread>1</thread>
  <message>Start generating HTML report folder at: /Users/chaidir.pratama01/Katalon Studio/IST_Automation_Git/Reports/20201221_181020/TRIS/Send_Email_Handling/20201221_181026...</message>
  <nestedLevel>0</nestedLevel>
</record>
<record>
  <date>2020-12-21T18:32:32</date>
  <millis>1608550352893</millis>
  <sequence>387</sequence>
  <level>INFO</level>
  <class>com.kms.katalon.core.logging.XmlKeywordLogger</class>
  <method>logMessage</method>
  <thread>1</thread>
  <message>HTML report generated</message>
  <nestedLevel>0</nestedLevel>
</record>
<record>
  <date>2020-12-21T18:32:32</date>
  <millis>1608550352894</millis>
  <sequence>388</sequence>
  <level>INFO</level>
  <class>com.kms.katalon.core.logging.XmlKeywordLogger</class>
  <method>logMessage</method>
  <thread>1</thread>
  <message>Start generating CSV report folder at: /Users/chaidir.pratama01/Katalon Studio/IST_Automation_Git/Reports/20201221_181020/TRIS/Send_Email_Handling/20201221_181026...</message>
  <nestedLevel>0</nestedLevel>
</record>
<record>
  <date>2020-12-21T18:32:32</date>
  <millis>1608550352901</millis>
  <sequence>389</sequence>
  <level>INFO</level>
  <class>com.kms.katalon.core.logging.XmlKeywordLogger</class>
  <method>logMessage</method>
  <thread>1</thread>
  <message>CSV report generated</message>
  <nestedLevel>0</nestedLevel>
</record>
<record>
  <date>2020-12-21T18:32:32</date>
  <millis>1608550352902</millis>
  <sequence>390</sequence>
  <level>INFO</level>
  <class>com.kms.katalon.core.logging.XmlKeywordLogger</class>
  <method>logMessage</method>
  <thread>1</thread>
  <message>Start generating JUnit report folder at: /Users/chaidir.pratama01/Katalon Studio/IST_Automation_Git/Reports/20201221_181020/TRIS/Send_Email_Handling/20201221_181026...</message>
  <nestedLevel>0</nestedLevel>
</record>
<record>
  <date>2020-12-21T18:32:32</date>
  <millis>1608550352999</millis>
  <sequence>391</sequence>
  <level>INFO</level>
  <class>com.kms.katalon.core.logging.XmlKeywordLogger</class>
  <method>logMessage</method>
  <thread>1</thread>
  <message>JUnit report generated</message>
  <nestedLevel>0</nestedLevel>
</record>
<record>
  <date>2020-12-21T18:32:32</date>
  <millis>1608550352999</millis>
  <sequence>392</sequence>
  <level>INFO</level>
  <class>com.kms.katalon.core.logging.XmlKeywordLogger</class>
  <method>logMessage</method>
  <thread>1</thread>
  <message>Start generating PDF report folder at: /Users/chaidir.pratama01/Katalon Studio/IST_Automation_Git/Reports/20201221_181020/TRIS/Send_Email_Handling/20201221_181026...</message>
  <nestedLevel>0</nestedLevel>
</record>
<record>
  <date>2020-12-21T18:32:35</date>
  <millis>1608550355556</millis>
  <sequence>397</sequence>
  <level>WARNING</level>
  <class>com.kms.katalon.core.logging.XmlKeywordLogger</class>
  <method>logMessage</method>
  <thread>1</thread>
  <message>com.kms.katalon.core.pdf.exception.JasperReportException: Unable to export pdf to location: /Users/chaidir.pratama01/Katalon Studio/IST_Automation_Git/Reports/20201221_181020/TRIS/Send_Email_Handling/20201221_181026/20201221_181026.pdf\n\tat com.kms.katalon.core.pdf.AbstractPdfReportGenerator.exportToPDF(AbstractPdfReportGenerator.java:95)\n\tat com.kms.katalon.core.reporting.ReportWriterUtil.writePdfReport(ReportWriterUtil.java:153)\n\tat com.kms.katalon.core.reporting.ReportWriterUtil$writePdfReport$3.call(Unknown Source)\n\tat KatalonReportListener.exportKatalonReports(KatalonReportListener.groovy:54)\n\tat KatalonReportListener.invokeMethod(KatalonReportListener.groovy)\n\tat com.kms.katalon.core.context.internal.TestHooker.invokeMethod(TestHooker.java:111)\n\tat com.kms.katalon.core.context.internal.TestHooker.lambda$3(TestHooker.java:95)\n\tat com.kms.katalon.core.context.internal.TestHooker.invokeContextMethods(TestHooker.java:94)\n\tat com.kms.katalon.core.context.internal.TestListenerCollector.lambda$3(TestListenerCollector.java:88)\n\tat com.kms.katalon.core.context.internal.TestListenerCollector.handleListenerEvent(TestListenerCollector.java:85)\n\tat com.kms.katalon.core.context.internal.ExecutionEventManager.publicEvent(ExecutionEventManager.java:36)\n\tat com.kms.katalon.core.main.TestSuiteExecutor.execute(TestSuiteExecutor.java:98)\n\tat com.kms.katalon.core.main.TestCaseMain.startTestSuite(TestCaseMain.java:157)\n\tat com.kms.katalon.core.main.TestCaseMain$startTestSuite$0.call(Unknown Source)\n\tat TempTestSuite1608549026975.run(TempTestSuite1608549026975.groovy:39)\nCaused by: net.sf.jasperreports.engine.fill.JRExpressionEvalException: Error evaluating expression for source text: net.sf.jasperreports.engine.JasperCompileManager.compileReport(com.kms.katalon.core.pdf.ResourceUtil.getResourceAsInputStream(com.kms.katalon.core.pdf.AbstractPdfReportGenerator.class, $P{TEST_CASE_TPL}))\n\tat net.sf.jasperreports.engine.fill.JREvaluator.evaluate(JREvaluator.java:291)\n\tat net.sf.jasperreports.engine.fill.JRCalculator.evaluate(JRCalculator.java:618)\n\tat net.sf.jasperreports.engine.fill.JRCalculator.evaluate(JRCalculator.java:586)\n\tat net.sf.jasperreports.engine.fill.JRFillElement.evaluateExpression(JRFillElement.java:1020)\n\tat net.sf.jasperreports.engine.fill.JRFillSubreport.evaluateReport(JRFillSubreport.java:360)\n\tat net.sf.jasperreports.engine.fill.JRFillSubreport.evaluateSubreport(JRFillSubreport.java:437)\n\tat net.sf.jasperreports.engine.fill.JRFillSubreport.evaluate(JRFillSubreport.java:351)\n\tat net.sf.jasperreports.engine.fill.JRFillElementContainer.evaluate(JRFillElementContainer.java:281)\n\tat net.sf.jasperreports.engine.fill.JRFillBand.evaluate(JRFillBand.java:504)\n\tat net.sf.jasperreports.engine.fill.JRVerticalFiller.fillSummaryNoLastFooterNewPage(JRVerticalFiller.java:1183)\n\tat net.sf.jasperreports.engine.fill.JRVerticalFiller.fillSummary(JRVerticalFiller.java:1033)\n\tat net.sf.jasperreports.engine.fill.JRVerticalFiller.fillReportEnd(JRVerticalFiller.java:290)\n\tat net.sf.jasperreports.engine.fill.JRVerticalFiller.fillReport(JRVerticalFiller.java:126)\n\tat net.sf.jasperreports.engine.fill.JRBaseFiller.fill(JRBaseFiller.java:558)\n\tat net.sf.jasperreports.engine.fill.BaseReportFiller.fill(BaseReportFiller.java:414)\n\tat net.sf.jasperreports.engine.fill.JRFiller.fill(JRFiller.java:122)\n\tat net.sf.jasperreports.engine.JasperFillManager.fill(JasperFillManager.java:667)\n\tat net.sf.jasperreports.engine.JasperFillManager.fillReport(JasperFillManager.java:983)\n\tat com.kms.katalon.core.pdf.AbstractPdfReportGenerator.exportToPDF(AbstractPdfReportGenerator.java:89)\n\t... 14 more\nCaused by: java.lang.NoClassDefFoundError: org/eclipse/core/runtime/Plugin\n\tat org.codehaus.jdt.groovy.integration.LanguageSupportFactory.tryInstantiate(LanguageSupportFactory.java:143)\n\tat org.codehaus.jdt.groovy.integration.LanguageSupportFactory.getLanguageSupport(LanguageSupportFactory.java:128)\n\tat org.codehaus.jdt.groovy.integration.LanguageSupportFactory.getParser(LanguageSupportFactory.java:57)\n\tat org.eclipse.jdt.internal.compiler.Compiler.initializeParser(Compiler.java:836)\n\tat org.eclipse.jdt.internal.compiler.Compiler.&amp;lt;init&amp;gt;(Compiler.java:300)\n\tat org.eclipse.jdt.internal.compiler.Compiler.&amp;lt;init&amp;gt;(Compiler.java:114)\n\tat net.sf.jasperreports.engine.design.JRJdtCompiler.compileUnits(JRJdtCompiler.java:167)\n\tat net.sf.jasperreports.engine.design.JRAbstractCompiler.compileReport(JRAbstractCompiler.java:212)\n\tat net.sf.jasperreports.engine.JasperCompileManager.compile(JasperCompileManager.java:357)\n\tat net.sf.jasperreports.engine.JasperCompileManager.compile(JasperCompileManager.java:343)\n\tat net.sf.jasperreports.engine.JasperCompileManager.compileReport(JasperCompileManager.java:608)\n\tat net.sf.jasperreports.engine.JasperCompileManager$compileReport.call(Unknown Source)\n\tat User32Overview_1608550353816_40643.evaluate(calculator_User32Overview_1608550353816_40643:280)\n\tat net.sf.jasperreports.engine.fill.JREvaluator.evaluate(JREvaluator.java:277)\n\t... 32 more\nCaused by: java.lang.ClassNotFoundException: org.eclipse.core.runtime.Plugin\n\t... 46 more\n</message>
  <nestedLevel>0</nestedLevel>
</record>
<record>
  <date>2020-12-21T18:32:35</date>
  <millis>1608550355560</millis>
  <sequence>399</sequence>
  <level>END</level>
  <class>com.kms.katalon.core.logging.XmlKeywordLogger</class>
  <method>endKeyword</method>
  <thread>1</thread>
  <message>End listener action : exportKatalonReports</message>
  <nestedLevel>0</nestedLevel>
</record>
<record>
  <date>2020-12-21T18:32:35</date>
  <millis>1608550355587</millis>
  <sequence>400</sequence>
  <level>END</level>
  <class>com.kms.katalon.core.logging.XmlKeywordLogger</class>
  <method>endSuite</method>
  <thread>1</thread>
  <message>End Test Suite : Test Suites/TRIS/Send_Email_Handling</message>
  <nestedLevel>0</nestedLevel>
</record>
</log>