<?xml version="1.0" encoding="UTF-8" standalone="no"?>
<!DOCTYPE log SYSTEM "logger.dtd">
<log>
<record>
  <date>2020-10-30T10:49:23</date>
  <millis>1604029763824</millis>
  <sequence>0</sequence>
  <level>START</level>
  <class>com.kms.katalon.core.logging.XmlKeywordLogger</class>
  <method>startSuite</method>
  <thread>1</thread>
  <message>Start Test Suite : Test Suites/SLIK/TS_SLIK_Gateway_Non_Customer</message>
  <nestedLevel>0</nestedLevel>
  <property name="name">TS_SLIK_Gateway_Non_Customer</property>
  <property name="description"></property>
  <property name="id">Test Suites/SLIK/TS_SLIK_Gateway_Non_Customer</property>
  <property name="stopImmediately">false</property>
</record>
<record>
  <date>2020-10-30T10:49:23</date>
  <millis>1604029763840</millis>
  <sequence>1</sequence>
  <level>RUN_DATA</level>
  <class>com.kms.katalon.core.logging.XmlKeywordLogger</class>
  <method>logMessage</method>
  <thread>1</thread>
  <message>hostName = chaidir.pratama01 - localhost</message>
  <nestedLevel>0</nestedLevel>
  <property name="hostName">chaidir.pratama01 - localhost</property>
</record>
<record>
  <date>2020-10-30T10:49:23</date>
  <millis>1604029763840</millis>
  <sequence>2</sequence>
  <level>RUN_DATA</level>
  <class>com.kms.katalon.core.logging.XmlKeywordLogger</class>
  <method>logMessage</method>
  <thread>1</thread>
  <message>os = Mac OS X 64bit</message>
  <nestedLevel>0</nestedLevel>
  <property name="os">Mac OS X 64bit</property>
</record>
<record>
  <date>2020-10-30T10:49:23</date>
  <millis>1604029763845</millis>
  <sequence>3</sequence>
  <level>RUN_DATA</level>
  <class>com.kms.katalon.core.logging.XmlKeywordLogger</class>
  <method>logMessage</method>
  <thread>1</thread>
  <message>hostAddress = 127.0.0.1</message>
  <nestedLevel>0</nestedLevel>
  <property name="hostAddress">127.0.0.1</property>
</record>
<record>
  <date>2020-10-30T10:49:23</date>
  <millis>1604029763847</millis>
  <sequence>4</sequence>
  <level>RUN_DATA</level>
  <class>com.kms.katalon.core.logging.XmlKeywordLogger</class>
  <method>logMessage</method>
  <thread>1</thread>
  <message>katalonVersion = 7.6.0.${buildNumber}</message>
  <nestedLevel>0</nestedLevel>
  <property name="katalonVersion">7.6.0.${buildNumber}</property>
</record>
<record>
  <date>2020-10-30T10:49:23</date>
  <millis>1604029763851</millis>
  <sequence>5</sequence>
  <level>START</level>
  <class>com.kms.katalon.core.logging.XmlKeywordLogger</class>
  <method>startKeyword</method>
  <thread>1</thread>
  <message>Start listener action : beforeExportKatalonReports</message>
  <nestedLevel>0</nestedLevel>
</record>
<record>
  <date>2020-10-30T10:49:23</date>
  <millis>1604029763860</millis>
  <sequence>7</sequence>
  <level>INFO</level>
  <class>com.kms.katalon.core.logging.XmlKeywordLogger</class>
  <method>logMessage</method>
  <thread>1</thread>
  <message>This Katalon Studio version has been deprecated. Please upgrade Katalon Studio to the latest version.</message>
  <nestedLevel>0</nestedLevel>
</record>
<record>
  <date>2020-10-30T10:49:23</date>
  <millis>1604029763861</millis>
  <sequence>9</sequence>
  <level>END</level>
  <class>com.kms.katalon.core.logging.XmlKeywordLogger</class>
  <method>endKeyword</method>
  <thread>1</thread>
  <message>End listener action : beforeExportKatalonReports</message>
  <nestedLevel>0</nestedLevel>
</record>
<record>
  <date>2020-10-30T10:49:24</date>
  <millis>1604029764036</millis>
  <sequence>10</sequence>
  <level>START</level>
  <class>com.kms.katalon.core.logging.XmlKeywordLogger</class>
  <method>startTest</method>
  <thread>1</thread>
  <message>Start Test Case : Test Cases/IST_Real/SLIK/SLIK_Gateway_Non_Customer/Open Menu SLIK Gateway Non Customer</message>
  <nestedLevel>1</nestedLevel>
  <property name="name">Test Cases/IST_Real/SLIK/SLIK_Gateway_Non_Customer/Open Menu SLIK Gateway Non Customer</property>
  <property name="description"></property>
  <property name="id">Test Cases/IST_Real/SLIK/SLIK_Gateway_Non_Customer/Open Menu SLIK Gateway Non Customer</property>
  <property name="source">\\Users\\chaidir.pratama01\\Katalon Studio\\IST_Automation_Git\\Test Cases\\IST_Real\\SLIK\\SLIK_Gateway_Non_Customer\\Open Menu SLIK Gateway Non Customer.tc</property>
  <property name="tag"></property>
  <property name="isOptional">false</property>
</record>
<record>
  <date>2020-10-30T10:49:24</date>
  <millis>1604029764253</millis>
  <sequence>12</sequence>
  <level>START</level>
  <class>com.kms.katalon.core.logging.XmlKeywordLogger</class>
  <method>startKeyword</method>
  <thread>1</thread>
  <message>Start action : runFeatureFile(\&amp;quot;Include/features/IST_Real/SLIK/SLIK Gateway Non Customer/Open_Menu_SLIK_Gateway_Non_Customer.feature\&amp;quot;)</message>
  <nestedLevel>1</nestedLevel>
  <property name="startLine">18</property>
  <property name="stepIndex">1</property>
</record>
<record>
  <date>2020-10-30T10:49:24</date>
  <millis>1604029764347</millis>
  <sequence>13</sequence>
  <level>INFO</level>
  <class>com.kms.katalon.core.logging.XmlKeywordLogger</class>
  <method>logMessage</method>
  <thread>1</thread>
  <message>Starting run keyword runFeatureFile: &amp;apos;Include/features/IST_Real/SLIK/SLIK Gateway Non Customer/Open_Menu_SLIK_Gateway_Non_Customer.feature&amp;apos; and extract report to folder: &amp;apos;/Users/chaidir.pratama01/Katalon Studio/IST_Automation_Git/Reports/20201030_104916/SLIK/TS_SLIK_Gateway_Non_Customer/20201030_104916/cucumber_report/1604029764341&amp;apos;...</message>
  <nestedLevel>1</nestedLevel>
</record>
<record>
  <date>2020-10-30T10:49:24</date>
  <millis>1604029764929</millis>
  <sequence>14</sequence>
  <level>START</level>
  <class>com.kms.katalon.core.logging.XmlKeywordLogger</class>
  <method>startTest</method>
  <thread>1</thread>
  <message>Start Test Case : SCENARIO Menu SLIK Gateway Non Customer in IST and Verify Element Needed Exist</message>
  <nestedLevel>2</nestedLevel>
</record>
<record>
  <date>2020-10-30T10:49:24</date>
  <millis>1604029764930</millis>
  <sequence>15</sequence>
  <level>START</level>
  <class>com.kms.katalon.core.logging.XmlKeywordLogger</class>
  <method>startKeyword</method>
  <thread>1</thread>
  <message>Start action : Go to ISTools</message>
  <nestedLevel>2</nestedLevel>
</record>
<record>
  <date>2020-10-30T10:49:25</date>
  <millis>1604029765101</millis>
  <sequence>17</sequence>
  <level>INFO</level>
  <class>com.kms.katalon.core.logging.XmlKeywordLogger</class>
  <method>logMessage</method>
  <thread>1</thread>
  <message>Starting &amp;apos;Chrome&amp;apos; driver</message>
  <nestedLevel>2</nestedLevel>
</record>
<record>
  <date>2020-10-30T10:49:25</date>
  <millis>1604029765112</millis>
  <sequence>19</sequence>
  <level>INFO</level>
  <class>com.kms.katalon.core.logging.XmlKeywordLogger</class>
  <method>logMessage</method>
  <thread>1</thread>
  <message>User set preference: [&amp;apos;AcceptInsecureCerts&amp;apos;, &amp;apos;true&amp;apos;]</message>
  <nestedLevel>2</nestedLevel>
</record>
<record>
  <date>2020-10-30T10:49:25</date>
  <millis>1604029765112</millis>
  <sequence>20</sequence>
  <level>INFO</level>
  <class>com.kms.katalon.core.logging.XmlKeywordLogger</class>
  <method>logMessage</method>
  <thread>1</thread>
  <message>User set preference: [&amp;apos;args&amp;apos;, &amp;apos;[ignore-certificate-errors]&amp;apos;]</message>
  <nestedLevel>2</nestedLevel>
</record>
<record>
  <date>2020-10-30T10:49:25</date>
  <millis>1604029765126</millis>
  <sequence>21</sequence>
  <level>INFO</level>
  <class>com.kms.katalon.core.logging.XmlKeywordLogger</class>
  <method>logMessage</method>
  <thread>1</thread>
  <message>Action delay is set to 0 milliseconds</message>
  <nestedLevel>2</nestedLevel>
</record>
</log>
